[0.000000] (-) TimerEvent: {}
[0.000000] (ap_interfaces) JobQueued: {'identifier': 'ap_interfaces', 'dependencies': OrderedDict()}
[0.000000] (ap_interfaces) JobStarted: {'identifier': 'ap_interfaces'}
[0.063000] (ap_interfaces) JobProgress: {'identifier': 'ap_interfaces', 'progress': 'cmake'}
[0.063000] (ap_interfaces) Command: {'cmd': ['c:\\opt\\ros\\foxy\\x64\\Scripts\\cmake.EXE', 'C:\\Users\\ifate\\Documents\\ros2_airplay\\src\\ap_interfaces', '-DCMAKE_INSTALL_PREFIX=C:\\Users\\ifate\\Documents\\ros2_airplay\\install', '-G', 'Visual Studio 16 2019'], 'cwd': 'C:\\Users\\ifate\\Documents\\ros2_airplay\\build\\ap_interfaces', 'env': OrderedDict([('ALLUSERSPROFILE', 'C:\\ProgramData'), ('AMENT_PREFIX_PATH', 'c:\\opt\\ros\\foxy\\x64'), ('APPDATA', 'C:\\Users\\ifate\\AppData\\Roaming'), ('BT_PANEL', 'C:\\BtSoft\\panel'), ('BT_PYTHON', 'C:\\Program Files\\python'), ('BT_SETUP', 'C:\\BtSoft'), ('ChocolateyInstall', 'C:\\ProgramData\\chocolatey'), ('ChocolateyLastPathUpdate', '132978260262394475'), ('chocolatey_bin_root', 'C:\\Tools'), ('CMAKE_PREFIX_PATH', 'C:\\opt\\ros\\foxy\\x64\\tools\\vcpkg\\installed\\x64-windows;c:\\opt\\ros\\foxy\\x64'), ('COLCON', '1'), ('COLCON_PREFIX_PATH', 'c:\\opt\\ros\\foxy\\x64\\'), ('CommandPromptType', 'Native'), ('CommonProgramFiles', 'C:\\Program Files\\Common Files'), ('CommonProgramFiles(x86)', 'C:\\Program Files (x86)\\Common Files'), ('CommonProgramW6432', 'C:\\Program Files\\Common Files'), ('COMPUTERNAME', 'DESKTOP-15LOCBO'), ('ComSpec', 'C:\\WINDOWS\\system32\\cmd.exe'), ('DevEnvDir', 'C:\\Program Files (x86)\\Microsoft Visual Studio\\2019\\BuildTools\\Common7\\IDE\\'), ('DriverData', 'C:\\Windows\\System32\\Drivers\\DriverData'), ('ExtensionSdkDir', 'C:\\Program Files (x86)\\Microsoft SDKs\\Windows Kits\\10\\ExtensionSDKs'), ('Framework40Version', 'v4.0'), ('FrameworkDir', 'C:\\Windows\\Microsoft.NET\\Framework64\\'), ('FrameworkDir64', 'C:\\Windows\\Microsoft.NET\\Framework64\\'), ('FrameworkVersion', 'v4.0.30319'), ('FrameworkVersion64', 'v4.0.30319'), ('GNUPLOT_LIB', 'C:\\Program Files\\gnuplot\\demo;C:\\Program Files\\gnuplot\\demo\\games;C:\\Program Files\\gnuplot\\share'), ('GSTREAMER_1_0_ROOT_X86_64', 'C:\\gstreamer\\1.0\\x86_64\\'), ('GST_PLUGIN_PATH_1_0', 'C:\\gstreamer\\1.0\\x86_64\\lib\\gstreamer-1.0'), ('Home', 'C:\\Users\\ifate'), ('HOMEDRIVE', 'C:'), ('HOMEPATH', '\\Users\\ifate'), ('INCLUDE', 'C:\\Program Files (x86)\\Microsoft Visual Studio\\2019\\BuildTools\\VC\\Tools\\MSVC\\14.29.30133\\include;C:\\Program Files (x86)\\Windows Kits\\10\\include\\10.0.19041.0\\ucrt;C:\\Program Files (x86)\\Windows Kits\\10\\include\\10.0.19041.0\\shared;C:\\Program Files (x86)\\Windows Kits\\10\\include\\10.0.19041.0\\um;C:\\Program Files (x86)\\Windows Kits\\10\\include\\10.0.19041.0\\winrt;C:\\Program Files (x86)\\Windows Kits\\10\\include\\10.0.19041.0\\cppwinrt'), ('INTEL_DEV_REDIST', 'C:\\Program Files (x86)\\Common Files\\Intel\\Shared Libraries\\'), ('JAVA_HOME', 'C:\\Program Files\\Java\\jdk-11.0.7'), ('KEYSHOT9', 'C:\\Users\\Public\\Documents\\KeyShot 9'), ('LIB', 'C:\\Program Files (x86)\\Microsoft Visual Studio\\2019\\BuildTools\\VC\\Tools\\MSVC\\14.29.30133\\lib\\x64;C:\\Program Files (x86)\\Windows Kits\\10\\lib\\10.0.19041.0\\ucrt\\x64;C:\\Program Files (x86)\\Windows Kits\\10\\lib\\10.0.19041.0\\um\\x64'), ('LIBPATH', 'C:\\Program Files (x86)\\Microsoft Visual Studio\\2019\\BuildTools\\VC\\Tools\\MSVC\\14.29.30133\\lib\\x64;C:\\Program Files (x86)\\Microsoft Visual Studio\\2019\\BuildTools\\VC\\Tools\\MSVC\\14.29.30133\\lib\\x86\\store\\references;C:\\Program Files (x86)\\Windows Kits\\10\\UnionMetadata\\10.0.19041.0;C:\\Program Files (x86)\\Windows Kits\\10\\References\\10.0.19041.0;C:\\Windows\\Microsoft.NET\\Framework64\\v4.0.30319'), ('LOCALAPPDATA', 'C:\\Users\\ifate\\AppData\\Local'), ('LOGONSERVER', '\\\\DESKTOP-15LOCBO'), ('MIC_LD_LIBRARY_PATH', 'C:\\Program Files (x86)\\Common Files\\Intel\\Shared Libraries\\compiler\\lib\\mic'), ('NUMBER_OF_PROCESSORS', '8'), ('OneDrive', 'C:\\Users\\ifate\\OneDrive'), ('OneDriveConsumer', 'C:\\Users\\ifate\\OneDrive'), ('OnlineServices', 'Online Services'), ('OpenCV_DIR', 'C:\\opencv'), ('OPENSSL_CONF', 'C:\\Program Files\\OpenSSL-Win64\\bin\\openssl.cfg'), ('OS', 'Windows_NT'), ('Path', 'c:\\opt\\ros\\foxy\\x64\\opt\\rviz_ogre_vendor\\bin;C:\\opt\\ros\\foxy\\x64\\tools\\vcpkg\\installed\\x64-windows\\bin;C:\\opt\\ros\\foxy\\x64\\tools\\vcpkg;c:\\opt\\ros\\foxy\\x64\\Scripts;c:\\opt\\ros\\foxy\\x64\\bin;c:\\opt\\ros\\foxy\\x64\\;C:\\Program Files (x86)\\Microsoft Visual Studio\\2019\\BuildTools\\VC\\Tools\\MSVC\\14.29.30133\\bin\\HostX64\\x64;C:\\Program Files (x86)\\Microsoft Visual Studio\\2019\\BuildTools\\Common7\\IDE\\VC\\VCPackages;C:\\Program Files (x86)\\Microsoft Visual Studio\\2019\\BuildTools\\Common7\\IDE\\CommonExtensions\\Microsoft\\TestWindow;C:\\Program Files (x86)\\Microsoft Visual Studio\\2019\\BuildTools\\Common7\\IDE\\CommonExtensions\\Microsoft\\TeamFoundation\\Team Explorer;C:\\Program Files (x86)\\Microsoft Visual Studio\\2019\\BuildTools\\MSBuild\\Current\\bin\\Roslyn;C:\\Program Files (x86)\\Microsoft Visual Studio\\2019\\BuildTools\\Common7\\Tools\\devinit;C:\\Program Files (x86)\\Windows Kits\\10\\bin\\10.0.19041.0\\x64;C:\\Program Files (x86)\\Windows Kits\\10\\bin\\x64;C:\\Program Files (x86)\\Microsoft Visual Studio\\2019\\BuildTools\\\\MSBuild\\Current\\Bin;C:\\Windows\\Microsoft.NET\\Framework64\\v4.0.30319;C:\\Program Files (x86)\\Microsoft Visual Studio\\2019\\BuildTools\\Common7\\IDE\\;C:\\Program Files (x86)\\Microsoft Visual Studio\\2019\\BuildTools\\Common7\\Tools\\;C:\\Python38\\Scripts\\;C:\\Python38\\;C:\\Python310\\Scripts\\;C:\\Python310\\;C:\\Python35\\Scripts\\;C:\\Python35\\;C:\\Program Files (x86)\\Common Files\\Intel\\Shared Libraries\\redist\\intel64\\compiler;C:\\windows\\system32;C:\\windows;C:\\windows\\System32\\Wbem;C:\\windows\\System32\\WindowsPowerShell\\v1.0\\;C:\\windows\\System32\\OpenSSH\\;C:\\Program Files (x86)\\NVIDIA Corporation\\PhysX\\Common;C:\\Program Files\\Java\\jdk-11.0.7\\bin;C:\\Program Files\\python;C:\\Program Files\\python\\Scripts;C:\\BtSoft\\panel\\script;C:\\Program Files (x86)\\Calibre2\\;C:\\WINDOWS\\system32;C:\\WINDOWS;C:\\WINDOWS\\System32\\Wbem;C:\\WINDOWS\\System32\\WindowsPowerShell\\v1.0\\;C:\\WINDOWS\\System32\\OpenSSH\\;C:\\gstreamer\\1.0\\x86_64\\bin;C:\\mingw64\\bin;C:\\Program Files\\PuTTY\\;C:\\Program Files\\nodejs\\;C:\\ProgramData\\chocolatey\\bin;C:\\Strawberry\\c\\bin;C:\\Strawberry\\perl\\site\\bin;C:\\Strawberry\\perl\\bin;C:\\Program Files\\Pandoc\\;C:\\Program Files\\OpenSSL-Win64\\bin\\;C:\\opencv\\x64\\vc16\\bin;C:\\Program Files\\CMake\\bin;C:\\ProgramData\\chocolatey\\lib\\cunit\\lib;C:\\ProgramData\\chocolatey\\lib\\tinyxml2\\lib;C:\\ProgramData\\chocolatey\\lib\\log4cxx\\lib;C:\\ProgramData\\chocolatey\\lib\\bullet\\lib;C:\\Program Files\\Graphviz\\bin;C:\\Program Files\\Git\\cmd;C:\\Program Files\\MATLAB\\R2022a\\bin;C:\\Users\\ifate\\AppData\\Local\\Microsoft\\WindowsApps;C:\\Users\\ifate\\AppData\\Local\\GitHubDesktop\\bin;C:\\Users\\ifate\\AppData\\Local\\Programs\\Microsoft VS Code\\bin;C:\\Users\\ifate\\AppData\\Roaming\\npm;C:\\Program Files (x86)\\Brackets\\;C:\\Users\\ifate\\AppData\\Roaming\\TinyTeX\\bin\\win32;C:\\Program Files (x86)\\Microsoft Visual Studio\\2019\\BuildTools\\Common7\\IDE\\CommonExtensions\\Microsoft\\CMake\\CMake\\bin;C:\\Program Files (x86)\\Microsoft Visual Studio\\2019\\BuildTools\\Common7\\IDE\\CommonExtensions\\Microsoft\\CMake\\Ninja'), ('PATHEXT', '.COM;.EXE;.BAT;.CMD;.VBS;.VBE;.JS;.JSE;.WSF;.WSH;.MSC;.PY;.PYW'), ('PKG_CONFIG_PATH', 'c:\\opt\\ros\\foxy\\x64\\lib\\pkgconfig'), ('Platform', 'x64'), ('platformcode', 'AN'), ('PROCESSOR_ARCHITECTURE', 'AMD64'), ('PROCESSOR_IDENTIFIER', 'Intel64 Family 6 Model 142 Stepping 12, GenuineIntel'), ('PROCESSOR_LEVEL', '6'), ('PROCESSOR_REVISION', '8e0c'), ('ProgramData', 'C:\\ProgramData'), ('ProgramFiles', 'C:\\Program Files'), ('ProgramFiles(x86)', 'C:\\Program Files (x86)'), ('ProgramW6432', 'C:\\Program Files'), ('PROMPT', '$P$G'), ('PSModulePath', 'C:\\Program Files\\WindowsPowerShell\\Modules;C:\\WINDOWS\\system32\\WindowsPowerShell\\v1.0\\Modules'), ('PUBLIC', 'C:\\Users\\Public'), ('PYTHONPATH', 'c:\\opt\\ros\\foxy\\x64\\Lib\\site-packages'), ('RegionCode', 'APJ'), ('ROS_DISTRO', 'foxy'), ('ROS_ETC_DIR', 'C:\\opt\\ros\\foxy\\x64\\etc\\ros'), ('ROS_LOCALHOST_ONLY', '0'), ('ROS_PYTHON_VERSION', '3'), ('ROS_VERSION', '2'), ('SDF_PATH', 'C:\\opt\\ros\\foxy\\x64\\share\\sdformat\\1.6'), ('SystemDrive', 'C:'), ('SystemRoot', 'C:\\WINDOWS'), ('TEMP', 'C:\\Users\\ifate\\AppData\\Local\\Temp'), ('TMP', 'C:\\Users\\ifate\\AppData\\Local\\Temp'), ('UCRTVersion', '10.0.19041.0'), ('UniversalCRTSdkDir', 'C:\\Program Files (x86)\\Windows Kits\\10\\'), ('UNRAR_LIB_PATH', 'C:\\Program Files\\python\\Lib\\site-packages\\unrar\\UnRAR.dll'), ('USERDOMAIN', 'DESKTOP-15LOCBO'), ('USERDOMAIN_ROAMINGPROFILE', 'DESKTOP-15LOCBO'), ('USERNAME', 'ifate'), ('USERPROFILE', 'C:\\Users\\ifate'), ('VCIDEInstallDir', 'C:\\Program Files (x86)\\Microsoft Visual Studio\\2019\\BuildTools\\Common7\\IDE\\VC\\'), ('VCINSTALLDIR', 'C:\\Program Files (x86)\\Microsoft Visual Studio\\2019\\BuildTools\\VC\\'), ('VCPKG_DEFAULT_TRIPLET', 'x64-windows'), ('VCPKG_ROOT', 'C:\\opt\\ros\\foxy\\x64\\tools\\vcpkg'), ('VCToolsInstallDir', 'C:\\Program Files (x86)\\Microsoft Visual Studio\\2019\\BuildTools\\VC\\Tools\\MSVC\\14.29.30133\\'), ('VCToolsRedistDir', 'C:\\Program Files (x86)\\Microsoft Visual Studio\\2019\\BuildTools\\VC\\Redist\\MSVC\\14.29.30133\\'), ('VCToolsVersion', '14.29.30133'), ('VisualStudioVersion', '16.0'), ('VS160COMNTOOLS', 'C:\\Program Files (x86)\\Microsoft Visual Studio\\2019\\BuildTools\\Common7\\Tools\\'), ('VSCMD_ARG_app_plat', 'Desktop'), ('VSCMD_ARG_HOST_ARCH', 'x64'), ('VSCMD_ARG_TGT_ARCH', 'x64'), ('VSCMD_VER', '16.11.7'), ('VSINSTALLDIR', 'C:\\Program Files (x86)\\Microsoft Visual Studio\\2019\\BuildTools\\'), ('windir', 'C:\\WINDOWS'), ('WindowsLibPath', 'C:\\Program Files (x86)\\Windows Kits\\10\\UnionMetadata\\10.0.19041.0;C:\\Program Files (x86)\\Windows Kits\\10\\References\\10.0.19041.0'), ('WindowsSdkBinPath', 'C:\\Program Files (x86)\\Windows Kits\\10\\bin\\'), ('WindowsSdkDir', 'C:\\Program Files (x86)\\Windows Kits\\10\\'), ('WindowsSDKLibVersion', '10.0.19041.0\\'), ('WindowsSdkVerBinPath', 'C:\\Program Files (x86)\\Windows Kits\\10\\bin\\10.0.19041.0\\'), ('WindowsSDKVersion', '10.0.19041.0\\'), ('ZES_ENABLE_SYSMAN', '1'), ('__devinit_path', 'C:\\Program Files (x86)\\Microsoft Visual Studio\\2019\\BuildTools\\Common7\\Tools\\devinit\\devinit.exe'), ('__DOTNET_ADD_64BIT', '1'), ('__DOTNET_PREFERRED_BITNESS', '64'), ('__VSCMD_PREINIT_PATH', 'C:\\Python38\\Scripts\\;C:\\Python38\\;C:\\Python310\\Scripts\\;C:\\Python310\\;C:\\Python35\\Scripts\\;C:\\Python35\\;C:\\Program Files (x86)\\Common Files\\Intel\\Shared Libraries\\redist\\intel64\\compiler;C:\\windows\\system32;C:\\windows;C:\\windows\\System32\\Wbem;C:\\windows\\System32\\WindowsPowerShell\\v1.0\\;C:\\windows\\System32\\OpenSSH\\;C:\\Program Files (x86)\\NVIDIA Corporation\\PhysX\\Common;C:\\Program Files\\Java\\jdk-11.0.7\\bin;C:\\Program Files\\python;C:\\Program Files\\python\\Scripts;C:\\BtSoft\\panel\\script;C:\\Program Files (x86)\\Calibre2\\;C:\\WINDOWS\\system32;C:\\WINDOWS;C:\\WINDOWS\\System32\\Wbem;C:\\WINDOWS\\System32\\WindowsPowerShell\\v1.0\\;C:\\WINDOWS\\System32\\OpenSSH\\;C:\\gstreamer\\1.0\\x86_64\\bin;C:\\mingw64\\bin;C:\\Program Files\\PuTTY\\;C:\\Program Files\\nodejs\\;C:\\ProgramData\\chocolatey\\bin;C:\\Strawberry\\c\\bin;C:\\Strawberry\\perl\\site\\bin;C:\\Strawberry\\perl\\bin;C:\\Program Files\\Pandoc\\;C:\\Program Files\\OpenSSL-Win64\\bin\\;C:\\opencv\\x64\\vc16\\bin;C:\\Program Files\\CMake\\bin;C:\\ProgramData\\chocolatey\\lib\\cunit\\lib;C:\\ProgramData\\chocolatey\\lib\\tinyxml2\\lib;C:\\ProgramData\\chocolatey\\lib\\log4cxx\\lib;C:\\ProgramData\\chocolatey\\lib\\bullet\\lib;C:\\Program Files\\Graphviz\\bin;C:\\Program Files\\Git\\cmd;C:\\Program Files\\MATLAB\\R2022a\\bin;C:\\Users\\ifate\\AppData\\Local\\Microsoft\\WindowsApps;C:\\Users\\ifate\\AppData\\Local\\GitHubDesktop\\bin;C:\\Users\\ifate\\AppData\\Local\\Programs\\Microsoft VS Code\\bin;C:\\Users\\ifate\\AppData\\Roaming\\npm;C:\\Program Files (x86)\\Brackets\\;C:\\Users\\ifate\\AppData\\Roaming\\TinyTeX\\bin\\win32')]), 'shell': False}
[0.094000] (-) TimerEvent: {}
[0.203000] (-) TimerEvent: {}
[0.313000] (-) TimerEvent: {}
[0.407000] (ap_interfaces) StdoutLine: {'line': b'-- Selecting Windows SDK version 10.0.19041.0 to target Windows 10.0.19044.\n'}
[0.422000] (-) TimerEvent: {}
[0.532000] (-) TimerEvent: {}
[0.641000] (-) TimerEvent: {}
[0.750000] (-) TimerEvent: {}
[0.860000] (-) TimerEvent: {}
[0.969000] (-) TimerEvent: {}
[1.078000] (-) TimerEvent: {}
[1.188000] (-) TimerEvent: {}
[1.297000] (-) TimerEvent: {}
[1.407000] (-) TimerEvent: {}
[1.516000] (-) TimerEvent: {}
[1.625000] (-) TimerEvent: {}
[1.735000] (-) TimerEvent: {}
[1.844000] (-) TimerEvent: {}
[1.953000] (-) TimerEvent: {}
[2.063000] (-) TimerEvent: {}
[2.172000] (-) TimerEvent: {}
[2.282000] (-) TimerEvent: {}
[2.391000] (-) TimerEvent: {}
[2.500000] (-) TimerEvent: {}
[2.625000] (-) TimerEvent: {}
[2.735000] (-) TimerEvent: {}
[2.860000] (-) TimerEvent: {}
[2.969000] (-) TimerEvent: {}
[3.078000] (-) TimerEvent: {}
[3.188000] (-) TimerEvent: {}
[3.297000] (-) TimerEvent: {}
[3.407000] (-) TimerEvent: {}
[3.516000] (-) TimerEvent: {}
[3.625000] (-) TimerEvent: {}
[3.735000] (-) TimerEvent: {}
[3.844000] (-) TimerEvent: {}
[3.953000] (-) TimerEvent: {}
[4.063000] (-) TimerEvent: {}
[4.078000] (ap_interfaces) StdoutLine: {'line': b'-- The C compiler identification is MSVC 19.29.30137.0\n'}
[4.172000] (-) TimerEvent: {}
[4.282000] (-) TimerEvent: {}
[4.391000] (-) TimerEvent: {}
[4.500000] (-) TimerEvent: {}
[4.625000] (-) TimerEvent: {}
[4.735000] (-) TimerEvent: {}
[4.844000] (-) TimerEvent: {}
[4.953000] (-) TimerEvent: {}
[5.063000] (-) TimerEvent: {}
[5.188000] (-) TimerEvent: {}
[5.297000] (-) TimerEvent: {}
[5.391000] (ap_interfaces) StdoutLine: {'line': b'-- The CXX compiler identification is MSVC 19.29.30137.0\n'}
[5.407000] (-) TimerEvent: {}
[5.516000] (-) TimerEvent: {}
[5.625000] (-) TimerEvent: {}
[5.719000] (ap_interfaces) StdoutLine: {'line': b'-- Detecting C compiler ABI info\n'}
[5.735000] (-) TimerEvent: {}
[5.844000] (-) TimerEvent: {}
[5.953000] (-) TimerEvent: {}
[6.063000] (-) TimerEvent: {}
[6.172000] (-) TimerEvent: {}
[6.282000] (-) TimerEvent: {}
[6.391000] (-) TimerEvent: {}
[6.500000] (-) TimerEvent: {}
[6.610000] (-) TimerEvent: {}
[6.719000] (-) TimerEvent: {}
[6.828000] (-) TimerEvent: {}
[6.860000] (ap_interfaces) StdoutLine: {'line': b'-- Detecting C compiler ABI info - done\n'}
[6.860000] (ap_interfaces) StdoutLine: {'line': b'-- Check for working C compiler: C:/Program Files (x86)/Microsoft Visual Studio/2019/BuildTools/VC/Tools/MSVC/14.29.30133/bin/Hostx64/x64/cl.exe - skipped\n'}
[6.860000] (ap_interfaces) StdoutLine: {'line': b'-- Detecting C compile features\n'}
[6.875000] (ap_interfaces) StdoutLine: {'line': b'-- Detecting C compile features - done\n'}
[6.938000] (ap_interfaces) StdoutLine: {'line': b'-- Detecting CXX compiler ABI info\n'}
[6.938000] (-) TimerEvent: {}
[7.047000] (-) TimerEvent: {}
[7.157000] (-) TimerEvent: {}
[7.266000] (-) TimerEvent: {}
[7.375000] (-) TimerEvent: {}
[7.485000] (-) TimerEvent: {}
[7.594000] (-) TimerEvent: {}
[7.703000] (-) TimerEvent: {}
[7.813000] (-) TimerEvent: {}
[7.922000] (-) TimerEvent: {}
[8.016000] (ap_interfaces) StdoutLine: {'line': b'-- Detecting CXX compiler ABI info - done\n'}
[8.016000] (ap_interfaces) StdoutLine: {'line': b'-- Check for working CXX compiler: C:/Program Files (x86)/Microsoft Visual Studio/2019/BuildTools/VC/Tools/MSVC/14.29.30133/bin/Hostx64/x64/cl.exe - skipped\n'}
[8.016000] (ap_interfaces) StdoutLine: {'line': b'-- Detecting CXX compile features\n'}
[8.016000] (ap_interfaces) StdoutLine: {'line': b'-- Detecting CXX compile features - done\n'}
[8.032000] (-) TimerEvent: {}
[8.141000] (ap_interfaces) StdoutLine: {'line': b'-- Found ament_cmake: 0.9.9 (C:/opt/ros/foxy/x64/share/ament_cmake/cmake)\n'}
[8.141000] (-) TimerEvent: {}
[8.250000] (-) TimerEvent: {}
[8.360000] (-) TimerEvent: {}
[8.469000] (-) TimerEvent: {}
[8.578000] (-) TimerEvent: {}
[8.625000] (ap_interfaces) StdoutLine: {'line': b'-- Found PythonInterp: C:/opt/ros/foxy/x64/python.exe (found suitable version "3.8.3", minimum required is "3") \n'}
[8.625000] (ap_interfaces) StdoutLine: {'line': b'-- Using PYTHON_EXECUTABLE: C:/opt/ros/foxy/x64/python.exe\n'}
[8.688000] (-) TimerEvent: {}
[8.797000] (-) TimerEvent: {}
[8.907000] (-) TimerEvent: {}
[9.016000] (-) TimerEvent: {}
[9.125000] (-) TimerEvent: {}
[9.235000] (-) TimerEvent: {}
[9.344000] (-) TimerEvent: {}
[9.453000] (-) TimerEvent: {}
[9.563000] (-) TimerEvent: {}
[9.672000] (-) TimerEvent: {}
[9.782000] (-) TimerEvent: {}
[9.891000] (-) TimerEvent: {}
[10.016000] (-) TimerEvent: {}
[10.125000] (-) TimerEvent: {}
[10.235000] (-) TimerEvent: {}
[10.250000] (ap_interfaces) StdoutLine: {'line': b'-- Found rosidl_default_generators: 1.0.1 (C:/opt/ros/foxy/x64/share/rosidl_default_generators/cmake)\n'}
[10.344000] (-) TimerEvent: {}
[10.344000] (ap_interfaces) StdoutLine: {'line': b'-- Using all available rosidl_typesupport_c: rosidl_typesupport_fastrtps_c;rosidl_typesupport_introspection_c\n'}
[10.453000] (-) TimerEvent: {}
[10.516000] (ap_interfaces) StdoutLine: {'line': b'-- Found rosidl_adapter: 1.2.1 (C:/opt/ros/foxy/x64/share/rosidl_adapter/cmake)\n'}
[10.563000] (-) TimerEvent: {}
[10.672000] (-) TimerEvent: {}
[10.782000] (-) TimerEvent: {}
[10.891000] (-) TimerEvent: {}
[11.000000] (-) TimerEvent: {}
[11.078000] (ap_interfaces) StdoutLine: {'line': b'-- Found OpenSSL: optimized;C:/opt/ros/foxy/x64/Lib/libcrypto.lib;debug;C:/Program Files/OpenSSL-Win64/lib/VC/libcrypto64MDd.lib (found version "1.1.1g")  \n'}
[11.110000] (-) TimerEvent: {}
[11.219000] (-) TimerEvent: {}
[11.328000] (-) TimerEvent: {}
[11.360000] (ap_interfaces) StdoutLine: {'line': b'-- Found FastRTPS: C:/opt/ros/foxy/x64/include  \n'}
[11.438000] (-) TimerEvent: {}
[11.547000] (-) TimerEvent: {}
[11.657000] (-) TimerEvent: {}
[11.766000] (-) TimerEvent: {}
[11.875000] (-) TimerEvent: {}
[11.985000] (-) TimerEvent: {}
[12.094000] (-) TimerEvent: {}
[12.203000] (-) TimerEvent: {}
[12.313000] (-) TimerEvent: {}
[12.422000] (-) TimerEvent: {}
[12.516000] (ap_interfaces) StdoutLine: {'line': b'-- Using all available rosidl_typesupport_cpp: rosidl_typesupport_fastrtps_cpp;rosidl_typesupport_introspection_cpp\n'}
[12.532000] (-) TimerEvent: {}
[12.641000] (-) TimerEvent: {}
[12.750000] (-) TimerEvent: {}
[12.860000] (-) TimerEvent: {}
[12.969000] (-) TimerEvent: {}
[13.078000] (-) TimerEvent: {}
[13.094000] (ap_interfaces) StdoutLine: {'line': b'-- Found PythonInterp: C:/opt/ros/foxy/x64/python.exe (found version "3.8.3") \n'}
[13.188000] (-) TimerEvent: {}
[13.297000] (-) TimerEvent: {}
[13.407000] (-) TimerEvent: {}
[13.516000] (-) TimerEvent: {}
[13.625000] (-) TimerEvent: {}
[13.688000] (ap_interfaces) StdoutLine: {'line': b'-- Found ament_cmake_ros: 0.9.2 (C:/opt/ros/foxy/x64/share/ament_cmake_ros/cmake)\n'}
[13.735000] (-) TimerEvent: {}
[13.844000] (-) TimerEvent: {}
[13.953000] (-) TimerEvent: {}
[14.063000] (-) TimerEvent: {}
[14.172000] (-) TimerEvent: {}
[14.297000] (-) TimerEvent: {}
[14.344000] (ap_interfaces) StdoutLine: {'line': b'-- Using all available rosidl_typesupport_c: rosidl_typesupport_fastrtps_c;rosidl_typesupport_introspection_c\n'}
[14.407000] (-) TimerEvent: {}
[14.485000] (ap_interfaces) StdoutLine: {'line': b'-- Using all available rosidl_typesupport_cpp: rosidl_typesupport_fastrtps_cpp;rosidl_typesupport_introspection_cpp\n'}
[14.516000] (-) TimerEvent: {}
[14.563000] (ap_interfaces) StdoutLine: {'line': b'-- Found PythonInterp: C:/opt/ros/foxy/x64/python.exe (found suitable version "3.8.3", minimum required is "3.5") \n'}
[14.610000] (ap_interfaces) StdoutLine: {'line': b'-- Found python_cmake_module: 0.8.1 (C:/opt/ros/foxy/x64/share/python_cmake_module/cmake)\n'}
[14.625000] (-) TimerEvent: {}
[14.719000] (ap_interfaces) StdoutLine: {'line': b'-- Found PythonLibs: optimized;C:/opt/ros/foxy/x64/Lib/python38.lib;debug;C:/Python38/libs/python38_d.lib (found suitable version "3.8.3", minimum required is "3.5") \n'}
[14.719000] (ap_interfaces) StdoutLine: {'line': b'-- Using PYTHON_EXECUTABLE: C:/opt/ros/foxy/x64/python.exe\n'}
[14.719000] (ap_interfaces) StdoutLine: {'line': b'-- Using PYTHON_INCLUDE_DIRS: C:/opt/ros/foxy/x64/include/python3.8\n'}
[14.719000] (ap_interfaces) StdoutLine: {'line': b'-- Using PYTHON_LIBRARIES: optimized;C:/opt/ros/foxy/x64/Lib/python38.lib;debug;C:/Python38/libs/python38_d.lib\n'}
[14.750000] (-) TimerEvent: {}
[14.782000] (ap_interfaces) StdoutLine: {'line': b'-- Found PythonExtra: .pyd  \n'}
[14.860000] (-) TimerEvent: {}
[14.969000] (-) TimerEvent: {}
[15.078000] (-) TimerEvent: {}
[15.141000] (ap_interfaces) StdoutLine: {'line': b'-- Using numpy include directory: C:\\opt\\ros\\foxy\\x64\\lib\\site-packages\\numpy\\core\\include\n'}
[15.203000] (-) TimerEvent: {}
[15.250000] (ap_interfaces) StdoutLine: {'line': b'-- Found ament_lint_auto: 0.9.6 (C:/opt/ros/foxy/x64/share/ament_lint_auto/cmake)\n'}
[15.313000] (-) TimerEvent: {}
[15.422000] (-) TimerEvent: {}
[15.532000] (-) TimerEvent: {}
[15.641000] (-) TimerEvent: {}
[15.750000] (-) TimerEvent: {}
[15.860000] (-) TimerEvent: {}
[15.969000] (-) TimerEvent: {}
[16.032000] (ap_interfaces) StdoutLine: {'line': b"-- Added test 'copyright' to check source files copyright and LICENSE\n"}
[16.078000] (-) TimerEvent: {}
[16.125000] (ap_interfaces) StdoutLine: {'line': b"-- Added test 'lint_cmake' to check CMake code style\n"}
[16.188000] (ap_interfaces) StdoutLine: {'line': b"-- Added test 'xmllint' to check XML markup files\n"}
[16.188000] (-) TimerEvent: {}
[16.297000] (-) TimerEvent: {}
[16.313000] (ap_interfaces) StdoutLine: {'line': b'-- Configuring done\n'}
[16.407000] (-) TimerEvent: {}
[16.516000] (-) TimerEvent: {}
[16.625000] (-) TimerEvent: {}
[16.735000] (-) TimerEvent: {}
[16.844000] (-) TimerEvent: {}
[16.953000] (-) TimerEvent: {}
[17.000000] (ap_interfaces) StdoutLine: {'line': b'-- Generating done\n'}
[17.047000] (ap_interfaces) StdoutLine: {'line': b'-- Build files have been written to: C:/Users/ifate/Documents/ros2_airplay/build/ap_interfaces\n'}
[17.063000] (-) TimerEvent: {}
[17.078000] (ap_interfaces) CommandEnded: {'returncode': 0}
[17.078000] (ap_interfaces) JobProgress: {'identifier': 'ap_interfaces', 'progress': 'build'}
[17.078000] (ap_interfaces) Command: {'cmd': ['c:\\opt\\ros\\foxy\\x64\\Scripts\\cmake.EXE', '--build', 'C:\\Users\\ifate\\Documents\\ros2_airplay\\build\\ap_interfaces', '--config', 'Release'], 'cwd': 'C:\\Users\\ifate\\Documents\\ros2_airplay\\build\\ap_interfaces', 'env': {'ALLUSERSPROFILE': 'C:\\ProgramData', 'AMENT_PREFIX_PATH': 'c:\\opt\\ros\\foxy\\x64', 'APPDATA': 'C:\\Users\\ifate\\AppData\\Roaming', 'BT_PANEL': 'C:\\BtSoft\\panel', 'BT_PYTHON': 'C:\\Program Files\\python', 'BT_SETUP': 'C:\\BtSoft', 'ChocolateyInstall': 'C:\\ProgramData\\chocolatey', 'ChocolateyLastPathUpdate': '132978260262394475', 'chocolatey_bin_root': 'C:\\Tools', 'CMAKE_PREFIX_PATH': 'C:\\opt\\ros\\foxy\\x64\\tools\\vcpkg\\installed\\x64-windows;c:\\opt\\ros\\foxy\\x64', 'COLCON': '1', 'COLCON_PREFIX_PATH': 'c:\\opt\\ros\\foxy\\x64\\', 'CommandPromptType': 'Native', 'CommonProgramFiles': 'C:\\Program Files\\Common Files', 'CommonProgramFiles(x86)': 'C:\\Program Files (x86)\\Common Files', 'CommonProgramW6432': 'C:\\Program Files\\Common Files', 'COMPUTERNAME': 'DESKTOP-15LOCBO', 'ComSpec': 'C:\\WINDOWS\\system32\\cmd.exe', 'DevEnvDir': 'C:\\Program Files (x86)\\Microsoft Visual Studio\\2019\\BuildTools\\Common7\\IDE\\', 'DriverData': 'C:\\Windows\\System32\\Drivers\\DriverData', 'ExtensionSdkDir': 'C:\\Program Files (x86)\\Microsoft SDKs\\Windows Kits\\10\\ExtensionSDKs', 'Framework40Version': 'v4.0', 'FrameworkDir': 'C:\\Windows\\Microsoft.NET\\Framework64\\', 'FrameworkDir64': 'C:\\Windows\\Microsoft.NET\\Framework64\\', 'FrameworkVersion': 'v4.0.30319', 'FrameworkVersion64': 'v4.0.30319', 'GNUPLOT_LIB': 'C:\\Program Files\\gnuplot\\demo;C:\\Program Files\\gnuplot\\demo\\games;C:\\Program Files\\gnuplot\\share', 'GSTREAMER_1_0_ROOT_X86_64': 'C:\\gstreamer\\1.0\\x86_64\\', 'GST_PLUGIN_PATH_1_0': 'C:\\gstreamer\\1.0\\x86_64\\lib\\gstreamer-1.0', 'Home': 'C:\\Users\\ifate', 'HOMEDRIVE': 'C:', 'HOMEPATH': '\\Users\\ifate', 'INCLUDE': 'C:\\Program Files (x86)\\Microsoft Visual Studio\\2019\\BuildTools\\VC\\Tools\\MSVC\\14.29.30133\\include;C:\\Program Files (x86)\\Windows Kits\\10\\include\\10.0.19041.0\\ucrt;C:\\Program Files (x86)\\Windows Kits\\10\\include\\10.0.19041.0\\shared;C:\\Program Files (x86)\\Windows Kits\\10\\include\\10.0.19041.0\\um;C:\\Program Files (x86)\\Windows Kits\\10\\include\\10.0.19041.0\\winrt;C:\\Program Files (x86)\\Windows Kits\\10\\include\\10.0.19041.0\\cppwinrt', 'INTEL_DEV_REDIST': 'C:\\Program Files (x86)\\Common Files\\Intel\\Shared Libraries\\', 'JAVA_HOME': 'C:\\Program Files\\Java\\jdk-11.0.7', 'KEYSHOT9': 'C:\\Users\\Public\\Documents\\KeyShot 9', 'LIB': 'C:\\Program Files (x86)\\Microsoft Visual Studio\\2019\\BuildTools\\VC\\Tools\\MSVC\\14.29.30133\\lib\\x64;C:\\Program Files (x86)\\Windows Kits\\10\\lib\\10.0.19041.0\\ucrt\\x64;C:\\Program Files (x86)\\Windows Kits\\10\\lib\\10.0.19041.0\\um\\x64', 'LIBPATH': 'C:\\Program Files (x86)\\Microsoft Visual Studio\\2019\\BuildTools\\VC\\Tools\\MSVC\\14.29.30133\\lib\\x64;C:\\Program Files (x86)\\Microsoft Visual Studio\\2019\\BuildTools\\VC\\Tools\\MSVC\\14.29.30133\\lib\\x86\\store\\references;C:\\Program Files (x86)\\Windows Kits\\10\\UnionMetadata\\10.0.19041.0;C:\\Program Files (x86)\\Windows Kits\\10\\References\\10.0.19041.0;C:\\Windows\\Microsoft.NET\\Framework64\\v4.0.30319', 'LOCALAPPDATA': 'C:\\Users\\ifate\\AppData\\Local', 'LOGONSERVER': '\\\\DESKTOP-15LOCBO', 'MIC_LD_LIBRARY_PATH': 'C:\\Program Files (x86)\\Common Files\\Intel\\Shared Libraries\\compiler\\lib\\mic', 'NUMBER_OF_PROCESSORS': '8', 'OneDrive': 'C:\\Users\\ifate\\OneDrive', 'OneDriveConsumer': 'C:\\Users\\ifate\\OneDrive', 'OnlineServices': 'Online Services', 'OpenCV_DIR': 'C:\\opencv', 'OPENSSL_CONF': 'C:\\Program Files\\OpenSSL-Win64\\bin\\openssl.cfg', 'OS': 'Windows_NT', 'Path': 'c:\\opt\\ros\\foxy\\x64\\opt\\rviz_ogre_vendor\\bin;C:\\opt\\ros\\foxy\\x64\\tools\\vcpkg\\installed\\x64-windows\\bin;C:\\opt\\ros\\foxy\\x64\\tools\\vcpkg;c:\\opt\\ros\\foxy\\x64\\Scripts;c:\\opt\\ros\\foxy\\x64\\bin;c:\\opt\\ros\\foxy\\x64\\;C:\\Program Files (x86)\\Microsoft Visual Studio\\2019\\BuildTools\\VC\\Tools\\MSVC\\14.29.30133\\bin\\HostX64\\x64;C:\\Program Files (x86)\\Microsoft Visual Studio\\2019\\BuildTools\\Common7\\IDE\\VC\\VCPackages;C:\\Program Files (x86)\\Microsoft Visual Studio\\2019\\BuildTools\\Common7\\IDE\\CommonExtensions\\Microsoft\\TestWindow;C:\\Program Files (x86)\\Microsoft Visual Studio\\2019\\BuildTools\\Common7\\IDE\\CommonExtensions\\Microsoft\\TeamFoundation\\Team Explorer;C:\\Program Files (x86)\\Microsoft Visual Studio\\2019\\BuildTools\\MSBuild\\Current\\bin\\Roslyn;C:\\Program Files (x86)\\Microsoft Visual Studio\\2019\\BuildTools\\Common7\\Tools\\devinit;C:\\Program Files (x86)\\Windows Kits\\10\\bin\\10.0.19041.0\\x64;C:\\Program Files (x86)\\Windows Kits\\10\\bin\\x64;C:\\Program Files (x86)\\Microsoft Visual Studio\\2019\\BuildTools\\\\MSBuild\\Current\\Bin;C:\\Windows\\Microsoft.NET\\Framework64\\v4.0.30319;C:\\Program Files (x86)\\Microsoft Visual Studio\\2019\\BuildTools\\Common7\\IDE\\;C:\\Program Files (x86)\\Microsoft Visual Studio\\2019\\BuildTools\\Common7\\Tools\\;C:\\Python38\\Scripts\\;C:\\Python38\\;C:\\Python310\\Scripts\\;C:\\Python310\\;C:\\Python35\\Scripts\\;C:\\Python35\\;C:\\Program Files (x86)\\Common Files\\Intel\\Shared Libraries\\redist\\intel64\\compiler;C:\\windows\\system32;C:\\windows;C:\\windows\\System32\\Wbem;C:\\windows\\System32\\WindowsPowerShell\\v1.0\\;C:\\windows\\System32\\OpenSSH\\;C:\\Program Files (x86)\\NVIDIA Corporation\\PhysX\\Common;C:\\Program Files\\Java\\jdk-11.0.7\\bin;C:\\Program Files\\python;C:\\Program Files\\python\\Scripts;C:\\BtSoft\\panel\\script;C:\\Program Files (x86)\\Calibre2\\;C:\\WINDOWS\\system32;C:\\WINDOWS;C:\\WINDOWS\\System32\\Wbem;C:\\WINDOWS\\System32\\WindowsPowerShell\\v1.0\\;C:\\WINDOWS\\System32\\OpenSSH\\;C:\\gstreamer\\1.0\\x86_64\\bin;C:\\mingw64\\bin;C:\\Program Files\\PuTTY\\;C:\\Program Files\\nodejs\\;C:\\ProgramData\\chocolatey\\bin;C:\\Strawberry\\c\\bin;C:\\Strawberry\\perl\\site\\bin;C:\\Strawberry\\perl\\bin;C:\\Program Files\\Pandoc\\;C:\\Program Files\\OpenSSL-Win64\\bin\\;C:\\opencv\\x64\\vc16\\bin;C:\\Program Files\\CMake\\bin;C:\\ProgramData\\chocolatey\\lib\\cunit\\lib;C:\\ProgramData\\chocolatey\\lib\\tinyxml2\\lib;C:\\ProgramData\\chocolatey\\lib\\log4cxx\\lib;C:\\ProgramData\\chocolatey\\lib\\bullet\\lib;C:\\Program Files\\Graphviz\\bin;C:\\Program Files\\Git\\cmd;C:\\Program Files\\MATLAB\\R2022a\\bin;C:\\Users\\ifate\\AppData\\Local\\Microsoft\\WindowsApps;C:\\Users\\ifate\\AppData\\Local\\GitHubDesktop\\bin;C:\\Users\\ifate\\AppData\\Local\\Programs\\Microsoft VS Code\\bin;C:\\Users\\ifate\\AppData\\Roaming\\npm;C:\\Program Files (x86)\\Brackets\\;C:\\Users\\ifate\\AppData\\Roaming\\TinyTeX\\bin\\win32;C:\\Program Files (x86)\\Microsoft Visual Studio\\2019\\BuildTools\\Common7\\IDE\\CommonExtensions\\Microsoft\\CMake\\CMake\\bin;C:\\Program Files (x86)\\Microsoft Visual Studio\\2019\\BuildTools\\Common7\\IDE\\CommonExtensions\\Microsoft\\CMake\\Ninja', 'PATHEXT': '.COM;.EXE;.BAT;.CMD;.VBS;.VBE;.JS;.JSE;.WSF;.WSH;.MSC;.PY;.PYW', 'PKG_CONFIG_PATH': 'c:\\opt\\ros\\foxy\\x64\\lib\\pkgconfig', 'Platform': 'x64', 'platformcode': 'AN', 'PROCESSOR_ARCHITECTURE': 'AMD64', 'PROCESSOR_IDENTIFIER': 'Intel64 Family 6 Model 142 Stepping 12, GenuineIntel', 'PROCESSOR_LEVEL': '6', 'PROCESSOR_REVISION': '8e0c', 'ProgramData': 'C:\\ProgramData', 'ProgramFiles': 'C:\\Program Files', 'ProgramFiles(x86)': 'C:\\Program Files (x86)', 'ProgramW6432': 'C:\\Program Files', 'PROMPT': '$P$G', 'PSModulePath': 'C:\\Program Files\\WindowsPowerShell\\Modules;C:\\WINDOWS\\system32\\WindowsPowerShell\\v1.0\\Modules', 'PUBLIC': 'C:\\Users\\Public', 'PYTHONPATH': 'c:\\opt\\ros\\foxy\\x64\\Lib\\site-packages', 'RegionCode': 'APJ', 'ROS_DISTRO': 'foxy', 'ROS_ETC_DIR': 'C:\\opt\\ros\\foxy\\x64\\etc\\ros', 'ROS_LOCALHOST_ONLY': '0', 'ROS_PYTHON_VERSION': '3', 'ROS_VERSION': '2', 'SDF_PATH': 'C:\\opt\\ros\\foxy\\x64\\share\\sdformat\\1.6', 'SystemDrive': 'C:', 'SystemRoot': 'C:\\WINDOWS', 'TEMP': 'C:\\Users\\ifate\\AppData\\Local\\Temp', 'TMP': 'C:\\Users\\ifate\\AppData\\Local\\Temp', 'UCRTVersion': '10.0.19041.0', 'UniversalCRTSdkDir': 'C:\\Program Files (x86)\\Windows Kits\\10\\', 'UNRAR_LIB_PATH': 'C:\\Program Files\\python\\Lib\\site-packages\\unrar\\UnRAR.dll', 'USERDOMAIN': 'DESKTOP-15LOCBO', 'USERDOMAIN_ROAMINGPROFILE': 'DESKTOP-15LOCBO', 'USERNAME': 'ifate', 'USERPROFILE': 'C:\\Users\\ifate', 'VCIDEInstallDir': 'C:\\Program Files (x86)\\Microsoft Visual Studio\\2019\\BuildTools\\Common7\\IDE\\VC\\', 'VCINSTALLDIR': 'C:\\Program Files (x86)\\Microsoft Visual Studio\\2019\\BuildTools\\VC\\', 'VCPKG_DEFAULT_TRIPLET': 'x64-windows', 'VCPKG_ROOT': 'C:\\opt\\ros\\foxy\\x64\\tools\\vcpkg', 'VCToolsInstallDir': 'C:\\Program Files (x86)\\Microsoft Visual Studio\\2019\\BuildTools\\VC\\Tools\\MSVC\\14.29.30133\\', 'VCToolsRedistDir': 'C:\\Program Files (x86)\\Microsoft Visual Studio\\2019\\BuildTools\\VC\\Redist\\MSVC\\14.29.30133\\', 'VCToolsVersion': '14.29.30133', 'VisualStudioVersion': '16.0', 'VS160COMNTOOLS': 'C:\\Program Files (x86)\\Microsoft Visual Studio\\2019\\BuildTools\\Common7\\Tools\\', 'VSCMD_ARG_app_plat': 'Desktop', 'VSCMD_ARG_HOST_ARCH': 'x64', 'VSCMD_ARG_TGT_ARCH': 'x64', 'VSCMD_VER': '16.11.7', 'VSINSTALLDIR': 'C:\\Program Files (x86)\\Microsoft Visual Studio\\2019\\BuildTools\\', 'windir': 'C:\\WINDOWS', 'WindowsLibPath': 'C:\\Program Files (x86)\\Windows Kits\\10\\UnionMetadata\\10.0.19041.0;C:\\Program Files (x86)\\Windows Kits\\10\\References\\10.0.19041.0', 'WindowsSdkBinPath': 'C:\\Program Files (x86)\\Windows Kits\\10\\bin\\', 'WindowsSdkDir': 'C:\\Program Files (x86)\\Windows Kits\\10\\', 'WindowsSDKLibVersion': '10.0.19041.0\\', 'WindowsSdkVerBinPath': 'C:\\Program Files (x86)\\Windows Kits\\10\\bin\\10.0.19041.0\\', 'WindowsSDKVersion': '10.0.19041.0\\', 'ZES_ENABLE_SYSMAN': '1', '__devinit_path': 'C:\\Program Files (x86)\\Microsoft Visual Studio\\2019\\BuildTools\\Common7\\Tools\\devinit\\devinit.exe', '__DOTNET_ADD_64BIT': '1', '__DOTNET_PREFERRED_BITNESS': '64', '__VSCMD_PREINIT_PATH': 'C:\\Python38\\Scripts\\;C:\\Python38\\;C:\\Python310\\Scripts\\;C:\\Python310\\;C:\\Python35\\Scripts\\;C:\\Python35\\;C:\\Program Files (x86)\\Common Files\\Intel\\Shared Libraries\\redist\\intel64\\compiler;C:\\windows\\system32;C:\\windows;C:\\windows\\System32\\Wbem;C:\\windows\\System32\\WindowsPowerShell\\v1.0\\;C:\\windows\\System32\\OpenSSH\\;C:\\Program Files (x86)\\NVIDIA Corporation\\PhysX\\Common;C:\\Program Files\\Java\\jdk-11.0.7\\bin;C:\\Program Files\\python;C:\\Program Files\\python\\Scripts;C:\\BtSoft\\panel\\script;C:\\Program Files (x86)\\Calibre2\\;C:\\WINDOWS\\system32;C:\\WINDOWS;C:\\WINDOWS\\System32\\Wbem;C:\\WINDOWS\\System32\\WindowsPowerShell\\v1.0\\;C:\\WINDOWS\\System32\\OpenSSH\\;C:\\gstreamer\\1.0\\x86_64\\bin;C:\\mingw64\\bin;C:\\Program Files\\PuTTY\\;C:\\Program Files\\nodejs\\;C:\\ProgramData\\chocolatey\\bin;C:\\Strawberry\\c\\bin;C:\\Strawberry\\perl\\site\\bin;C:\\Strawberry\\perl\\bin;C:\\Program Files\\Pandoc\\;C:\\Program Files\\OpenSSL-Win64\\bin\\;C:\\opencv\\x64\\vc16\\bin;C:\\Program Files\\CMake\\bin;C:\\ProgramData\\chocolatey\\lib\\cunit\\lib;C:\\ProgramData\\chocolatey\\lib\\tinyxml2\\lib;C:\\ProgramData\\chocolatey\\lib\\log4cxx\\lib;C:\\ProgramData\\chocolatey\\lib\\bullet\\lib;C:\\Program Files\\Graphviz\\bin;C:\\Program Files\\Git\\cmd;C:\\Program Files\\MATLAB\\R2022a\\bin;C:\\Users\\ifate\\AppData\\Local\\Microsoft\\WindowsApps;C:\\Users\\ifate\\AppData\\Local\\GitHubDesktop\\bin;C:\\Users\\ifate\\AppData\\Local\\Programs\\Microsoft VS Code\\bin;C:\\Users\\ifate\\AppData\\Roaming\\npm;C:\\Program Files (x86)\\Brackets\\;C:\\Users\\ifate\\AppData\\Roaming\\TinyTeX\\bin\\win32', 'CL': '/MP'}, 'shell': False}
[17.172000] (-) TimerEvent: {}
[17.282000] (-) TimerEvent: {}
[17.391000] (-) TimerEvent: {}
[17.453000] (ap_interfaces) StdoutLine: {'line': b'\xd3\xc3\xd3\xda .NET Framework \xb5\xc4 Microsoft (R) \xc9\xfa\xb3\xc9\xd2\xfd\xc7\xe6\xb0\xe6\xb1\xbe 16.11.2+f32259642\r\n'}
[17.453000] (ap_interfaces) StdoutLine: {'line': b'\xb0\xe6\xc8\xa8\xcb\xf9\xd3\xd0(C) Microsoft Corporation\xa1\xa3\xb1\xa3\xc1\xf4\xcb\xf9\xd3\xd0\xc8\xa8\xc0\xfb\xa1\xa3\r\n'}
[17.453000] (ap_interfaces) StdoutLine: {'line': b'\r\n'}
[17.500000] (-) TimerEvent: {}
[17.610000] (-) TimerEvent: {}
[17.719000] (-) TimerEvent: {}
[17.828000] (-) TimerEvent: {}
[17.922000] (ap_interfaces) StdoutLine: {'line': b'  Checking Build System\r\n'}
[17.938000] (-) TimerEvent: {}
[18.047000] (-) TimerEvent: {}
[18.157000] (-) TimerEvent: {}
[18.188000] (ap_interfaces) StdoutLine: {'line': b'  Generating C++ code for ROS interfaces\r\n'}
[18.266000] (-) TimerEvent: {}
[18.375000] (-) TimerEvent: {}
[18.485000] (-) TimerEvent: {}
[18.594000] (-) TimerEvent: {}
[18.703000] (-) TimerEvent: {}
[18.813000] (-) TimerEvent: {}
[18.922000] (-) TimerEvent: {}
[18.969000] (ap_interfaces) StdoutLine: {'line': b'  Building Custom Rule C:/Users/ifate/Documents/ros2_airplay/src/ap_interfaces/CMakeLists.txt\r\n'}
[19.032000] (-) TimerEvent: {}
[19.141000] (-) TimerEvent: {}
[19.172000] (ap_interfaces) StdoutLine: {'line': b'  Generating C code for ROS interfaces\r\n'}
[19.250000] (-) TimerEvent: {}
[19.360000] (-) TimerEvent: {}
[19.469000] (-) TimerEvent: {}
[19.578000] (-) TimerEvent: {}
[19.688000] (-) TimerEvent: {}
[19.797000] (-) TimerEvent: {}
[19.907000] (ap_interfaces) StdoutLine: {'line': b'  Building Custom Rule C:/Users/ifate/Documents/ros2_airplay/src/ap_interfaces/CMakeLists.txt\r\n'}
[19.907000] (-) TimerEvent: {}
[20.016000] (-) TimerEvent: {}
[20.125000] (-) TimerEvent: {}
[20.172000] (ap_interfaces) StdoutLine: {'line': b'  pos__functions.c\r\n'}
[20.235000] (-) TimerEvent: {}
[20.344000] (-) TimerEvent: {}
[20.453000] (-) TimerEvent: {}
[20.516000] (ap_interfaces) StdoutLine: {'line': b'    \xd5\xfd\xd4\xda\xb4\xb4\xbd\xa8\xbf\xe2 C:/Users/ifate/Documents/ros2_airplay/build/ap_interfaces/Release/ap_interfaces__rosidl_generator_c.lib \xba\xcd\xb6\xd4\xcf\xf3 C:/Users/ifate/Documents/ros2_airplay/build/ap_interfaces/Release/ap_interfaces__rosidl_generator_c.exp\r\n'}
[20.578000] (-) TimerEvent: {}
[20.688000] (-) TimerEvent: {}
[20.703000] (ap_interfaces) StdoutLine: {'line': b'  ap_interfaces__rosidl_generator_c.vcxproj -> C:\\Users\\ifate\\Documents\\ros2_airplay\\build\\ap_interfaces\\Release\\ap_interfaces__rosidl_generator_c.dll\r\n'}
[20.797000] (-) TimerEvent: {}
[20.828000] (ap_interfaces) StdoutLine: {'line': b'  Generating C type support dispatch for ROS interfaces\r\n'}
[20.907000] (-) TimerEvent: {}
[21.016000] (-) TimerEvent: {}
[21.125000] (-) TimerEvent: {}
[21.235000] (-) TimerEvent: {}
[21.344000] (-) TimerEvent: {}
[21.375000] (ap_interfaces) StdoutLine: {'line': b'  Building Custom Rule C:/Users/ifate/Documents/ros2_airplay/src/ap_interfaces/CMakeLists.txt\r\n'}
[21.453000] (-) TimerEvent: {}
[21.547000] (ap_interfaces) StdoutLine: {'line': b'  pos__type_support.cpp\r\n'}
[21.563000] (-) TimerEvent: {}
[21.672000] (-) TimerEvent: {}
[21.719000] (ap_interfaces) StdoutLine: {'line': b'    \xd5\xfd\xd4\xda\xb4\xb4\xbd\xa8\xbf\xe2 C:/Users/ifate/Documents/ros2_airplay/build/ap_interfaces/Release/ap_interfaces__rosidl_typesupport_c.lib \xba\xcd\xb6\xd4\xcf\xf3 C:/Users/ifate/Documents/ros2_airplay/build/ap_interfaces/Release/ap_interfaces__rosidl_typesupport_c.exp\r\n'}
[21.797000] (-) TimerEvent: {}
[21.860000] (ap_interfaces) StdoutLine: {'line': b'  ap_interfaces__rosidl_typesupport_c.vcxproj -> C:\\Users\\ifate\\Documents\\ros2_airplay\\build\\ap_interfaces\\Release\\ap_interfaces__rosidl_typesupport_c.dll\r\n'}
[21.907000] (-) TimerEvent: {}
[21.953000] (ap_interfaces) StdoutLine: {'line': b'  Generating C++ type support dispatch for ROS interfaces\r\n'}
[22.016000] (-) TimerEvent: {}
[22.125000] (-) TimerEvent: {}
[22.235000] (-) TimerEvent: {}
[22.344000] (-) TimerEvent: {}
[22.438000] (ap_interfaces) StdoutLine: {'line': b'  Building Custom Rule C:/Users/ifate/Documents/ros2_airplay/src/ap_interfaces/CMakeLists.txt\r\n'}
[22.453000] (-) TimerEvent: {}
[22.563000] (-) TimerEvent: {}
[22.578000] (ap_interfaces) StdoutLine: {'line': b'  pos__type_support.cpp\r\n'}
[22.672000] (-) TimerEvent: {}
[22.782000] (-) TimerEvent: {}
[22.891000] (-) TimerEvent: {}
[23.000000] (-) TimerEvent: {}
[23.110000] (-) TimerEvent: {}
[23.219000] (-) TimerEvent: {}
[23.328000] (-) TimerEvent: {}
[23.438000] (-) TimerEvent: {}
[23.547000] (-) TimerEvent: {}
[23.547000] (ap_interfaces) StdoutLine: {'line': b'    \xd5\xfd\xd4\xda\xb4\xb4\xbd\xa8\xbf\xe2 C:/Users/ifate/Documents/ros2_airplay/build/ap_interfaces/Release/ap_interfaces__rosidl_typesupport_cpp.lib \xba\xcd\xb6\xd4\xcf\xf3 C:/Users/ifate/Documents/ros2_airplay/build/ap_interfaces/Release/ap_interfaces__rosidl_typesupport_cpp.exp\r\n'}
[23.657000] (-) TimerEvent: {}
[23.766000] (-) TimerEvent: {}
[23.797000] (ap_interfaces) StdoutLine: {'line': b'  ap_interfaces__rosidl_typesupport_cpp.vcxproj -> C:\\Users\\ifate\\Documents\\ros2_airplay\\build\\ap_interfaces\\Release\\ap_interfaces__rosidl_typesupport_cpp.dll\r\n'}
[23.875000] (-) TimerEvent: {}
[23.969000] (ap_interfaces) StdoutLine: {'line': b'  Generating C++ type support for eProsima Fast-RTPS\r\n'}
[23.985000] (-) TimerEvent: {}
[24.094000] (-) TimerEvent: {}
[24.203000] (-) TimerEvent: {}
[24.313000] (-) TimerEvent: {}
[24.422000] (-) TimerEvent: {}
[24.532000] (-) TimerEvent: {}
[24.532000] (ap_interfaces) StdoutLine: {'line': b'  Building Custom Rule C:/Users/ifate/Documents/ros2_airplay/src/ap_interfaces/CMakeLists.txt\r\n'}
[24.641000] (-) TimerEvent: {}
[24.672000] (ap_interfaces) StdoutLine: {'line': b'  pos__type_support.cpp\r\n'}
[24.766000] (-) TimerEvent: {}
[24.875000] (-) TimerEvent: {}
[24.985000] (-) TimerEvent: {}
[25.094000] (-) TimerEvent: {}
[25.203000] (-) TimerEvent: {}
[25.313000] (-) TimerEvent: {}
[25.360000] (ap_interfaces) StdoutLine: {'line': b'    \xd5\xfd\xd4\xda\xb4\xb4\xbd\xa8\xbf\xe2 C:/Users/ifate/Documents/ros2_airplay/build/ap_interfaces/Release/ap_interfaces__rosidl_typesupport_fastrtps_cpp.lib \xba\xcd\xb6\xd4\xcf\xf3 C:/Users/ifate/Documents/ros2_airplay/build/ap_interfaces/Release/ap_interfaces__rosidl_typesupport_fastrtps_cpp.exp\r\n'}
[25.422000] (-) TimerEvent: {}
[25.500000] (ap_interfaces) StdoutLine: {'line': b'  ap_interfaces__rosidl_typesupport_fastrtps_cpp.vcxproj -> C:\\Users\\ifate\\Documents\\ros2_airplay\\build\\ap_interfaces\\Release\\ap_interfaces__rosidl_typesupport_fastrtps_cpp.dll\r\n'}
[25.532000] (-) TimerEvent: {}
[25.578000] (ap_interfaces) StdoutLine: {'line': b'  Generating C type support for eProsima Fast-RTPS\r\n'}
[25.657000] (-) TimerEvent: {}
[25.766000] (-) TimerEvent: {}
[25.875000] (-) TimerEvent: {}
[25.985000] (-) TimerEvent: {}
[26.094000] (-) TimerEvent: {}
[26.203000] (-) TimerEvent: {}
[26.313000] (ap_interfaces) StdoutLine: {'line': b'  Building Custom Rule C:/Users/ifate/Documents/ros2_airplay/src/ap_interfaces/CMakeLists.txt\r\n'}
[26.313000] (-) TimerEvent: {}
[26.422000] (-) TimerEvent: {}
[26.469000] (ap_interfaces) StdoutLine: {'line': b'  pos__type_support_c.cpp\r\n'}
[26.532000] (-) TimerEvent: {}
[26.641000] (-) TimerEvent: {}
[26.750000] (-) TimerEvent: {}
[26.860000] (-) TimerEvent: {}
[26.969000] (-) TimerEvent: {}
[27.078000] (-) TimerEvent: {}
[27.188000] (-) TimerEvent: {}
[27.297000] (-) TimerEvent: {}
[27.328000] (ap_interfaces) StdoutLine: {'line': b'    \xd5\xfd\xd4\xda\xb4\xb4\xbd\xa8\xbf\xe2 C:/Users/ifate/Documents/ros2_airplay/build/ap_interfaces/Release/ap_interfaces__rosidl_typesupport_fastrtps_c.lib \xba\xcd\xb6\xd4\xcf\xf3 C:/Users/ifate/Documents/ros2_airplay/build/ap_interfaces/Release/ap_interfaces__rosidl_typesupport_fastrtps_c.exp\r\n'}
[27.407000] (-) TimerEvent: {}
[27.453000] (ap_interfaces) StdoutLine: {'line': b'  ap_interfaces__rosidl_typesupport_fastrtps_c.vcxproj -> C:\\Users\\ifate\\Documents\\ros2_airplay\\build\\ap_interfaces\\Release\\ap_interfaces__rosidl_typesupport_fastrtps_c.dll\r\n'}
[27.516000] (-) TimerEvent: {}
[27.625000] (ap_interfaces) StdoutLine: {'line': b'  Generating C introspection for ROS interfaces\r\n'}
[27.625000] (-) TimerEvent: {}
[27.735000] (-) TimerEvent: {}
[27.844000] (-) TimerEvent: {}
[27.953000] (-) TimerEvent: {}
[28.063000] (-) TimerEvent: {}
[28.172000] (-) TimerEvent: {}
[28.203000] (ap_interfaces) StdoutLine: {'line': b'  Building Custom Rule C:/Users/ifate/Documents/ros2_airplay/src/ap_interfaces/CMakeLists.txt\r\n'}
[28.282000] (-) TimerEvent: {}
[28.375000] (ap_interfaces) StdoutLine: {'line': b'  pos__type_support.c\r\n'}
[28.407000] (-) TimerEvent: {}
[28.516000] (-) TimerEvent: {}
[28.532000] (ap_interfaces) StdoutLine: {'line': b'    \xd5\xfd\xd4\xda\xb4\xb4\xbd\xa8\xbf\xe2 C:/Users/ifate/Documents/ros2_airplay/build/ap_interfaces/Release/ap_interfaces__rosidl_typesupport_introspection_c.lib \xba\xcd\xb6\xd4\xcf\xf3 C:/Users/ifate/Documents/ros2_airplay/build/ap_interfaces/Release/ap_interfaces__rosidl_typesupport_introspection_c.exp\r\n'}
[28.625000] (ap_interfaces) StdoutLine: {'line': b'  ap_interfaces__rosidl_typesupport_introspection_c.vcxproj -> C:\\Users\\ifate\\Documents\\ros2_airplay\\build\\ap_interfaces\\Release\\ap_interfaces__rosidl_typesupport_introspection_c.dll\r\n'}
[28.625000] (-) TimerEvent: {}
[28.735000] (ap_interfaces) StdoutLine: {'line': b'  Generating C++ introspection for ROS interfaces\r\n'}
[28.735000] (-) TimerEvent: {}
[28.844000] (-) TimerEvent: {}
[28.953000] (-) TimerEvent: {}
[29.063000] (-) TimerEvent: {}
[29.172000] (-) TimerEvent: {}
[29.282000] (-) TimerEvent: {}
[29.391000] (-) TimerEvent: {}
[29.422000] (ap_interfaces) StdoutLine: {'line': b'  Building Custom Rule C:/Users/ifate/Documents/ros2_airplay/src/ap_interfaces/CMakeLists.txt\r\n'}
[29.500000] (-) TimerEvent: {}
[29.578000] (ap_interfaces) StdoutLine: {'line': b'  pos__type_support.cpp\r\n'}
[29.610000] (-) TimerEvent: {}
[29.719000] (-) TimerEvent: {}
[29.828000] (-) TimerEvent: {}
[29.938000] (-) TimerEvent: {}
[30.047000] (-) TimerEvent: {}
[30.157000] (-) TimerEvent: {}
[30.235000] (ap_interfaces) StdoutLine: {'line': b'    \xd5\xfd\xd4\xda\xb4\xb4\xbd\xa8\xbf\xe2 C:/Users/ifate/Documents/ros2_airplay/build/ap_interfaces/Release/ap_interfaces__rosidl_typesupport_introspection_cpp.lib \xba\xcd\xb6\xd4\xcf\xf3 C:/Users/ifate/Documents/ros2_airplay/build/ap_interfaces/Release/ap_interfaces__rosidl_typesupport_introspection_cpp.exp\r\n'}
[30.266000] (-) TimerEvent: {}
[30.360000] (ap_interfaces) StdoutLine: {'line': b'  ap_interfaces__rosidl_typesupport_introspection_cpp.vcxproj -> C:\\Users\\ifate\\Documents\\ros2_airplay\\build\\ap_interfaces\\Release\\ap_interfaces__rosidl_typesupport_introspection_cpp.dll\r\n'}
[30.375000] (-) TimerEvent: {}
[30.485000] (ap_interfaces) StdoutLine: {'line': b'  Building Custom Rule C:/Users/ifate/Documents/ros2_airplay/src/ap_interfaces/CMakeLists.txt\r\n'}
[30.485000] (-) TimerEvent: {}
[30.594000] (-) TimerEvent: {}
[30.703000] (ap_interfaces) StdoutLine: {'line': b'  Generating Python code for ROS interfaces\r\n'}
[30.703000] (-) TimerEvent: {}
[30.813000] (-) TimerEvent: {}
[30.922000] (-) TimerEvent: {}
[31.032000] (-) TimerEvent: {}
[31.141000] (-) TimerEvent: {}
[31.250000] (-) TimerEvent: {}
[31.360000] (-) TimerEvent: {}
[31.469000] (-) TimerEvent: {}
[31.578000] (-) TimerEvent: {}
[31.688000] (-) TimerEvent: {}
[31.735000] (ap_interfaces) StdoutLine: {'line': b'  Building Custom Rule C:/Users/ifate/Documents/ros2_airplay/build/ap_interfaces/ap_interfaces__py/CMakeLists.txt\r\n'}
[31.797000] (-) TimerEvent: {}
[31.860000] (ap_interfaces) StdoutLine: {'line': b'  Building Custom Rule C:/Users/ifate/Documents/ros2_airplay/src/ap_interfaces/CMakeLists.txt\r\n'}
[31.907000] (-) TimerEvent: {}
[32.016000] (-) TimerEvent: {}
[32.078000] (ap_interfaces) StdoutLine: {'line': b'  _pos_s.c\r\n'}
[32.125000] (-) TimerEvent: {}
[32.235000] (-) TimerEvent: {}
[32.344000] (-) TimerEvent: {}
[32.453000] (-) TimerEvent: {}
[32.500000] (ap_interfaces) StdoutLine: {'line': b'    \xd5\xfd\xd4\xda\xb4\xb4\xbd\xa8\xbf\xe2 C:/Users/ifate/Documents/ros2_airplay/build/ap_interfaces/Release/ap_interfaces__python.lib \xba\xcd\xb6\xd4\xcf\xf3 C:/Users/ifate/Documents/ros2_airplay/build/ap_interfaces/Release/ap_interfaces__python.exp\r\n'}
[32.563000] (-) TimerEvent: {}
[32.657000] (ap_interfaces) StdoutLine: {'line': b'  ap_interfaces__python.vcxproj -> C:\\Users\\ifate\\Documents\\ros2_airplay\\build\\ap_interfaces\\rosidl_generator_py\\ap_interfaces\\ap_interfaces__python.dll\r\n'}
[32.672000] (-) TimerEvent: {}
[32.782000] (ap_interfaces) StdoutLine: {'line': b'  Building Custom Rule C:/Users/ifate/Documents/ros2_airplay/src/ap_interfaces/CMakeLists.txt\r\n'}
[32.782000] (-) TimerEvent: {}
[32.891000] (-) TimerEvent: {}
[32.922000] (ap_interfaces) StdoutLine: {'line': b'  _ap_interfaces_s.ep.rosidl_typesupport_c.c\r\n'}
[33.000000] (-) TimerEvent: {}
[33.110000] (-) TimerEvent: {}
[33.141000] (ap_interfaces) StdoutLine: {'line': b'    \xd5\xfd\xd4\xda\xb4\xb4\xbd\xa8\xbf\xe2 C:/Users/ifate/Documents/ros2_airplay/build/ap_interfaces/Release/ap_interfaces_s__rosidl_typesupport_c.lib \xba\xcd\xb6\xd4\xcf\xf3 C:/Users/ifate/Documents/ros2_airplay/build/ap_interfaces/Release/ap_interfaces_s__rosidl_typesupport_c.exp\r\n'}
[33.235000] (-) TimerEvent: {}
[33.297000] (ap_interfaces) StdoutLine: {'line': b'  ap_interfaces__rosidl_typesupport_c__pyext.vcxproj -> C:\\Users\\ifate\\Documents\\ros2_airplay\\build\\ap_interfaces\\rosidl_generator_py\\ap_interfaces\\ap_interfaces_s__rosidl_typesupport_c.pyd\r\n'}
[33.344000] (-) TimerEvent: {}
[33.391000] (ap_interfaces) StdoutLine: {'line': b'  Building Custom Rule C:/Users/ifate/Documents/ros2_airplay/src/ap_interfaces/CMakeLists.txt\r\n'}
[33.453000] (-) TimerEvent: {}
[33.547000] (ap_interfaces) StdoutLine: {'line': b'  _ap_interfaces_s.ep.rosidl_typesupport_fastrtps_c.c\r\n'}
[33.563000] (-) TimerEvent: {}
[33.672000] (-) TimerEvent: {}
[33.766000] (ap_interfaces) StdoutLine: {'line': b'    \xd5\xfd\xd4\xda\xb4\xb4\xbd\xa8\xbf\xe2 C:/Users/ifate/Documents/ros2_airplay/build/ap_interfaces/Release/ap_interfaces_s__rosidl_typesupport_fastrtps_c.lib \xba\xcd\xb6\xd4\xcf\xf3 C:/Users/ifate/Documents/ros2_airplay/build/ap_interfaces/Release/ap_interfaces_s__rosidl_typesupport_fastrtps_c.exp\r\n'}
[33.782000] (-) TimerEvent: {}
[33.891000] (-) TimerEvent: {}
[33.938000] (ap_interfaces) StdoutLine: {'line': b'  ap_interfaces__rosidl_typesupport_fastrtps_c__pyext.vcxproj -> C:\\Users\\ifate\\Documents\\ros2_airplay\\build\\ap_interfaces\\rosidl_generator_py\\ap_interfaces\\ap_interfaces_s__rosidl_typesupport_fastrtps_c.pyd\r\n'}
[34.000000] (-) TimerEvent: {}
[34.032000] (ap_interfaces) StdoutLine: {'line': b'  Building Custom Rule C:/Users/ifate/Documents/ros2_airplay/src/ap_interfaces/CMakeLists.txt\r\n'}
[34.110000] (-) TimerEvent: {}
[34.203000] (ap_interfaces) StdoutLine: {'line': b'  _ap_interfaces_s.ep.rosidl_typesupport_introspection_c.c\r\n'}
[34.219000] (-) TimerEvent: {}
[34.328000] (-) TimerEvent: {}
[34.438000] (-) TimerEvent: {}
[34.438000] (ap_interfaces) StdoutLine: {'line': b'    \xd5\xfd\xd4\xda\xb4\xb4\xbd\xa8\xbf\xe2 C:/Users/ifate/Documents/ros2_airplay/build/ap_interfaces/Release/ap_interfaces_s__rosidl_typesupport_introspection_c.lib \xba\xcd\xb6\xd4\xcf\xf3 C:/Users/ifate/Documents/ros2_airplay/build/ap_interfaces/Release/ap_interfaces_s__rosidl_typesupport_introspection_c.exp\r\n'}
[34.547000] (-) TimerEvent: {}
[34.578000] (ap_interfaces) StdoutLine: {'line': b'  ap_interfaces__rosidl_typesupport_introspection_c__pyext.vcxproj -> C:\\Users\\ifate\\Documents\\ros2_airplay\\build\\ap_interfaces\\rosidl_generator_py\\ap_interfaces\\ap_interfaces_s__rosidl_typesupport_introspection_c.pyd\r\n'}
[34.641000] (ap_interfaces) StdoutLine: {'line': b'  Building Custom Rule C:/Users/ifate/Documents/ros2_airplay/src/ap_interfaces/CMakeLists.txt\r\n'}
[34.657000] (-) TimerEvent: {}
[34.735000] (ap_interfaces) CommandEnded: {'returncode': 0}
[34.735000] (ap_interfaces) JobProgress: {'identifier': 'ap_interfaces', 'progress': 'install'}
[34.782000] (-) TimerEvent: {}
[34.891000] (-) TimerEvent: {}
[34.953000] (ap_interfaces) Command: {'cmd': ['c:\\opt\\ros\\foxy\\x64\\Scripts\\cmake.EXE', '--install', 'C:\\Users\\ifate\\Documents\\ros2_airplay\\build\\ap_interfaces', '--config', 'Release'], 'cwd': 'C:\\Users\\ifate\\Documents\\ros2_airplay\\build\\ap_interfaces', 'env': OrderedDict([('ALLUSERSPROFILE', 'C:\\ProgramData'), ('AMENT_PREFIX_PATH', 'c:\\opt\\ros\\foxy\\x64'), ('APPDATA', 'C:\\Users\\ifate\\AppData\\Roaming'), ('BT_PANEL', 'C:\\BtSoft\\panel'), ('BT_PYTHON', 'C:\\Program Files\\python'), ('BT_SETUP', 'C:\\BtSoft'), ('ChocolateyInstall', 'C:\\ProgramData\\chocolatey'), ('ChocolateyLastPathUpdate', '132978260262394475'), ('chocolatey_bin_root', 'C:\\Tools'), ('CMAKE_PREFIX_PATH', 'C:\\opt\\ros\\foxy\\x64\\tools\\vcpkg\\installed\\x64-windows;c:\\opt\\ros\\foxy\\x64'), ('COLCON', '1'), ('COLCON_PREFIX_PATH', 'c:\\opt\\ros\\foxy\\x64\\'), ('CommandPromptType', 'Native'), ('CommonProgramFiles', 'C:\\Program Files\\Common Files'), ('CommonProgramFiles(x86)', 'C:\\Program Files (x86)\\Common Files'), ('CommonProgramW6432', 'C:\\Program Files\\Common Files'), ('COMPUTERNAME', 'DESKTOP-15LOCBO'), ('ComSpec', 'C:\\WINDOWS\\system32\\cmd.exe'), ('DevEnvDir', 'C:\\Program Files (x86)\\Microsoft Visual Studio\\2019\\BuildTools\\Common7\\IDE\\'), ('DriverData', 'C:\\Windows\\System32\\Drivers\\DriverData'), ('ExtensionSdkDir', 'C:\\Program Files (x86)\\Microsoft SDKs\\Windows Kits\\10\\ExtensionSDKs'), ('Framework40Version', 'v4.0'), ('FrameworkDir', 'C:\\Windows\\Microsoft.NET\\Framework64\\'), ('FrameworkDir64', 'C:\\Windows\\Microsoft.NET\\Framework64\\'), ('FrameworkVersion', 'v4.0.30319'), ('FrameworkVersion64', 'v4.0.30319'), ('GNUPLOT_LIB', 'C:\\Program Files\\gnuplot\\demo;C:\\Program Files\\gnuplot\\demo\\games;C:\\Program Files\\gnuplot\\share'), ('GSTREAMER_1_0_ROOT_X86_64', 'C:\\gstreamer\\1.0\\x86_64\\'), ('GST_PLUGIN_PATH_1_0', 'C:\\gstreamer\\1.0\\x86_64\\lib\\gstreamer-1.0'), ('Home', 'C:\\Users\\ifate'), ('HOMEDRIVE', 'C:'), ('HOMEPATH', '\\Users\\ifate'), ('INCLUDE', 'C:\\Program Files (x86)\\Microsoft Visual Studio\\2019\\BuildTools\\VC\\Tools\\MSVC\\14.29.30133\\include;C:\\Program Files (x86)\\Windows Kits\\10\\include\\10.0.19041.0\\ucrt;C:\\Program Files (x86)\\Windows Kits\\10\\include\\10.0.19041.0\\shared;C:\\Program Files (x86)\\Windows Kits\\10\\include\\10.0.19041.0\\um;C:\\Program Files (x86)\\Windows Kits\\10\\include\\10.0.19041.0\\winrt;C:\\Program Files (x86)\\Windows Kits\\10\\include\\10.0.19041.0\\cppwinrt'), ('INTEL_DEV_REDIST', 'C:\\Program Files (x86)\\Common Files\\Intel\\Shared Libraries\\'), ('JAVA_HOME', 'C:\\Program Files\\Java\\jdk-11.0.7'), ('KEYSHOT9', 'C:\\Users\\Public\\Documents\\KeyShot 9'), ('LIB', 'C:\\Program Files (x86)\\Microsoft Visual Studio\\2019\\BuildTools\\VC\\Tools\\MSVC\\14.29.30133\\lib\\x64;C:\\Program Files (x86)\\Windows Kits\\10\\lib\\10.0.19041.0\\ucrt\\x64;C:\\Program Files (x86)\\Windows Kits\\10\\lib\\10.0.19041.0\\um\\x64'), ('LIBPATH', 'C:\\Program Files (x86)\\Microsoft Visual Studio\\2019\\BuildTools\\VC\\Tools\\MSVC\\14.29.30133\\lib\\x64;C:\\Program Files (x86)\\Microsoft Visual Studio\\2019\\BuildTools\\VC\\Tools\\MSVC\\14.29.30133\\lib\\x86\\store\\references;C:\\Program Files (x86)\\Windows Kits\\10\\UnionMetadata\\10.0.19041.0;C:\\Program Files (x86)\\Windows Kits\\10\\References\\10.0.19041.0;C:\\Windows\\Microsoft.NET\\Framework64\\v4.0.30319'), ('LOCALAPPDATA', 'C:\\Users\\ifate\\AppData\\Local'), ('LOGONSERVER', '\\\\DESKTOP-15LOCBO'), ('MIC_LD_LIBRARY_PATH', 'C:\\Program Files (x86)\\Common Files\\Intel\\Shared Libraries\\compiler\\lib\\mic'), ('NUMBER_OF_PROCESSORS', '8'), ('OneDrive', 'C:\\Users\\ifate\\OneDrive'), ('OneDriveConsumer', 'C:\\Users\\ifate\\OneDrive'), ('OnlineServices', 'Online Services'), ('OpenCV_DIR', 'C:\\opencv'), ('OPENSSL_CONF', 'C:\\Program Files\\OpenSSL-Win64\\bin\\openssl.cfg'), ('OS', 'Windows_NT'), ('Path', 'c:\\opt\\ros\\foxy\\x64\\opt\\rviz_ogre_vendor\\bin;C:\\opt\\ros\\foxy\\x64\\tools\\vcpkg\\installed\\x64-windows\\bin;C:\\opt\\ros\\foxy\\x64\\tools\\vcpkg;c:\\opt\\ros\\foxy\\x64\\Scripts;c:\\opt\\ros\\foxy\\x64\\bin;c:\\opt\\ros\\foxy\\x64\\;C:\\Program Files (x86)\\Microsoft Visual Studio\\2019\\BuildTools\\VC\\Tools\\MSVC\\14.29.30133\\bin\\HostX64\\x64;C:\\Program Files (x86)\\Microsoft Visual Studio\\2019\\BuildTools\\Common7\\IDE\\VC\\VCPackages;C:\\Program Files (x86)\\Microsoft Visual Studio\\2019\\BuildTools\\Common7\\IDE\\CommonExtensions\\Microsoft\\TestWindow;C:\\Program Files (x86)\\Microsoft Visual Studio\\2019\\BuildTools\\Common7\\IDE\\CommonExtensions\\Microsoft\\TeamFoundation\\Team Explorer;C:\\Program Files (x86)\\Microsoft Visual Studio\\2019\\BuildTools\\MSBuild\\Current\\bin\\Roslyn;C:\\Program Files (x86)\\Microsoft Visual Studio\\2019\\BuildTools\\Common7\\Tools\\devinit;C:\\Program Files (x86)\\Windows Kits\\10\\bin\\10.0.19041.0\\x64;C:\\Program Files (x86)\\Windows Kits\\10\\bin\\x64;C:\\Program Files (x86)\\Microsoft Visual Studio\\2019\\BuildTools\\\\MSBuild\\Current\\Bin;C:\\Windows\\Microsoft.NET\\Framework64\\v4.0.30319;C:\\Program Files (x86)\\Microsoft Visual Studio\\2019\\BuildTools\\Common7\\IDE\\;C:\\Program Files (x86)\\Microsoft Visual Studio\\2019\\BuildTools\\Common7\\Tools\\;C:\\Python38\\Scripts\\;C:\\Python38\\;C:\\Python310\\Scripts\\;C:\\Python310\\;C:\\Python35\\Scripts\\;C:\\Python35\\;C:\\Program Files (x86)\\Common Files\\Intel\\Shared Libraries\\redist\\intel64\\compiler;C:\\windows\\system32;C:\\windows;C:\\windows\\System32\\Wbem;C:\\windows\\System32\\WindowsPowerShell\\v1.0\\;C:\\windows\\System32\\OpenSSH\\;C:\\Program Files (x86)\\NVIDIA Corporation\\PhysX\\Common;C:\\Program Files\\Java\\jdk-11.0.7\\bin;C:\\Program Files\\python;C:\\Program Files\\python\\Scripts;C:\\BtSoft\\panel\\script;C:\\Program Files (x86)\\Calibre2\\;C:\\WINDOWS\\system32;C:\\WINDOWS;C:\\WINDOWS\\System32\\Wbem;C:\\WINDOWS\\System32\\WindowsPowerShell\\v1.0\\;C:\\WINDOWS\\System32\\OpenSSH\\;C:\\gstreamer\\1.0\\x86_64\\bin;C:\\mingw64\\bin;C:\\Program Files\\PuTTY\\;C:\\Program Files\\nodejs\\;C:\\ProgramData\\chocolatey\\bin;C:\\Strawberry\\c\\bin;C:\\Strawberry\\perl\\site\\bin;C:\\Strawberry\\perl\\bin;C:\\Program Files\\Pandoc\\;C:\\Program Files\\OpenSSL-Win64\\bin\\;C:\\opencv\\x64\\vc16\\bin;C:\\Program Files\\CMake\\bin;C:\\ProgramData\\chocolatey\\lib\\cunit\\lib;C:\\ProgramData\\chocolatey\\lib\\tinyxml2\\lib;C:\\ProgramData\\chocolatey\\lib\\log4cxx\\lib;C:\\ProgramData\\chocolatey\\lib\\bullet\\lib;C:\\Program Files\\Graphviz\\bin;C:\\Program Files\\Git\\cmd;C:\\Program Files\\MATLAB\\R2022a\\bin;C:\\Users\\ifate\\AppData\\Local\\Microsoft\\WindowsApps;C:\\Users\\ifate\\AppData\\Local\\GitHubDesktop\\bin;C:\\Users\\ifate\\AppData\\Local\\Programs\\Microsoft VS Code\\bin;C:\\Users\\ifate\\AppData\\Roaming\\npm;C:\\Program Files (x86)\\Brackets\\;C:\\Users\\ifate\\AppData\\Roaming\\TinyTeX\\bin\\win32;C:\\Program Files (x86)\\Microsoft Visual Studio\\2019\\BuildTools\\Common7\\IDE\\CommonExtensions\\Microsoft\\CMake\\CMake\\bin;C:\\Program Files (x86)\\Microsoft Visual Studio\\2019\\BuildTools\\Common7\\IDE\\CommonExtensions\\Microsoft\\CMake\\Ninja'), ('PATHEXT', '.COM;.EXE;.BAT;.CMD;.VBS;.VBE;.JS;.JSE;.WSF;.WSH;.MSC;.PY;.PYW'), ('PKG_CONFIG_PATH', 'c:\\opt\\ros\\foxy\\x64\\lib\\pkgconfig'), ('Platform', 'x64'), ('platformcode', 'AN'), ('PROCESSOR_ARCHITECTURE', 'AMD64'), ('PROCESSOR_IDENTIFIER', 'Intel64 Family 6 Model 142 Stepping 12, GenuineIntel'), ('PROCESSOR_LEVEL', '6'), ('PROCESSOR_REVISION', '8e0c'), ('ProgramData', 'C:\\ProgramData'), ('ProgramFiles', 'C:\\Program Files'), ('ProgramFiles(x86)', 'C:\\Program Files (x86)'), ('ProgramW6432', 'C:\\Program Files'), ('PROMPT', '$P$G'), ('PSModulePath', 'C:\\Program Files\\WindowsPowerShell\\Modules;C:\\WINDOWS\\system32\\WindowsPowerShell\\v1.0\\Modules'), ('PUBLIC', 'C:\\Users\\Public'), ('PYTHONPATH', 'c:\\opt\\ros\\foxy\\x64\\Lib\\site-packages'), ('RegionCode', 'APJ'), ('ROS_DISTRO', 'foxy'), ('ROS_ETC_DIR', 'C:\\opt\\ros\\foxy\\x64\\etc\\ros'), ('ROS_LOCALHOST_ONLY', '0'), ('ROS_PYTHON_VERSION', '3'), ('ROS_VERSION', '2'), ('SDF_PATH', 'C:\\opt\\ros\\foxy\\x64\\share\\sdformat\\1.6'), ('SystemDrive', 'C:'), ('SystemRoot', 'C:\\WINDOWS'), ('TEMP', 'C:\\Users\\ifate\\AppData\\Local\\Temp'), ('TMP', 'C:\\Users\\ifate\\AppData\\Local\\Temp'), ('UCRTVersion', '10.0.19041.0'), ('UniversalCRTSdkDir', 'C:\\Program Files (x86)\\Windows Kits\\10\\'), ('UNRAR_LIB_PATH', 'C:\\Program Files\\python\\Lib\\site-packages\\unrar\\UnRAR.dll'), ('USERDOMAIN', 'DESKTOP-15LOCBO'), ('USERDOMAIN_ROAMINGPROFILE', 'DESKTOP-15LOCBO'), ('USERNAME', 'ifate'), ('USERPROFILE', 'C:\\Users\\ifate'), ('VCIDEInstallDir', 'C:\\Program Files (x86)\\Microsoft Visual Studio\\2019\\BuildTools\\Common7\\IDE\\VC\\'), ('VCINSTALLDIR', 'C:\\Program Files (x86)\\Microsoft Visual Studio\\2019\\BuildTools\\VC\\'), ('VCPKG_DEFAULT_TRIPLET', 'x64-windows'), ('VCPKG_ROOT', 'C:\\opt\\ros\\foxy\\x64\\tools\\vcpkg'), ('VCToolsInstallDir', 'C:\\Program Files (x86)\\Microsoft Visual Studio\\2019\\BuildTools\\VC\\Tools\\MSVC\\14.29.30133\\'), ('VCToolsRedistDir', 'C:\\Program Files (x86)\\Microsoft Visual Studio\\2019\\BuildTools\\VC\\Redist\\MSVC\\14.29.30133\\'), ('VCToolsVersion', '14.29.30133'), ('VisualStudioVersion', '16.0'), ('VS160COMNTOOLS', 'C:\\Program Files (x86)\\Microsoft Visual Studio\\2019\\BuildTools\\Common7\\Tools\\'), ('VSCMD_ARG_app_plat', 'Desktop'), ('VSCMD_ARG_HOST_ARCH', 'x64'), ('VSCMD_ARG_TGT_ARCH', 'x64'), ('VSCMD_VER', '16.11.7'), ('VSINSTALLDIR', 'C:\\Program Files (x86)\\Microsoft Visual Studio\\2019\\BuildTools\\'), ('windir', 'C:\\WINDOWS'), ('WindowsLibPath', 'C:\\Program Files (x86)\\Windows Kits\\10\\UnionMetadata\\10.0.19041.0;C:\\Program Files (x86)\\Windows Kits\\10\\References\\10.0.19041.0'), ('WindowsSdkBinPath', 'C:\\Program Files (x86)\\Windows Kits\\10\\bin\\'), ('WindowsSdkDir', 'C:\\Program Files (x86)\\Windows Kits\\10\\'), ('WindowsSDKLibVersion', '10.0.19041.0\\'), ('WindowsSdkVerBinPath', 'C:\\Program Files (x86)\\Windows Kits\\10\\bin\\10.0.19041.0\\'), ('WindowsSDKVersion', '10.0.19041.0\\'), ('ZES_ENABLE_SYSMAN', '1'), ('__devinit_path', 'C:\\Program Files (x86)\\Microsoft Visual Studio\\2019\\BuildTools\\Common7\\Tools\\devinit\\devinit.exe'), ('__DOTNET_ADD_64BIT', '1'), ('__DOTNET_PREFERRED_BITNESS', '64'), ('__VSCMD_PREINIT_PATH', 'C:\\Python38\\Scripts\\;C:\\Python38\\;C:\\Python310\\Scripts\\;C:\\Python310\\;C:\\Python35\\Scripts\\;C:\\Python35\\;C:\\Program Files (x86)\\Common Files\\Intel\\Shared Libraries\\redist\\intel64\\compiler;C:\\windows\\system32;C:\\windows;C:\\windows\\System32\\Wbem;C:\\windows\\System32\\WindowsPowerShell\\v1.0\\;C:\\windows\\System32\\OpenSSH\\;C:\\Program Files (x86)\\NVIDIA Corporation\\PhysX\\Common;C:\\Program Files\\Java\\jdk-11.0.7\\bin;C:\\Program Files\\python;C:\\Program Files\\python\\Scripts;C:\\BtSoft\\panel\\script;C:\\Program Files (x86)\\Calibre2\\;C:\\WINDOWS\\system32;C:\\WINDOWS;C:\\WINDOWS\\System32\\Wbem;C:\\WINDOWS\\System32\\WindowsPowerShell\\v1.0\\;C:\\WINDOWS\\System32\\OpenSSH\\;C:\\gstreamer\\1.0\\x86_64\\bin;C:\\mingw64\\bin;C:\\Program Files\\PuTTY\\;C:\\Program Files\\nodejs\\;C:\\ProgramData\\chocolatey\\bin;C:\\Strawberry\\c\\bin;C:\\Strawberry\\perl\\site\\bin;C:\\Strawberry\\perl\\bin;C:\\Program Files\\Pandoc\\;C:\\Program Files\\OpenSSL-Win64\\bin\\;C:\\opencv\\x64\\vc16\\bin;C:\\Program Files\\CMake\\bin;C:\\ProgramData\\chocolatey\\lib\\cunit\\lib;C:\\ProgramData\\chocolatey\\lib\\tinyxml2\\lib;C:\\ProgramData\\chocolatey\\lib\\log4cxx\\lib;C:\\ProgramData\\chocolatey\\lib\\bullet\\lib;C:\\Program Files\\Graphviz\\bin;C:\\Program Files\\Git\\cmd;C:\\Program Files\\MATLAB\\R2022a\\bin;C:\\Users\\ifate\\AppData\\Local\\Microsoft\\WindowsApps;C:\\Users\\ifate\\AppData\\Local\\GitHubDesktop\\bin;C:\\Users\\ifate\\AppData\\Local\\Programs\\Microsoft VS Code\\bin;C:\\Users\\ifate\\AppData\\Roaming\\npm;C:\\Program Files (x86)\\Brackets\\;C:\\Users\\ifate\\AppData\\Roaming\\TinyTeX\\bin\\win32')]), 'shell': False}
[35.000000] (-) TimerEvent: {}
[35.110000] (-) TimerEvent: {}
[35.125000] (ap_interfaces) StdoutLine: {'line': b'-- Installing: C:/Users/ifate/Documents/ros2_airplay/install/share/ament_index/resource_index/rosidl_interfaces/ap_interfaces\n'}
[35.125000] (ap_interfaces) StdoutLine: {'line': b'-- Installing: C:/Users/ifate/Documents/ros2_airplay/install/include/ap_interfaces\n'}
[35.125000] (ap_interfaces) StdoutLine: {'line': b'-- Installing: C:/Users/ifate/Documents/ros2_airplay/install/include/ap_interfaces/msg\n'}
[35.125000] (ap_interfaces) StdoutLine: {'line': b'-- Installing: C:/Users/ifate/Documents/ros2_airplay/install/include/ap_interfaces/msg/detail\n'}
[35.141000] (ap_interfaces) StdoutLine: {'line': b'-- Installing: C:/Users/ifate/Documents/ros2_airplay/install/include/ap_interfaces/msg/detail/pos__functions.c\n'}
[35.157000] (ap_interfaces) StdoutLine: {'line': b'-- Installing: C:/Users/ifate/Documents/ros2_airplay/install/include/ap_interfaces/msg/detail/pos__functions.h\n'}
[35.172000] (ap_interfaces) StdoutLine: {'line': b'-- Installing: C:/Users/ifate/Documents/ros2_airplay/install/include/ap_interfaces/msg/detail/pos__struct.h\n'}
[35.188000] (ap_interfaces) StdoutLine: {'line': b'-- Installing: C:/Users/ifate/Documents/ros2_airplay/install/include/ap_interfaces/msg/detail/pos__type_support.h\n'}
[35.203000] (ap_interfaces) StdoutLine: {'line': b'-- Installing: C:/Users/ifate/Documents/ros2_airplay/install/include/ap_interfaces/msg/pos.h\n'}
[35.203000] (ap_interfaces) StdoutLine: {'line': b'-- Installing: C:/Users/ifate/Documents/ros2_airplay/install/include/ap_interfaces/msg/rosidl_generator_c__visibility_control.h\n'}
[35.219000] (-) TimerEvent: {}
[35.219000] (ap_interfaces) StdoutLine: {'line': b'-- Installing: C:/Users/ifate/Documents/ros2_airplay/install/lib/ap_interfaces__rosidl_generator_c.lib\n'}
[35.250000] (ap_interfaces) StdoutLine: {'line': b'-- Installing: C:/Users/ifate/Documents/ros2_airplay/install/bin/ap_interfaces__rosidl_generator_c.dll\n'}
[35.266000] (ap_interfaces) StdoutLine: {'line': b'-- Up-to-date: C:/Users/ifate/Documents/ros2_airplay/install/include/ap_interfaces\n'}
[35.266000] (ap_interfaces) StdoutLine: {'line': b'-- Up-to-date: C:/Users/ifate/Documents/ros2_airplay/install/include/ap_interfaces/msg\n'}
[35.266000] (ap_interfaces) StdoutLine: {'line': b'-- Up-to-date: C:/Users/ifate/Documents/ros2_airplay/install/include/ap_interfaces/msg/detail\n'}
[35.266000] (ap_interfaces) StdoutLine: {'line': b'-- Installing: C:/Users/ifate/Documents/ros2_airplay/install/include/ap_interfaces/msg/detail/pos__rosidl_typesupport_fastrtps_c.h\n'}
[35.266000] (ap_interfaces) StdoutLine: {'line': b'-- Installing: C:/Users/ifate/Documents/ros2_airplay/install/include/ap_interfaces/msg/rosidl_typesupport_fastrtps_c__visibility_control.h\n'}
[35.282000] (ap_interfaces) StdoutLine: {'line': b'-- Installing: C:/Users/ifate/Documents/ros2_airplay/install/lib/ap_interfaces__rosidl_typesupport_fastrtps_c.lib\n'}
[35.313000] (ap_interfaces) StdoutLine: {'line': b'-- Installing: C:/Users/ifate/Documents/ros2_airplay/install/bin/ap_interfaces__rosidl_typesupport_fastrtps_c.dll\n'}
[35.313000] (ap_interfaces) StdoutLine: {'line': b'-- Up-to-date: C:/Users/ifate/Documents/ros2_airplay/install/include/ap_interfaces\n'}
[35.313000] (ap_interfaces) StdoutLine: {'line': b'-- Up-to-date: C:/Users/ifate/Documents/ros2_airplay/install/include/ap_interfaces/msg\n'}
[35.313000] (ap_interfaces) StdoutLine: {'line': b'-- Up-to-date: C:/Users/ifate/Documents/ros2_airplay/install/include/ap_interfaces/msg/detail\n'}
[35.313000] (ap_interfaces) StdoutLine: {'line': b'-- Installing: C:/Users/ifate/Documents/ros2_airplay/install/include/ap_interfaces/msg/detail/dds_fastrtps\n'}
[35.328000] (ap_interfaces) StdoutLine: {'line': b'-- Installing: C:/Users/ifate/Documents/ros2_airplay/install/include/ap_interfaces/msg/detail/pos__rosidl_typesupport_fastrtps_cpp.hpp\n'}
[35.328000] (-) TimerEvent: {}
[35.328000] (ap_interfaces) StdoutLine: {'line': b'-- Installing: C:/Users/ifate/Documents/ros2_airplay/install/include/ap_interfaces/msg/rosidl_typesupport_fastrtps_cpp__visibility_control.h\n'}
[35.344000] (ap_interfaces) StdoutLine: {'line': b'-- Installing: C:/Users/ifate/Documents/ros2_airplay/install/lib/ap_interfaces__rosidl_typesupport_fastrtps_cpp.lib\n'}
[35.360000] (ap_interfaces) StdoutLine: {'line': b'-- Installing: C:/Users/ifate/Documents/ros2_airplay/install/bin/ap_interfaces__rosidl_typesupport_fastrtps_cpp.dll\n'}
[35.375000] (ap_interfaces) StdoutLine: {'line': b'-- Up-to-date: C:/Users/ifate/Documents/ros2_airplay/install/include/ap_interfaces\n'}
[35.375000] (ap_interfaces) StdoutLine: {'line': b'-- Up-to-date: C:/Users/ifate/Documents/ros2_airplay/install/include/ap_interfaces/msg\n'}
[35.375000] (ap_interfaces) StdoutLine: {'line': b'-- Up-to-date: C:/Users/ifate/Documents/ros2_airplay/install/include/ap_interfaces/msg/detail\n'}
[35.375000] (ap_interfaces) StdoutLine: {'line': b'-- Installing: C:/Users/ifate/Documents/ros2_airplay/install/include/ap_interfaces/msg/detail/pos__rosidl_typesupport_introspection_c.h\n'}
[35.391000] (ap_interfaces) StdoutLine: {'line': b'-- Installing: C:/Users/ifate/Documents/ros2_airplay/install/include/ap_interfaces/msg/detail/pos__type_support.c\n'}
[35.407000] (ap_interfaces) StdoutLine: {'line': b'-- Installing: C:/Users/ifate/Documents/ros2_airplay/install/include/ap_interfaces/msg/rosidl_typesupport_introspection_c__visibility_control.h\n'}
[35.407000] (ap_interfaces) StdoutLine: {'line': b'-- Installing: C:/Users/ifate/Documents/ros2_airplay/install/lib/ap_interfaces__rosidl_typesupport_introspection_c.lib\n'}
[35.438000] (-) TimerEvent: {}
[35.438000] (ap_interfaces) StdoutLine: {'line': b'-- Installing: C:/Users/ifate/Documents/ros2_airplay/install/bin/ap_interfaces__rosidl_typesupport_introspection_c.dll\n'}
[35.453000] (ap_interfaces) StdoutLine: {'line': b'-- Installing: C:/Users/ifate/Documents/ros2_airplay/install/lib/ap_interfaces__rosidl_typesupport_c.lib\n'}
[35.485000] (ap_interfaces) StdoutLine: {'line': b'-- Installing: C:/Users/ifate/Documents/ros2_airplay/install/bin/ap_interfaces__rosidl_typesupport_c.dll\n'}
[35.485000] (ap_interfaces) StdoutLine: {'line': b'-- Up-to-date: C:/Users/ifate/Documents/ros2_airplay/install/include/ap_interfaces\n'}
[35.485000] (ap_interfaces) StdoutLine: {'line': b'-- Up-to-date: C:/Users/ifate/Documents/ros2_airplay/install/include/ap_interfaces/msg\n'}
[35.485000] (ap_interfaces) StdoutLine: {'line': b'-- Up-to-date: C:/Users/ifate/Documents/ros2_airplay/install/include/ap_interfaces/msg/detail\n'}
[35.500000] (ap_interfaces) StdoutLine: {'line': b'-- Installing: C:/Users/ifate/Documents/ros2_airplay/install/include/ap_interfaces/msg/detail/pos__builder.hpp\n'}
[35.516000] (ap_interfaces) StdoutLine: {'line': b'-- Installing: C:/Users/ifate/Documents/ros2_airplay/install/include/ap_interfaces/msg/detail/pos__struct.hpp\n'}
[35.532000] (ap_interfaces) StdoutLine: {'line': b'-- Installing: C:/Users/ifate/Documents/ros2_airplay/install/include/ap_interfaces/msg/detail/pos__traits.hpp\n'}
[35.547000] (ap_interfaces) StdoutLine: {'line': b'-- Installing: C:/Users/ifate/Documents/ros2_airplay/install/include/ap_interfaces/msg/pos.hpp\n'}
[35.547000] (-) TimerEvent: {}
[35.547000] (ap_interfaces) StdoutLine: {'line': b'-- Up-to-date: C:/Users/ifate/Documents/ros2_airplay/install/include/ap_interfaces\n'}
[35.547000] (ap_interfaces) StdoutLine: {'line': b'-- Up-to-date: C:/Users/ifate/Documents/ros2_airplay/install/include/ap_interfaces/msg\n'}
[35.547000] (ap_interfaces) StdoutLine: {'line': b'-- Up-to-date: C:/Users/ifate/Documents/ros2_airplay/install/include/ap_interfaces/msg/detail\n'}
[35.563000] (ap_interfaces) StdoutLine: {'line': b'-- Installing: C:/Users/ifate/Documents/ros2_airplay/install/include/ap_interfaces/msg/detail/pos__rosidl_typesupport_introspection_cpp.hpp\n'}
[35.578000] (ap_interfaces) StdoutLine: {'line': b'-- Installing: C:/Users/ifate/Documents/ros2_airplay/install/include/ap_interfaces/msg/detail/pos__type_support.cpp\n'}
[35.594000] (ap_interfaces) StdoutLine: {'line': b'-- Installing: C:/Users/ifate/Documents/ros2_airplay/install/lib/ap_interfaces__rosidl_typesupport_introspection_cpp.lib\n'}
[35.625000] (ap_interfaces) StdoutLine: {'line': b'-- Installing: C:/Users/ifate/Documents/ros2_airplay/install/bin/ap_interfaces__rosidl_typesupport_introspection_cpp.dll\n'}
[35.641000] (ap_interfaces) StdoutLine: {'line': b'-- Installing: C:/Users/ifate/Documents/ros2_airplay/install/lib/ap_interfaces__rosidl_typesupport_cpp.lib\n'}
[35.657000] (-) TimerEvent: {}
[35.672000] (ap_interfaces) StdoutLine: {'line': b'-- Installing: C:/Users/ifate/Documents/ros2_airplay/install/bin/ap_interfaces__rosidl_typesupport_cpp.dll\n'}
[35.688000] (ap_interfaces) StdoutLine: {'line': b'-- Installing: C:/Users/ifate/Documents/ros2_airplay/install/share/ap_interfaces/environment/pythonpath.bat\n'}
[35.688000] (ap_interfaces) StdoutLine: {'line': b'-- Installing: C:/Users/ifate/Documents/ros2_airplay/install/share/ap_interfaces/environment/pythonpath.dsv\n'}
[35.688000] (ap_interfaces) StdoutLine: {'line': b'-- Installing: C:/Users/ifate/Documents/ros2_airplay/install/Lib/site-packages/ap_interfaces/__init__.py\n'}
[35.766000] (-) TimerEvent: {}
[35.782000] (ap_interfaces) StdoutLine: {'line': b"Compiling 'C:/Users/ifate/Documents/ros2_airplay/install/Lib/site-packages/ap_interfaces/__init__.py'...\r\n"}
[35.797000] (ap_interfaces) StdoutLine: {'line': b'-- Installing: C:/Users/ifate/Documents/ros2_airplay/install/Lib/site-packages/ap_interfaces/msg\n'}
[35.797000] (ap_interfaces) StdoutLine: {'line': b'-- Installing: C:/Users/ifate/Documents/ros2_airplay/install/Lib/site-packages/ap_interfaces/msg/_pos.py\n'}
[35.813000] (ap_interfaces) StdoutLine: {'line': b'-- Installing: C:/Users/ifate/Documents/ros2_airplay/install/Lib/site-packages/ap_interfaces/msg/_pos_s.c\n'}
[35.828000] (ap_interfaces) StdoutLine: {'line': b'-- Installing: C:/Users/ifate/Documents/ros2_airplay/install/Lib/site-packages/ap_interfaces/msg/__init__.py\n'}
[35.844000] (ap_interfaces) StdoutLine: {'line': b'-- Installing: C:/Users/ifate/Documents/ros2_airplay/install/Lib/site-packages/ap_interfaces/ap_interfaces_s__rosidl_typesupport_fastrtps_c.lib\n'}
[35.875000] (-) TimerEvent: {}
[35.875000] (ap_interfaces) StdoutLine: {'line': b'-- Installing: C:/Users/ifate/Documents/ros2_airplay/install/Lib/site-packages/ap_interfaces/ap_interfaces_s__rosidl_typesupport_fastrtps_c.pyd\n'}
[35.891000] (ap_interfaces) StdoutLine: {'line': b'-- Installing: C:/Users/ifate/Documents/ros2_airplay/install/Lib/site-packages/ap_interfaces/ap_interfaces_s__rosidl_typesupport_introspection_c.lib\n'}
[35.922000] (ap_interfaces) StdoutLine: {'line': b'-- Installing: C:/Users/ifate/Documents/ros2_airplay/install/Lib/site-packages/ap_interfaces/ap_interfaces_s__rosidl_typesupport_introspection_c.pyd\n'}
[35.938000] (ap_interfaces) StdoutLine: {'line': b'-- Installing: C:/Users/ifate/Documents/ros2_airplay/install/Lib/site-packages/ap_interfaces/ap_interfaces_s__rosidl_typesupport_c.lib\n'}
[35.969000] (ap_interfaces) StdoutLine: {'line': b'-- Installing: C:/Users/ifate/Documents/ros2_airplay/install/Lib/site-packages/ap_interfaces/ap_interfaces_s__rosidl_typesupport_c.pyd\n'}
[35.985000] (ap_interfaces) StdoutLine: {'line': b'-- Installing: C:/Users/ifate/Documents/ros2_airplay/install/lib/ap_interfaces__python.lib\n'}
[35.985000] (-) TimerEvent: {}
[36.016000] (ap_interfaces) StdoutLine: {'line': b'-- Installing: C:/Users/ifate/Documents/ros2_airplay/install/bin/ap_interfaces__python.dll\n'}
[36.032000] (ap_interfaces) StdoutLine: {'line': b'-- Installing: C:/Users/ifate/Documents/ros2_airplay/install/share/ap_interfaces/msg/Pos.idl\n'}
[36.032000] (ap_interfaces) StdoutLine: {'line': b'-- Installing: C:/Users/ifate/Documents/ros2_airplay/install/share/ap_interfaces/msg/Pos.msg\n'}
[36.032000] (ap_interfaces) StdoutLine: {'line': b'-- Installing: C:/Users/ifate/Documents/ros2_airplay/install/share/ament_index/resource_index/package_run_dependencies/ap_interfaces\n'}
[36.094000] (ap_interfaces) StdoutLine: {'line': b'-- Installing: C:/Users/ifate/Documents/ros2_airplay/install/share/ament_index/resource_index/parent_prefix_path/ap_interfaces\n'}
[36.094000] (-) TimerEvent: {}
[36.094000] (ap_interfaces) StdoutLine: {'line': b'-- Installing: C:/Users/ifate/Documents/ros2_airplay/install/share/ap_interfaces/environment/ament_prefix_path.bat\n'}
[36.110000] (ap_interfaces) StdoutLine: {'line': b'-- Installing: C:/Users/ifate/Documents/ros2_airplay/install/share/ap_interfaces/environment/ament_prefix_path.dsv\n'}
[36.110000] (ap_interfaces) StdoutLine: {'line': b'-- Installing: C:/Users/ifate/Documents/ros2_airplay/install/share/ap_interfaces/environment/path.bat\n'}
[36.125000] (ap_interfaces) StdoutLine: {'line': b'-- Installing: C:/Users/ifate/Documents/ros2_airplay/install/share/ap_interfaces/environment/path.dsv\n'}
[36.125000] (ap_interfaces) StdoutLine: {'line': b'-- Installing: C:/Users/ifate/Documents/ros2_airplay/install/share/ap_interfaces/local_setup.bat\n'}
[36.141000] (ap_interfaces) StdoutLine: {'line': b'-- Installing: C:/Users/ifate/Documents/ros2_airplay/install/share/ap_interfaces/local_setup.dsv\n'}
[36.157000] (ap_interfaces) StdoutLine: {'line': b'-- Installing: C:/Users/ifate/Documents/ros2_airplay/install/share/ap_interfaces/package.dsv\n'}
[36.157000] (ap_interfaces) StdoutLine: {'line': b'-- Installing: C:/Users/ifate/Documents/ros2_airplay/install/share/ament_index/resource_index/packages/ap_interfaces\n'}
[36.172000] (ap_interfaces) StdoutLine: {'line': b'-- Installing: C:/Users/ifate/Documents/ros2_airplay/install/share/ap_interfaces/cmake/ap_interfaces__rosidl_generator_cExport.cmake\n'}
[36.188000] (ap_interfaces) StdoutLine: {'line': b'-- Installing: C:/Users/ifate/Documents/ros2_airplay/install/share/ap_interfaces/cmake/ap_interfaces__rosidl_generator_cExport-release.cmake\n'}
[36.203000] (-) TimerEvent: {}
[36.203000] (ap_interfaces) StdoutLine: {'line': b'-- Installing: C:/Users/ifate/Documents/ros2_airplay/install/share/ap_interfaces/cmake/ap_interfaces__rosidl_typesupport_introspection_cExport.cmake\n'}
[36.219000] (ap_interfaces) StdoutLine: {'line': b'-- Installing: C:/Users/ifate/Documents/ros2_airplay/install/share/ap_interfaces/cmake/ap_interfaces__rosidl_typesupport_introspection_cExport-release.cmake\n'}
[36.235000] (ap_interfaces) StdoutLine: {'line': b'-- Installing: C:/Users/ifate/Documents/ros2_airplay/install/share/ap_interfaces/cmake/ap_interfaces__rosidl_typesupport_cExport.cmake\n'}
[36.250000] (ap_interfaces) StdoutLine: {'line': b'-- Installing: C:/Users/ifate/Documents/ros2_airplay/install/share/ap_interfaces/cmake/ap_interfaces__rosidl_typesupport_cExport-release.cmake\n'}
[36.266000] (ap_interfaces) StdoutLine: {'line': b'-- Installing: C:/Users/ifate/Documents/ros2_airplay/install/share/ap_interfaces/cmake/ap_interfaces__rosidl_generator_cppExport.cmake\n'}
[36.282000] (ap_interfaces) StdoutLine: {'line': b'-- Installing: C:/Users/ifate/Documents/ros2_airplay/install/share/ap_interfaces/cmake/ap_interfaces__rosidl_typesupport_introspection_cppExport.cmake\n'}
[36.297000] (ap_interfaces) StdoutLine: {'line': b'-- Installing: C:/Users/ifate/Documents/ros2_airplay/install/share/ap_interfaces/cmake/ap_interfaces__rosidl_typesupport_introspection_cppExport-release.cmake\n'}
[36.313000] (-) TimerEvent: {}
[36.313000] (ap_interfaces) StdoutLine: {'line': b'-- Installing: C:/Users/ifate/Documents/ros2_airplay/install/share/ap_interfaces/cmake/ap_interfaces__rosidl_typesupport_cppExport.cmake\n'}
[36.344000] (ap_interfaces) StdoutLine: {'line': b'-- Installing: C:/Users/ifate/Documents/ros2_airplay/install/share/ap_interfaces/cmake/ap_interfaces__rosidl_typesupport_cppExport-release.cmake\n'}
[36.344000] (ap_interfaces) StdoutLine: {'line': b'-- Installing: C:/Users/ifate/Documents/ros2_airplay/install/share/ap_interfaces/cmake/rosidl_cmake-extras.cmake\n'}
[36.344000] (ap_interfaces) StdoutLine: {'line': b'-- Installing: C:/Users/ifate/Documents/ros2_airplay/install/share/ap_interfaces/cmake/ament_cmake_export_dependencies-extras.cmake\n'}
[36.344000] (ap_interfaces) StdoutLine: {'line': b'-- Installing: C:/Users/ifate/Documents/ros2_airplay/install/share/ap_interfaces/cmake/ament_cmake_export_libraries-extras.cmake\n'}
[36.360000] (ap_interfaces) StdoutLine: {'line': b'-- Installing: C:/Users/ifate/Documents/ros2_airplay/install/share/ap_interfaces/cmake/ament_cmake_export_targets-extras.cmake\n'}
[36.360000] (ap_interfaces) StdoutLine: {'line': b'-- Installing: C:/Users/ifate/Documents/ros2_airplay/install/share/ap_interfaces/cmake/ament_cmake_export_include_directories-extras.cmake\n'}
[36.360000] (ap_interfaces) StdoutLine: {'line': b'-- Installing: C:/Users/ifate/Documents/ros2_airplay/install/share/ap_interfaces/cmake/rosidl_cmake_export_typesupport_libraries-extras.cmake\n'}
[36.360000] (ap_interfaces) StdoutLine: {'line': b'-- Installing: C:/Users/ifate/Documents/ros2_airplay/install/share/ap_interfaces/cmake/rosidl_cmake_export_typesupport_targets-extras.cmake\n'}
[36.375000] (ap_interfaces) StdoutLine: {'line': b'-- Installing: C:/Users/ifate/Documents/ros2_airplay/install/share/ap_interfaces/cmake/ap_interfacesConfig.cmake\n'}
[36.375000] (ap_interfaces) StdoutLine: {'line': b'-- Installing: C:/Users/ifate/Documents/ros2_airplay/install/share/ap_interfaces/cmake/ap_interfacesConfig-version.cmake\n'}
[36.375000] (ap_interfaces) StdoutLine: {'line': b'-- Installing: C:/Users/ifate/Documents/ros2_airplay/install/share/ap_interfaces/package.xml\n'}
[36.422000] (ap_interfaces) CommandEnded: {'returncode': 0}
[36.422000] (-) TimerEvent: {}
[36.532000] (-) TimerEvent: {}
[36.641000] (-) TimerEvent: {}
[36.750000] (-) TimerEvent: {}
[36.782000] (ap_interfaces) JobEnded: {'identifier': 'ap_interfaces', 'rc': 0}
[36.782000] (-) EventReactorShutdown: {}
