-- Selecting Windows SDK version 10.0.19041.0 to target Windows 10.0.19044.
-- Found ament_cmake: 0.9.9 (C:/opt/ros/foxy/x64/share/ament_cmake/cmake)
-- Found PythonInterp: C:/opt/ros/foxy/x64/python.exe (found suitable version "3.8.3", minimum required is "3") 
-- Using PYTHON_EXECUTABLE: C:/opt/ros/foxy/x64/python.exe
-- Found rosidl_default_generators: 1.0.1 (C:/opt/ros/foxy/x64/share/rosidl_default_generators/cmake)
-- Using all available rosidl_typesupport_c: rosidl_typesupport_fastrtps_c;rosidl_typesupport_introspection_c
-- Found rosidl_adapter: 1.2.1 (C:/opt/ros/foxy/x64/share/rosidl_adapter/cmake)
-- Using all available rosidl_typesupport_cpp: rosidl_typesupport_fastrtps_cpp;rosidl_typesupport_introspection_cpp
-- Found rclcpp: 2.4.0 (C:/opt/ros/foxy/x64/share/rclcpp/cmake)
-- Found rmw_implementation_cmake: 1.0.3 (C:/opt/ros/foxy/x64/share/rmw_implementation_cmake/cmake)
-- Using RMW implementation 'rmw_fastrtps_cpp' as default
-- Found std_msgs: 2.0.4 (C:/opt/ros/foxy/x64/share/std_msgs/cmake)
-- Found PythonInterp: C:/opt/ros/foxy/x64/python.exe (found version "3.8.3") 
-- Found ament_cmake_ros: 0.9.2 (C:/opt/ros/foxy/x64/share/ament_cmake_ros/cmake)
-- Using all available rosidl_typesupport_c: rosidl_typesupport_fastrtps_c;rosidl_typesupport_introspection_c
-- Using all available rosidl_typesupport_cpp: rosidl_typesupport_fastrtps_cpp;rosidl_typesupport_introspection_cpp
-- Found PythonInterp: C:/opt/ros/foxy/x64/python.exe (found suitable version "3.8.3", minimum required is "3.5") 
-- Found python_cmake_module: 0.8.1 (C:/opt/ros/foxy/x64/share/python_cmake_module/cmake)
-- Using PYTHON_EXECUTABLE: C:/opt/ros/foxy/x64/python.exe
-- Using PYTHON_INCLUDE_DIRS: C:/opt/ros/foxy/x64/include/python3.8
-- Using PYTHON_LIBRARIES: optimized;C:/opt/ros/foxy/x64/Lib/python38.lib;debug;C:/Python38/libs/python38_d.lib
-- Using numpy include directory: C:\opt\ros\foxy\x64\lib\site-packages\numpy\core\include
-- Found ament_lint_auto: 0.9.6 (C:/opt/ros/foxy/x64/share/ament_lint_auto/cmake)
-- Added test 'copyright' to check source files copyright and LICENSE
-- Added test 'cppcheck' to perform static code analysis on C / C++ code
-- Configured cppcheck include dirs: 
-- Configured cppcheck exclude dirs and/or files: 
-- Added test 'cpplint' to check C / C++ code against the Google style
-- Configured cpplint exclude dirs and/or files: 
-- Added test 'lint_cmake' to check CMake code style
-- Added test 'uncrustify' to check C / C++ code style
-- Configured uncrustify additional arguments: 
-- Added test 'xmllint' to check XML markup files
-- Configuring done
-- Generating done
-- Build files have been written to: C:/Users/ifate/Documents/ros2_airplay/build/ap_interfaces
用于 .NET Framework 的 Microsoft (R) 生成引擎版本 16.11.2+f32259642
版权所有(C) Microsoft Corporation。保留所有权利。

  ap_interfaces__rosidl_generator_c.vcxproj -> C:\Users\ifate\Documents\ros2_airplay\build\ap_interfaces\Release\ap_interfaces__rosidl_generator_c.dll
  ap_interfaces__rosidl_typesupport_c.vcxproj -> C:\Users\ifate\Documents\ros2_airplay\build\ap_interfaces\Release\ap_interfaces__rosidl_typesupport_c.dll
  ap_interfaces__rosidl_typesupport_cpp.vcxproj -> C:\Users\ifate\Documents\ros2_airplay\build\ap_interfaces\Release\ap_interfaces__rosidl_typesupport_cpp.dll
  ap_interfaces__rosidl_typesupport_fastrtps_cpp.vcxproj -> C:\Users\ifate\Documents\ros2_airplay\build\ap_interfaces\Release\ap_interfaces__rosidl_typesupport_fastrtps_cpp.dll
  ap_interfaces__rosidl_typesupport_fastrtps_c.vcxproj -> C:\Users\ifate\Documents\ros2_airplay\build\ap_interfaces\Release\ap_interfaces__rosidl_typesupport_fastrtps_c.dll
  ap_interfaces__rosidl_typesupport_introspection_c.vcxproj -> C:\Users\ifate\Documents\ros2_airplay\build\ap_interfaces\Release\ap_interfaces__rosidl_typesupport_introspection_c.dll
  ap_interfaces__rosidl_typesupport_introspection_cpp.vcxproj -> C:\Users\ifate\Documents\ros2_airplay\build\ap_interfaces\Release\ap_interfaces__rosidl_typesupport_introspection_cpp.dll
  ap_interfaces__python.vcxproj -> C:\Users\ifate\Documents\ros2_airplay\build\ap_interfaces\rosidl_generator_py\ap_interfaces\ap_interfaces__python.dll
  ap_interfaces__rosidl_typesupport_c__pyext.vcxproj -> C:\Users\ifate\Documents\ros2_airplay\build\ap_interfaces\rosidl_generator_py\ap_interfaces\ap_interfaces_s__rosidl_typesupport_c.pyd
  ap_interfaces__rosidl_typesupport_fastrtps_c__pyext.vcxproj -> C:\Users\ifate\Documents\ros2_airplay\build\ap_interfaces\rosidl_generator_py\ap_interfaces\ap_interfaces_s__rosidl_typesupport_fastrtps_c.pyd
  ap_interfaces__rosidl_typesupport_introspection_c__pyext.vcxproj -> C:\Users\ifate\Documents\ros2_airplay\build\ap_interfaces\rosidl_generator_py\ap_interfaces\ap_interfaces_s__rosidl_typesupport_introspection_c.pyd
  player_detection.cpp
C:\opt\ros\foxy\x64\include\rmw/types.h(1,1): warning C4819: 该文件包含不能在当前代码页(936)中表示的字符。请将该文件保存为 Unicode 格式以防止数据丢失 [C:\Users\ifate\Documents\ros2_airplay\build\ap_interfaces\player_detection.vcxproj]
  player_detection.vcxproj -> C:\Users\ifate\Documents\ros2_airplay\build\ap_interfaces\Release\player_detection.exe
-- Up-to-date: C:/Users/ifate/Documents/ros2_airplay/install/share/ament_index/resource_index/rosidl_interfaces/ap_interfaces
-- Up-to-date: C:/Users/ifate/Documents/ros2_airplay/install/include/ap_interfaces
-- Up-to-date: C:/Users/ifate/Documents/ros2_airplay/install/include/ap_interfaces/msg
-- Up-to-date: C:/Users/ifate/Documents/ros2_airplay/install/include/ap_interfaces/msg/detail
-- Up-to-date: C:/Users/ifate/Documents/ros2_airplay/install/include/ap_interfaces/msg/detail/pos__functions.c
-- Up-to-date: C:/Users/ifate/Documents/ros2_airplay/install/include/ap_interfaces/msg/detail/pos__functions.h
-- Up-to-date: C:/Users/ifate/Documents/ros2_airplay/install/include/ap_interfaces/msg/detail/pos__struct.h
-- Up-to-date: C:/Users/ifate/Documents/ros2_airplay/install/include/ap_interfaces/msg/detail/pos__type_support.h
-- Up-to-date: C:/Users/ifate/Documents/ros2_airplay/install/include/ap_interfaces/msg/pos.h
-- Up-to-date: C:/Users/ifate/Documents/ros2_airplay/install/include/ap_interfaces/msg/rosidl_generator_c__visibility_control.h
-- Up-to-date: C:/Users/ifate/Documents/ros2_airplay/install/lib/ap_interfaces__rosidl_generator_c.lib
-- Up-to-date: C:/Users/ifate/Documents/ros2_airplay/install/bin/ap_interfaces__rosidl_generator_c.dll
-- Up-to-date: C:/Users/ifate/Documents/ros2_airplay/install/include/ap_interfaces
-- Up-to-date: C:/Users/ifate/Documents/ros2_airplay/install/include/ap_interfaces/msg
-- Up-to-date: C:/Users/ifate/Documents/ros2_airplay/install/include/ap_interfaces/msg/detail
-- Up-to-date: C:/Users/ifate/Documents/ros2_airplay/install/include/ap_interfaces/msg/detail/pos__rosidl_typesupport_fastrtps_c.h
-- Up-to-date: C:/Users/ifate/Documents/ros2_airplay/install/include/ap_interfaces/msg/rosidl_typesupport_fastrtps_c__visibility_control.h
-- Up-to-date: C:/Users/ifate/Documents/ros2_airplay/install/lib/ap_interfaces__rosidl_typesupport_fastrtps_c.lib
-- Up-to-date: C:/Users/ifate/Documents/ros2_airplay/install/bin/ap_interfaces__rosidl_typesupport_fastrtps_c.dll
-- Up-to-date: C:/Users/ifate/Documents/ros2_airplay/install/include/ap_interfaces
-- Up-to-date: C:/Users/ifate/Documents/ros2_airplay/install/include/ap_interfaces/msg
-- Up-to-date: C:/Users/ifate/Documents/ros2_airplay/install/include/ap_interfaces/msg/detail
-- Up-to-date: C:/Users/ifate/Documents/ros2_airplay/install/include/ap_interfaces/msg/detail/dds_fastrtps
-- Up-to-date: C:/Users/ifate/Documents/ros2_airplay/install/include/ap_interfaces/msg/detail/pos__rosidl_typesupport_fastrtps_cpp.hpp
-- Up-to-date: C:/Users/ifate/Documents/ros2_airplay/install/include/ap_interfaces/msg/rosidl_typesupport_fastrtps_cpp__visibility_control.h
-- Up-to-date: C:/Users/ifate/Documents/ros2_airplay/install/lib/ap_interfaces__rosidl_typesupport_fastrtps_cpp.lib
-- Up-to-date: C:/Users/ifate/Documents/ros2_airplay/install/bin/ap_interfaces__rosidl_typesupport_fastrtps_cpp.dll
-- Up-to-date: C:/Users/ifate/Documents/ros2_airplay/install/include/ap_interfaces
-- Up-to-date: C:/Users/ifate/Documents/ros2_airplay/install/include/ap_interfaces/msg
-- Up-to-date: C:/Users/ifate/Documents/ros2_airplay/install/include/ap_interfaces/msg/detail
-- Up-to-date: C:/Users/ifate/Documents/ros2_airplay/install/include/ap_interfaces/msg/detail/pos__rosidl_typesupport_introspection_c.h
-- Up-to-date: C:/Users/ifate/Documents/ros2_airplay/install/include/ap_interfaces/msg/detail/pos__type_support.c
-- Up-to-date: C:/Users/ifate/Documents/ros2_airplay/install/include/ap_interfaces/msg/rosidl_typesupport_introspection_c__visibility_control.h
-- Up-to-date: C:/Users/ifate/Documents/ros2_airplay/install/lib/ap_interfaces__rosidl_typesupport_introspection_c.lib
-- Up-to-date: C:/Users/ifate/Documents/ros2_airplay/install/bin/ap_interfaces__rosidl_typesupport_introspection_c.dll
-- Up-to-date: C:/Users/ifate/Documents/ros2_airplay/install/lib/ap_interfaces__rosidl_typesupport_c.lib
-- Up-to-date: C:/Users/ifate/Documents/ros2_airplay/install/bin/ap_interfaces__rosidl_typesupport_c.dll
-- Up-to-date: C:/Users/ifate/Documents/ros2_airplay/install/include/ap_interfaces
-- Up-to-date: C:/Users/ifate/Documents/ros2_airplay/install/include/ap_interfaces/msg
-- Up-to-date: C:/Users/ifate/Documents/ros2_airplay/install/include/ap_interfaces/msg/detail
-- Up-to-date: C:/Users/ifate/Documents/ros2_airplay/install/include/ap_interfaces/msg/detail/pos__builder.hpp
-- Up-to-date: C:/Users/ifate/Documents/ros2_airplay/install/include/ap_interfaces/msg/detail/pos__struct.hpp
-- Up-to-date: C:/Users/ifate/Documents/ros2_airplay/install/include/ap_interfaces/msg/detail/pos__traits.hpp
-- Up-to-date: C:/Users/ifate/Documents/ros2_airplay/install/include/ap_interfaces/msg/pos.hpp
-- Up-to-date: C:/Users/ifate/Documents/ros2_airplay/install/include/ap_interfaces
-- Up-to-date: C:/Users/ifate/Documents/ros2_airplay/install/include/ap_interfaces/msg
-- Up-to-date: C:/Users/ifate/Documents/ros2_airplay/install/include/ap_interfaces/msg/detail
-- Up-to-date: C:/Users/ifate/Documents/ros2_airplay/install/include/ap_interfaces/msg/detail/pos__rosidl_typesupport_introspection_cpp.hpp
-- Up-to-date: C:/Users/ifate/Documents/ros2_airplay/install/include/ap_interfaces/msg/detail/pos__type_support.cpp
-- Up-to-date: C:/Users/ifate/Documents/ros2_airplay/install/lib/ap_interfaces__rosidl_typesupport_introspection_cpp.lib
-- Up-to-date: C:/Users/ifate/Documents/ros2_airplay/install/bin/ap_interfaces__rosidl_typesupport_introspection_cpp.dll
-- Up-to-date: C:/Users/ifate/Documents/ros2_airplay/install/lib/ap_interfaces__rosidl_typesupport_cpp.lib
-- Up-to-date: C:/Users/ifate/Documents/ros2_airplay/install/bin/ap_interfaces__rosidl_typesupport_cpp.dll
-- Up-to-date: C:/Users/ifate/Documents/ros2_airplay/install/share/ap_interfaces/environment/pythonpath.bat
-- Installing: C:/Users/ifate/Documents/ros2_airplay/install/share/ap_interfaces/environment/pythonpath.dsv
-- Installing: C:/Users/ifate/Documents/ros2_airplay/install/Lib/site-packages/ap_interfaces/__init__.py
Compiling 'C:/Users/ifate/Documents/ros2_airplay/install/Lib/site-packages/ap_interfaces/__init__.py'...
-- Up-to-date: C:/Users/ifate/Documents/ros2_airplay/install/Lib/site-packages/ap_interfaces/msg
-- Up-to-date: C:/Users/ifate/Documents/ros2_airplay/install/Lib/site-packages/ap_interfaces/msg/_pos.py
-- Up-to-date: C:/Users/ifate/Documents/ros2_airplay/install/Lib/site-packages/ap_interfaces/msg/_pos_s.c
-- Up-to-date: C:/Users/ifate/Documents/ros2_airplay/install/Lib/site-packages/ap_interfaces/msg/__init__.py
-- Up-to-date: C:/Users/ifate/Documents/ros2_airplay/install/Lib/site-packages/ap_interfaces/ap_interfaces_s__rosidl_typesupport_fastrtps_c.lib
-- Up-to-date: C:/Users/ifate/Documents/ros2_airplay/install/Lib/site-packages/ap_interfaces/ap_interfaces_s__rosidl_typesupport_fastrtps_c.pyd
-- Up-to-date: C:/Users/ifate/Documents/ros2_airplay/install/Lib/site-packages/ap_interfaces/ap_interfaces_s__rosidl_typesupport_introspection_c.lib
-- Up-to-date: C:/Users/ifate/Documents/ros2_airplay/install/Lib/site-packages/ap_interfaces/ap_interfaces_s__rosidl_typesupport_introspection_c.pyd
-- Up-to-date: C:/Users/ifate/Documents/ros2_airplay/install/Lib/site-packages/ap_interfaces/ap_interfaces_s__rosidl_typesupport_c.lib
-- Up-to-date: C:/Users/ifate/Documents/ros2_airplay/install/Lib/site-packages/ap_interfaces/ap_interfaces_s__rosidl_typesupport_c.pyd
-- Up-to-date: C:/Users/ifate/Documents/ros2_airplay/install/lib/ap_interfaces__python.lib
-- Up-to-date: C:/Users/ifate/Documents/ros2_airplay/install/bin/ap_interfaces__python.dll
-- Up-to-date: C:/Users/ifate/Documents/ros2_airplay/install/share/ap_interfaces/msg/Pos.idl
-- Up-to-date: C:/Users/ifate/Documents/ros2_airplay/install/share/ap_interfaces/msg/Pos.msg
-- Installing: C:/Users/ifate/Documents/ros2_airplay/install/lib/ap_interfaces/player_detection.exe
-- Up-to-date: C:/Users/ifate/Documents/ros2_airplay/install/share/ament_index/resource_index/package_run_dependencies/ap_interfaces
-- Up-to-date: C:/Users/ifate/Documents/ros2_airplay/install/share/ament_index/resource_index/parent_prefix_path/ap_interfaces
-- Up-to-date: C:/Users/ifate/Documents/ros2_airplay/install/share/ap_interfaces/environment/ament_prefix_path.bat
-- Installing: C:/Users/ifate/Documents/ros2_airplay/install/share/ap_interfaces/environment/ament_prefix_path.dsv
-- Up-to-date: C:/Users/ifate/Documents/ros2_airplay/install/share/ap_interfaces/environment/path.bat
-- Installing: C:/Users/ifate/Documents/ros2_airplay/install/share/ap_interfaces/environment/path.dsv
-- Up-to-date: C:/Users/ifate/Documents/ros2_airplay/install/share/ap_interfaces/local_setup.bat
-- Installing: C:/Users/ifate/Documents/ros2_airplay/install/share/ap_interfaces/local_setup.dsv
-- Installing: C:/Users/ifate/Documents/ros2_airplay/install/share/ap_interfaces/package.dsv
-- Up-to-date: C:/Users/ifate/Documents/ros2_airplay/install/share/ament_index/resource_index/packages/ap_interfaces
-- Up-to-date: C:/Users/ifate/Documents/ros2_airplay/install/share/ap_interfaces/cmake/ap_interfaces__rosidl_generator_cExport.cmake
-- Installing: C:/Users/ifate/Documents/ros2_airplay/install/share/ap_interfaces/cmake/ap_interfaces__rosidl_generator_cExport-release.cmake
-- Up-to-date: C:/Users/ifate/Documents/ros2_airplay/install/share/ap_interfaces/cmake/ap_interfaces__rosidl_typesupport_introspection_cExport.cmake
-- Installing: C:/Users/ifate/Documents/ros2_airplay/install/share/ap_interfaces/cmake/ap_interfaces__rosidl_typesupport_introspection_cExport-release.cmake
-- Up-to-date: C:/Users/ifate/Documents/ros2_airplay/install/share/ap_interfaces/cmake/ap_interfaces__rosidl_typesupport_cExport.cmake
-- Installing: C:/Users/ifate/Documents/ros2_airplay/install/share/ap_interfaces/cmake/ap_interfaces__rosidl_typesupport_cExport-release.cmake
-- Up-to-date: C:/Users/ifate/Documents/ros2_airplay/install/share/ap_interfaces/cmake/ap_interfaces__rosidl_generator_cppExport.cmake
-- Up-to-date: C:/Users/ifate/Documents/ros2_airplay/install/share/ap_interfaces/cmake/ap_interfaces__rosidl_typesupport_introspection_cppExport.cmake
-- Installing: C:/Users/ifate/Documents/ros2_airplay/install/share/ap_interfaces/cmake/ap_interfaces__rosidl_typesupport_introspection_cppExport-release.cmake
-- Up-to-date: C:/Users/ifate/Documents/ros2_airplay/install/share/ap_interfaces/cmake/ap_interfaces__rosidl_typesupport_cppExport.cmake
-- Installing: C:/Users/ifate/Documents/ros2_airplay/install/share/ap_interfaces/cmake/ap_interfaces__rosidl_typesupport_cppExport-release.cmake
-- Up-to-date: C:/Users/ifate/Documents/ros2_airplay/install/share/ap_interfaces/cmake/rosidl_cmake-extras.cmake
-- Up-to-date: C:/Users/ifate/Documents/ros2_airplay/install/share/ap_interfaces/cmake/ament_cmake_export_dependencies-extras.cmake
-- Up-to-date: C:/Users/ifate/Documents/ros2_airplay/install/share/ap_interfaces/cmake/ament_cmake_export_libraries-extras.cmake
-- Up-to-date: C:/Users/ifate/Documents/ros2_airplay/install/share/ap_interfaces/cmake/ament_cmake_export_targets-extras.cmake
-- Up-to-date: C:/Users/ifate/Documents/ros2_airplay/install/share/ap_interfaces/cmake/ament_cmake_export_include_directories-extras.cmake
-- Up-to-date: C:/Users/ifate/Documents/ros2_airplay/install/share/ap_interfaces/cmake/rosidl_cmake_export_typesupport_libraries-extras.cmake
-- Up-to-date: C:/Users/ifate/Documents/ros2_airplay/install/share/ap_interfaces/cmake/rosidl_cmake_export_typesupport_targets-extras.cmake
-- Up-to-date: C:/Users/ifate/Documents/ros2_airplay/install/share/ap_interfaces/cmake/ap_interfacesConfig.cmake
-- Up-to-date: C:/Users/ifate/Documents/ros2_airplay/install/share/ap_interfaces/cmake/ap_interfacesConfig-version.cmake
-- Up-to-date: C:/Users/ifate/Documents/ros2_airplay/install/share/ap_interfaces/package.xml
