[0.734s] [34mcolcon[0m [1;30mDEBUG[0m [32mCommand line arguments: ['c:\\opt\\ros\\foxy\\x64\\Scripts\\colcon', 'build', '--merge-install'][0m
[0.735s] [34mcolcon[0m [1;30mDEBUG[0m [32mParsed command line arguments: Namespace(ament_cmake_args=None, base_paths=['.'], build_base='build', catkin_cmake_args=None, catkin_skip_building_tests=False, cmake_args=None, cmake_clean_cache=False, cmake_clean_first=False, cmake_force_configure=False, cmake_target=None, cmake_target_skip_unavailable=False, continue_on_error=False, event_handlers=None, executor='parallel', ignore_user_meta=False, install_base='install', log_base=None, log_level=None, main=<bound method BuildVerb.main of <colcon_core.verb.build.BuildVerb object at 0x0000021AFBBC9760>>, merge_install=True, metas=['./colcon.meta'], packages_above=None, packages_above_and_dependencies=None, packages_above_depth=None, packages_end=None, packages_ignore=None, packages_ignore_regex=None, packages_select=None, packages_select_build_failed=False, packages_select_by_dep=None, packages_select_regex=None, packages_select_test_failures=False, packages_skip=None, packages_skip_build_finished=False, packages_skip_by_dep=None, packages_skip_regex=None, packages_skip_test_passed=False, packages_skip_up_to=None, packages_start=None, packages_up_to=None, packages_up_to_regex=None, parallel_workers=8, paths=None, symlink_install=False, test_result_base=None, verb_extension=<colcon_core.verb.build.BuildVerb object at 0x0000021AFBBC9760>, verb_name='build', verb_parser=<colcon_defaults.argument_parser.defaults.DefaultArgumentsDecorator object at 0x0000021AFBBC9C40>)[0m
[0.874s] [34mcolcon.colcon_core.package_discovery[0m [1;30mLevel 1[0m discover_packages(colcon_meta) check parameters
[0.874s] [34mcolcon.colcon_core.package_discovery[0m [1;30mLevel 1[0m discover_packages(recursive) check parameters
[0.874s] [34mcolcon.colcon_core.package_discovery[0m [1;30mLevel 1[0m discover_packages(ignore) check parameters
[0.874s] [34mcolcon.colcon_core.package_discovery[0m [1;30mLevel 1[0m discover_packages(path) check parameters
[0.874s] [34mcolcon.colcon_core.package_discovery[0m [1;30mLevel 1[0m discover_packages(colcon_meta) discover
[0.874s] [34mcolcon.colcon_core.package_discovery[0m [1;30mLevel 1[0m discover_packages(recursive) discover
[0.874s] [34mcolcon.colcon_core.package_discovery[0m [1;30mINFO[0m Crawling recursively for packages in 'C:\Users\ifate\Documents\ros2_airplay'
[0.875s] [34mcolcon.colcon_core.package_identification[0m [1;30mLevel 1[0m _identify(.) by extensions ['ignore', 'ignore_ament_install']
[0.875s] [34mcolcon.colcon_core.package_identification[0m [1;30mLevel 1[0m _identify(.) by extension 'ignore'
[0.875s] [34mcolcon.colcon_core.package_identification[0m [1;30mLevel 1[0m _identify(.) by extension 'ignore_ament_install'
[0.875s] [34mcolcon.colcon_core.package_identification[0m [1;30mLevel 1[0m _identify(.) by extensions ['colcon_pkg']
[0.875s] [34mcolcon.colcon_core.package_identification[0m [1;30mLevel 1[0m _identify(.) by extension 'colcon_pkg'
[0.875s] [34mcolcon.colcon_core.package_identification[0m [1;30mLevel 1[0m _identify(.) by extensions ['colcon_meta']
[0.875s] [34mcolcon.colcon_core.package_identification[0m [1;30mLevel 1[0m _identify(.) by extension 'colcon_meta'
[0.875s] [34mcolcon.colcon_core.package_identification[0m [1;30mLevel 1[0m _identify(.) by extensions ['ros']
[0.875s] [34mcolcon.colcon_core.package_identification[0m [1;30mLevel 1[0m _identify(.) by extension 'ros'
[0.890s] [34mcolcon.colcon_core.package_identification[0m [1;30mLevel 1[0m _identify(.) by extensions ['cmake', 'python']
[0.890s] [34mcolcon.colcon_core.package_identification[0m [1;30mLevel 1[0m _identify(.) by extension 'cmake'
[0.890s] [34mcolcon.colcon_core.package_identification[0m [1;30mLevel 1[0m _identify(.) by extension 'python'
[0.890s] [34mcolcon.colcon_core.package_identification[0m [1;30mLevel 1[0m _identify(.) by extensions ['python_setup_py']
[0.890s] [34mcolcon.colcon_core.package_identification[0m [1;30mLevel 1[0m _identify(.) by extension 'python_setup_py'
[0.891s] [34mcolcon.colcon_core.package_identification[0m [1;30mLevel 1[0m _identify(build) by extensions ['ignore', 'ignore_ament_install']
[0.891s] [34mcolcon.colcon_core.package_identification[0m [1;30mLevel 1[0m _identify(build) by extension 'ignore'
[0.891s] [34mcolcon.colcon_core.package_identification[0m [1;30mLevel 1[0m _identify(build) ignored
[0.891s] [34mcolcon.colcon_core.package_identification[0m [1;30mLevel 1[0m _identify(install) by extensions ['ignore', 'ignore_ament_install']
[0.891s] [34mcolcon.colcon_core.package_identification[0m [1;30mLevel 1[0m _identify(install) by extension 'ignore'
[0.891s] [34mcolcon.colcon_core.package_identification[0m [1;30mLevel 1[0m _identify(install) ignored
[0.892s] [34mcolcon.colcon_core.package_identification[0m [1;30mLevel 1[0m _identify(log) by extensions ['ignore', 'ignore_ament_install']
[0.892s] [34mcolcon.colcon_core.package_identification[0m [1;30mLevel 1[0m _identify(log) by extension 'ignore'
[0.892s] [34mcolcon.colcon_core.package_identification[0m [1;30mLevel 1[0m _identify(log) ignored
[0.892s] [34mcolcon.colcon_core.package_identification[0m [1;30mLevel 1[0m _identify(src) by extensions ['ignore', 'ignore_ament_install']
[0.892s] [34mcolcon.colcon_core.package_identification[0m [1;30mLevel 1[0m _identify(src) by extension 'ignore'
[0.892s] [34mcolcon.colcon_core.package_identification[0m [1;30mLevel 1[0m _identify(src) by extension 'ignore_ament_install'
[0.892s] [34mcolcon.colcon_core.package_identification[0m [1;30mLevel 1[0m _identify(src) by extensions ['colcon_pkg']
[0.892s] [34mcolcon.colcon_core.package_identification[0m [1;30mLevel 1[0m _identify(src) by extension 'colcon_pkg'
[0.892s] [34mcolcon.colcon_core.package_identification[0m [1;30mLevel 1[0m _identify(src) by extensions ['colcon_meta']
[0.893s] [34mcolcon.colcon_core.package_identification[0m [1;30mLevel 1[0m _identify(src) by extension 'colcon_meta'
[0.893s] [34mcolcon.colcon_core.package_identification[0m [1;30mLevel 1[0m _identify(src) by extensions ['ros']
[0.893s] [34mcolcon.colcon_core.package_identification[0m [1;30mLevel 1[0m _identify(src) by extension 'ros'
[0.893s] [34mcolcon.colcon_core.package_identification[0m [1;30mLevel 1[0m _identify(src) by extensions ['cmake', 'python']
[0.894s] [34mcolcon.colcon_core.package_identification[0m [1;30mLevel 1[0m _identify(src) by extension 'cmake'
[0.894s] [34mcolcon.colcon_core.package_identification[0m [1;30mLevel 1[0m _identify(src) by extension 'python'
[0.894s] [34mcolcon.colcon_core.package_identification[0m [1;30mLevel 1[0m _identify(src) by extensions ['python_setup_py']
[0.894s] [34mcolcon.colcon_core.package_identification[0m [1;30mLevel 1[0m _identify(src) by extension 'python_setup_py'
[0.894s] [34mcolcon.colcon_core.package_identification[0m [1;30mLevel 1[0m _identify(src\ap_interfaces) by extensions ['ignore', 'ignore_ament_install']
[0.894s] [34mcolcon.colcon_core.package_identification[0m [1;30mLevel 1[0m _identify(src\ap_interfaces) by extension 'ignore'
[0.894s] [34mcolcon.colcon_core.package_identification[0m [1;30mLevel 1[0m _identify(src\ap_interfaces) by extension 'ignore_ament_install'
[0.895s] [34mcolcon.colcon_core.package_identification[0m [1;30mLevel 1[0m _identify(src\ap_interfaces) by extensions ['colcon_pkg']
[0.895s] [34mcolcon.colcon_core.package_identification[0m [1;30mLevel 1[0m _identify(src\ap_interfaces) by extension 'colcon_pkg'
[0.895s] [34mcolcon.colcon_core.package_identification[0m [1;30mLevel 1[0m _identify(src\ap_interfaces) by extensions ['colcon_meta']
[0.895s] [34mcolcon.colcon_core.package_identification[0m [1;30mLevel 1[0m _identify(src\ap_interfaces) by extension 'colcon_meta'
[0.895s] [34mcolcon.colcon_core.package_identification[0m [1;30mLevel 1[0m _identify(src\ap_interfaces) by extensions ['ros']
[0.895s] [34mcolcon.colcon_core.package_identification[0m [1;30mLevel 1[0m _identify(src\ap_interfaces) by extension 'ros'
[0.900s] [34mcolcon.colcon_core.package_identification[0m [1;30mDEBUG[0m [32mPackage 'src\ap_interfaces' with type 'ros.ament_cmake' and name 'ap_interfaces'[0m
[0.900s] [34mcolcon.colcon_core.package_discovery[0m [1;30mLevel 1[0m discover_packages(recursive) using defaults
[0.900s] [34mcolcon.colcon_core.package_discovery[0m [1;30mLevel 1[0m discover_packages(ignore) discover
[0.900s] [34mcolcon.colcon_core.package_discovery[0m [1;30mLevel 1[0m discover_packages(ignore) using defaults
[0.900s] [34mcolcon.colcon_core.package_discovery[0m [1;30mLevel 1[0m discover_packages(path) discover
[0.900s] [34mcolcon.colcon_core.package_discovery[0m [1;30mLevel 1[0m discover_packages(path) using defaults
[0.932s] [34mcolcon.colcon_core.verb[0m [1;30mLevel 5[0m set package 'ap_interfaces' build argument 'cmake_args' from command line to 'None'
[0.932s] [34mcolcon.colcon_core.verb[0m [1;30mLevel 5[0m set package 'ap_interfaces' build argument 'cmake_target' from command line to 'None'
[0.932s] [34mcolcon.colcon_core.verb[0m [1;30mLevel 5[0m set package 'ap_interfaces' build argument 'cmake_target_skip_unavailable' from command line to 'False'
[0.932s] [34mcolcon.colcon_core.verb[0m [1;30mLevel 5[0m set package 'ap_interfaces' build argument 'cmake_clean_cache' from command line to 'False'
[0.932s] [34mcolcon.colcon_core.verb[0m [1;30mLevel 5[0m set package 'ap_interfaces' build argument 'cmake_clean_first' from command line to 'False'
[0.932s] [34mcolcon.colcon_core.verb[0m [1;30mLevel 5[0m set package 'ap_interfaces' build argument 'cmake_force_configure' from command line to 'False'
[0.932s] [34mcolcon.colcon_core.verb[0m [1;30mLevel 5[0m set package 'ap_interfaces' build argument 'ament_cmake_args' from command line to 'None'
[0.932s] [34mcolcon.colcon_core.verb[0m [1;30mLevel 5[0m set package 'ap_interfaces' build argument 'catkin_cmake_args' from command line to 'None'
[0.932s] [34mcolcon.colcon_core.verb[0m [1;30mLevel 5[0m set package 'ap_interfaces' build argument 'catkin_skip_building_tests' from command line to 'False'
[0.932s] [34mcolcon.colcon_core.verb[0m [1;30mDEBUG[0m [32mBuilding package 'ap_interfaces' with the following arguments: {'ament_cmake_args': None, 'build_base': 'C:\\Users\\ifate\\Documents\\ros2_airplay\\build\\ap_interfaces', 'catkin_cmake_args': None, 'catkin_skip_building_tests': False, 'cmake_args': None, 'cmake_clean_cache': False, 'cmake_clean_first': False, 'cmake_force_configure': False, 'cmake_target': None, 'cmake_target_skip_unavailable': False, 'install_base': 'C:\\Users\\ifate\\Documents\\ros2_airplay\\install', 'merge_install': True, 'path': 'C:\\Users\\ifate\\Documents\\ros2_airplay\\src\\ap_interfaces', 'symlink_install': False, 'test_result_base': None}[0m
[0.935s] [34mcolcon.colcon_core.executor[0m [1;30mINFO[0m Executing jobs using 'parallel' executor
[0.960s] [34mcolcon.colcon_parallel_executor.executor.parallel[0m [1;30mDEBUG[0m [32mrun_until_complete[0m
[0.960s] [34mcolcon.colcon_ros.task.ament_cmake.build[0m [1;30mINFO[0m Building ROS package in 'C:\Users\ifate\Documents\ros2_airplay\src\ap_interfaces' with build type 'ament_cmake'
[0.960s] [34mcolcon.colcon_cmake.task.cmake.build[0m [1;30mINFO[0m Building CMake package in 'C:\Users\ifate\Documents\ros2_airplay\src\ap_interfaces'
[0.970s] [34mcolcon.colcon_core.plugin_system[0m [1;30mINFO[0m Skipping extension 'colcon_core.shell.sh': Not used on Windows systems
[0.970s] [34mcolcon.colcon_core.shell[0m [1;30mINFO[0m Skip shell extension 'powershell' for command environment: Not usable outside of PowerShell
[0.981s] [34mcolcon.colcon_ros.prefix_path.catkin[0m [1;30mWARNING[0m [33mThe path 'C:\opt\ros\foxy\x64\tools\vcpkg\installed\x64-windows' in the environment variable CMAKE_PREFIX_PATH doesn't exist[0m
[1.069s] [34mcolcon.colcon_core.event_handler.log_command[0m [1;30mDEBUG[0m [32mInvoking command in 'C:\Users\ifate\Documents\ros2_airplay\build\ap_interfaces': c:\opt\ros\foxy\x64\Scripts\cmake.EXE C:\Users\ifate\Documents\ros2_airplay\src\ap_interfaces -DCMAKE_INSTALL_PREFIX=C:\Users\ifate\Documents\ros2_airplay\install[0m
[4.842s] [34mcolcon.colcon_core.event_handler.log_command[0m [1;30mDEBUG[0m [32mInvoked command in 'C:\Users\ifate\Documents\ros2_airplay\build\ap_interfaces' returned '0': c:\opt\ros\foxy\x64\Scripts\cmake.EXE C:\Users\ifate\Documents\ros2_airplay\src\ap_interfaces -DCMAKE_INSTALL_PREFIX=C:\Users\ifate\Documents\ros2_airplay\install[0m
[4.845s] [34mcolcon.colcon_core.event_handler.log_command[0m [1;30mDEBUG[0m [32mInvoking command in 'C:\Users\ifate\Documents\ros2_airplay\build\ap_interfaces': CL=/MP c:\opt\ros\foxy\x64\Scripts\cmake.EXE --build C:\Users\ifate\Documents\ros2_airplay\build\ap_interfaces --config Release[0m
[10.556s] [34mcolcon.colcon_core.event_handler.log_command[0m [1;30mDEBUG[0m [32mInvoked command in 'C:\Users\ifate\Documents\ros2_airplay\build\ap_interfaces' returned '1': CL=/MP c:\opt\ros\foxy\x64\Scripts\cmake.EXE --build C:\Users\ifate\Documents\ros2_airplay\build\ap_interfaces --config Release[0m
[10.563s] [34mcolcon.colcon_core.environment[0m [1;30mLevel 1[0m create_environment_scripts_only(ap_interfaces)
[10.582s] [34mcolcon.colcon_core.environment[0m [1;30mLevel 1[0m checking 'C:\Users\ifate\Documents\ros2_airplay\install' for CMake module files
[10.585s] [34mcolcon.colcon_core.environment[0m [1;30mLevel 1[0m checking 'C:\Users\ifate\Documents\ros2_airplay\install' for CMake config files
[10.587s] [34mcolcon.colcon_core.shell[0m [1;30mLevel 1[0m create_environment_hook('ap_interfaces', 'cmake_prefix_path')
[10.593s] [34mcolcon.colcon_core.shell[0m [1;30mINFO[0m Creating environment hook 'C:\Users\ifate\Documents\ros2_airplay\install\share\ap_interfaces\hook\cmake_prefix_path.ps1'
[10.594s] [34mcolcon.colcon_core.shell[0m [1;30mINFO[0m Creating environment hook 'C:\Users\ifate\Documents\ros2_airplay\install\share\ap_interfaces\hook\cmake_prefix_path.bat'
[10.596s] [34mcolcon.colcon_core.shell[0m [1;30mINFO[0m Creating environment descriptor 'C:\Users\ifate\Documents\ros2_airplay\install\share\ap_interfaces\hook\cmake_prefix_path.dsv'
[10.597s] [34mcolcon.colcon_core.environment[0m [1;30mLevel 1[0m checking 'C:\Users\ifate\Documents\ros2_airplay\install\bin'
[10.598s] [34mcolcon.colcon_core.shell[0m [1;30mLevel 1[0m create_environment_hook('ap_interfaces', 'path_dll')
[10.604s] [34mcolcon.colcon_core.shell[0m [1;30mINFO[0m Creating environment hook 'C:\Users\ifate\Documents\ros2_airplay\install\share\ap_interfaces\hook\path_dll.ps1'
[10.605s] [34mcolcon.colcon_core.shell[0m [1;30mINFO[0m Creating environment hook 'C:\Users\ifate\Documents\ros2_airplay\install\share\ap_interfaces\hook\path_dll.bat'
[10.606s] [34mcolcon.colcon_core.shell[0m [1;30mINFO[0m Creating environment descriptor 'C:\Users\ifate\Documents\ros2_airplay\install\share\ap_interfaces\hook\path_dll.dsv'
[10.608s] [34mcolcon.colcon_core.environment[0m [1;30mLevel 1[0m checking 'C:\Users\ifate\Documents\ros2_airplay\install\bin'
[10.608s] [34mcolcon.colcon_core.shell[0m [1;30mLevel 1[0m create_environment_hook('ap_interfaces', 'path')
[10.614s] [34mcolcon.colcon_core.shell[0m [1;30mINFO[0m Creating environment hook 'C:\Users\ifate\Documents\ros2_airplay\install\share\ap_interfaces\hook\path.ps1'
[10.616s] [34mcolcon.colcon_core.shell[0m [1;30mINFO[0m Creating environment hook 'C:\Users\ifate\Documents\ros2_airplay\install\share\ap_interfaces\hook\path.bat'
[10.616s] [34mcolcon.colcon_core.shell[0m [1;30mINFO[0m Creating environment descriptor 'C:\Users\ifate\Documents\ros2_airplay\install\share\ap_interfaces\hook\path.dsv'
[10.618s] [34mcolcon.colcon_core.environment[0m [1;30mLevel 1[0m checking 'C:\Users\ifate\Documents\ros2_airplay\install\Scripts'
[10.618s] [34mcolcon.colcon_core.environment[0m [1;30mLevel 1[0m checking 'C:\Users\ifate\Documents\ros2_airplay\install\lib\pkgconfig\ap_interfaces.pc'
[10.618s] [34mcolcon.colcon_core.environment[0m [1;30mLevel 1[0m checking 'C:\Users\ifate\Documents\ros2_airplay\install\Lib\site-packages'
[10.618s] [34mcolcon.colcon_core.shell[0m [1;30mLevel 1[0m create_environment_hook('ap_interfaces', 'pythonpath')
[10.626s] [34mcolcon.colcon_core.shell[0m [1;30mINFO[0m Creating environment hook 'C:\Users\ifate\Documents\ros2_airplay\install\share\ap_interfaces\hook\pythonpath.ps1'
[10.627s] [34mcolcon.colcon_core.shell[0m [1;30mINFO[0m Creating environment hook 'C:\Users\ifate\Documents\ros2_airplay\install\share\ap_interfaces\hook\pythonpath.bat'
[10.629s] [34mcolcon.colcon_core.shell[0m [1;30mINFO[0m Creating environment descriptor 'C:\Users\ifate\Documents\ros2_airplay\install\share\ap_interfaces\hook\pythonpath.dsv'
[10.637s] [34mcolcon.colcon_core.shell[0m [1;30mINFO[0m Creating package script 'C:\Users\ifate\Documents\ros2_airplay\install\share\ap_interfaces\package.ps1'
[10.638s] [34mcolcon.colcon_core.shell[0m [1;30mINFO[0m Creating package script 'C:\Users\ifate\Documents\ros2_airplay\install\share\ap_interfaces\package.bat'
[10.640s] [34mcolcon.colcon_core.shell[0m [1;30mINFO[0m Creating package descriptor 'C:\Users\ifate\Documents\ros2_airplay\install\share\ap_interfaces\package.dsv'
[10.641s] [34mcolcon.colcon_core.environment[0m [1;30mLevel 1[0m create_file_with_runtime_dependencies(C:\Users\ifate\Documents\ros2_airplay\install\share\colcon-core\packages\ap_interfaces)
[10.659s] [34mcolcon.colcon_parallel_executor.executor.parallel[0m [1;30mDEBUG[0m [32mrun_until_complete finished with '1'[0m
[10.660s] [34mcolcon.colcon_core.event_reactor[0m [1;30mDEBUG[0m [32mjoining thread[0m
[10.673s] [34mcolcon.colcon_core.plugin_system[0m [1;30mINFO[0m Skipping extension 'colcon_notification.desktop_notification.notify2': 'notify2' not found
[10.673s] [34mcolcon.colcon_core.plugin_system[0m [1;30mINFO[0m Skipping extension 'colcon_notification.desktop_notification.notify_send': Not used on non-Linux systems
[10.674s] [34mcolcon.colcon_core.plugin_system[0m [1;30mINFO[0m Skipping extension 'colcon_notification.desktop_notification.terminal_notifier': Not used on non-Darwin systems
[10.674s] [34mcolcon.colcon_notification.desktop_notification[0m [1;30mINFO[0m Sending desktop notification using 'win32'
[15.755s] [34mcolcon.colcon_core.event_reactor[0m [1;30mDEBUG[0m [32mjoined thread[0m
[15.763s] [34mcolcon.colcon_core.shell[0m [1;30mINFO[0m Creating prefix script 'C:\Users\ifate\Documents\ros2_airplay\install\local_setup.ps1'
[15.764s] [34mcolcon.colcon_core.shell[0m [1;30mINFO[0m Creating prefix util module 'C:\Users\ifate\Documents\ros2_airplay\install\_local_setup_util_ps1.py'
[15.767s] [34mcolcon.colcon_core.shell[0m [1;30mINFO[0m Creating prefix chain script 'C:\Users\ifate\Documents\ros2_airplay\install\setup.ps1'
[15.776s] [34mcolcon.colcon_core.shell[0m [1;30mINFO[0m Creating prefix script 'C:\Users\ifate\Documents\ros2_airplay\install\local_setup.bat'
[15.777s] [34mcolcon.colcon_core.shell[0m [1;30mINFO[0m Creating prefix util module 'C:\Users\ifate\Documents\ros2_airplay\install\_local_setup_util_bat.py'
[15.779s] [34mcolcon.colcon_core.shell[0m [1;30mINFO[0m Creating prefix chain script 'C:\Users\ifate\Documents\ros2_airplay\install\setup.bat'
