[0.093s] Invoking command in 'C:\Users\ifate\Documents\ros2_airplay\build\ap_interfaces': c:\opt\ros\foxy\x64\Scripts\cmake.EXE C:\Users\ifate\Documents\ros2_airplay\src\ap_interfaces -DCMAKE_INSTALL_PREFIX=C:\Users\ifate\Documents\ros2_airplay\install
[0.218s] -- Selecting Windows SDK version 10.0.19041.0 to target Windows 10.0.19044.
[0.250s] -- Found ament_cmake: 0.9.9 (C:/opt/ros/foxy/x64/share/ament_cmake/cmake)
[0.312s] -- Found PythonInterp: C:/opt/ros/foxy/x64/python.exe (found suitable version "3.8.3", minimum required is "3") 
[0.312s] -- Using PYTHON_EXECUTABLE: C:/opt/ros/foxy/x64/python.exe
[0.781s] -- Found rosidl_default_generators: 1.0.1 (C:/opt/ros/foxy/x64/share/rosidl_default_generators/cmake)
[0.796s] -- Using all available rosidl_typesupport_c: rosidl_typesupport_fastrtps_c;rosidl_typesupport_introspection_c
[0.812s] -- Found rosidl_adapter: 1.2.1 (C:/opt/ros/foxy/x64/share/rosidl_adapter/cmake)
[1.093s] -- Using all available rosidl_typesupport_cpp: rosidl_typesupport_fastrtps_cpp;rosidl_typesupport_introspection_cpp
[1.093s] -- Found rclcpp: 2.4.0 (C:/opt/ros/foxy/x64/share/rclcpp/cmake)
[1.218s] -- Found rmw_implementation_cmake: 1.0.3 (C:/opt/ros/foxy/x64/share/rmw_implementation_cmake/cmake)
[1.218s] -- Using RMW implementation 'rmw_fastrtps_cpp' as default
[1.390s] -- Found std_msgs: 2.0.4 (C:/opt/ros/foxy/x64/share/std_msgs/cmake)
[1.484s] -- Found PythonInterp: C:/opt/ros/foxy/x64/python.exe (found version "3.8.3") 
[1.734s] -- Found ament_cmake_ros: 0.9.2 (C:/opt/ros/foxy/x64/share/ament_cmake_ros/cmake)
[1.875s] -- Using all available rosidl_typesupport_c: rosidl_typesupport_fastrtps_c;rosidl_typesupport_introspection_c
[1.921s] -- Using all available rosidl_typesupport_cpp: rosidl_typesupport_fastrtps_cpp;rosidl_typesupport_introspection_cpp
[1.984s] -- Found PythonInterp: C:/opt/ros/foxy/x64/python.exe (found suitable version "3.8.3", minimum required is "3.5") 
[1.984s] -- Found python_cmake_module: 0.8.1 (C:/opt/ros/foxy/x64/share/python_cmake_module/cmake)
[2.046s] -- Using PYTHON_EXECUTABLE: C:/opt/ros/foxy/x64/python.exe
[2.046s] -- Using PYTHON_INCLUDE_DIRS: C:/opt/ros/foxy/x64/include/python3.8
[2.046s] -- Using PYTHON_LIBRARIES: optimized;C:/opt/ros/foxy/x64/Lib/python38.lib;debug;C:/Python38/libs/python38_d.lib
[2.296s] -- Using numpy include directory: C:\opt\ros\foxy\x64\lib\site-packages\numpy\core\include
[2.312s] -- Found ament_lint_auto: 0.9.6 (C:/opt/ros/foxy/x64/share/ament_lint_auto/cmake)
[2.390s] -- Added test 'copyright' to check source files copyright and LICENSE
[2.406s] -- Added test 'cppcheck' to perform static code analysis on C / C++ code
[2.406s] -- Configured cppcheck include dirs: 
[2.406s] -- Configured cppcheck exclude dirs and/or files: 
[2.421s] -- Added test 'cpplint' to check C / C++ code against the Google style
[2.421s] -- Configured cpplint exclude dirs and/or files: 
[2.421s] -- Added test 'lint_cmake' to check CMake code style
[2.437s] -- Added test 'uncrustify' to check C / C++ code style
[2.437s] -- Configured uncrustify additional arguments: 
[2.437s] -- Added test 'xmllint' to check XML markup files
[2.468s] -- Configuring done
[4.640s] -- Generating done
[4.687s] -- Build files have been written to: C:/Users/ifate/Documents/ros2_airplay/build/ap_interfaces
[4.734s] Invoked command in 'C:\Users\ifate\Documents\ros2_airplay\build\ap_interfaces' returned '0': c:\opt\ros\foxy\x64\Scripts\cmake.EXE C:\Users\ifate\Documents\ros2_airplay\src\ap_interfaces -DCMAKE_INSTALL_PREFIX=C:\Users\ifate\Documents\ros2_airplay\install
[4.734s] Invoking command in 'C:\Users\ifate\Documents\ros2_airplay\build\ap_interfaces': CL=/MP c:\opt\ros\foxy\x64\Scripts\cmake.EXE --build C:\Users\ifate\Documents\ros2_airplay\build\ap_interfaces --config Release
[5.015s] 用于 .NET Framework 的 Microsoft (R) 生成引擎版本 16.11.2+f32259642
[5.015s] 版权所有(C) Microsoft Corporation。保留所有权利。
[5.015s] 
[5.828s]   ap_interfaces__rosidl_generator_c.vcxproj -> C:\Users\ifate\Documents\ros2_airplay\build\ap_interfaces\Release\ap_interfaces__rosidl_generator_c.dll
[5.906s]   ap_interfaces__rosidl_typesupport_c.vcxproj -> C:\Users\ifate\Documents\ros2_airplay\build\ap_interfaces\Release\ap_interfaces__rosidl_typesupport_c.dll
[6.078s]   ap_interfaces__rosidl_typesupport_cpp.vcxproj -> C:\Users\ifate\Documents\ros2_airplay\build\ap_interfaces\Release\ap_interfaces__rosidl_typesupport_cpp.dll
[6.187s]   ap_interfaces__rosidl_typesupport_fastrtps_cpp.vcxproj -> C:\Users\ifate\Documents\ros2_airplay\build\ap_interfaces\Release\ap_interfaces__rosidl_typesupport_fastrtps_cpp.dll
[6.250s]   ap_interfaces__rosidl_typesupport_fastrtps_c.vcxproj -> C:\Users\ifate\Documents\ros2_airplay\build\ap_interfaces\Release\ap_interfaces__rosidl_typesupport_fastrtps_c.dll
[6.328s]   ap_interfaces__rosidl_typesupport_introspection_c.vcxproj -> C:\Users\ifate\Documents\ros2_airplay\build\ap_interfaces\Release\ap_interfaces__rosidl_typesupport_introspection_c.dll
[6.468s]   ap_interfaces__rosidl_typesupport_introspection_cpp.vcxproj -> C:\Users\ifate\Documents\ros2_airplay\build\ap_interfaces\Release\ap_interfaces__rosidl_typesupport_introspection_cpp.dll
[6.953s]   ap_interfaces__python.vcxproj -> C:\Users\ifate\Documents\ros2_airplay\build\ap_interfaces\rosidl_generator_py\ap_interfaces\ap_interfaces__python.dll
[7.046s]   ap_interfaces__rosidl_typesupport_c__pyext.vcxproj -> C:\Users\ifate\Documents\ros2_airplay\build\ap_interfaces\rosidl_generator_py\ap_interfaces\ap_interfaces_s__rosidl_typesupport_c.pyd
[7.140s]   ap_interfaces__rosidl_typesupport_fastrtps_c__pyext.vcxproj -> C:\Users\ifate\Documents\ros2_airplay\build\ap_interfaces\rosidl_generator_py\ap_interfaces\ap_interfaces_s__rosidl_typesupport_fastrtps_c.pyd
[7.234s]   ap_interfaces__rosidl_typesupport_introspection_c__pyext.vcxproj -> C:\Users\ifate\Documents\ros2_airplay\build\ap_interfaces\rosidl_generator_py\ap_interfaces\ap_interfaces_s__rosidl_typesupport_introspection_c.pyd
[7.437s]   player_detection.cpp
[7.968s] C:\opt\ros\foxy\x64\include\rmw/types.h(1,1): warning C4819: 该文件包含不能在当前代码页(936)中表示的字符。请将该文件保存为 Unicode 格式以防止数据丢失 [C:\Users\ifate\Documents\ros2_airplay\build\ap_interfaces\player_detection.vcxproj]
[8.562s] C:\Users\ifate\Documents\ros2_airplay\src\ap_interfaces\src\player_detection.cpp(24,31): error C2653: “MinimalPublisher”: 不是类或命名空间名称 [C:\Users\ifate\Documents\ros2_airplay\build\ap_interfaces\player_detection.vcxproj]
[8.562s] C:\Users\ifate\Documents\ros2_airplay\src\ap_interfaces\src\player_detection.cpp(24,30): error C2276: “&”: 绑定成员函数表达式上的非法操作 [C:\Users\ifate\Documents\ros2_airplay\build\ap_interfaces\player_detection.vcxproj]
[8.562s] C:\Users\ifate\Documents\ros2_airplay\src\ap_interfaces\src\player_detection.cpp(24,25): error C2672: “std::bind”: 未找到匹配的重载函数 [C:\Users\ifate\Documents\ros2_airplay\build\ap_interfaces\player_detection.vcxproj]
[8.562s] C:\Users\ifate\Documents\ros2_airplay\src\ap_interfaces\src\player_detection.cpp(23,22): error C2672: “rclcpp::Node::create_wall_timer”: 未找到匹配的重载函数 [C:\Users\ifate\Documents\ros2_airplay\build\ap_interfaces\player_detection.vcxproj]
[8.562s] C:\Users\ifate\Documents\ros2_airplay\src\ap_interfaces\src\player_detection.cpp(24,1): error C2780: “rclcpp::WallTimer<CallbackT,nullptr>::SharedPtr rclcpp::Node::create_wall_timer(std::chrono::duration<_Rep,_Period>,CallbackT,rclcpp::CallbackGroup::SharedPtr)”: 应输入 3 个参数，却提供了 1 个 [C:\Users\ifate\Documents\ros2_airplay\build\ap_interfaces\player_detection.vcxproj]
[8.562s] C:\opt\ros\foxy\x64\include\rclcpp/node.hpp(232): message : 参见“rclcpp::Node::create_wall_timer”的声明 [C:\Users\ifate\Documents\ros2_airplay\build\ap_interfaces\player_detection.vcxproj]
[8.578s] C:\Users\ifate\Documents\ros2_airplay\src\ap_interfaces\src\player_detection.cpp(48,37): error C2653: “MinimalSubscriber”: 不是类或命名空间名称 [C:\Users\ifate\Documents\ros2_airplay\build\ap_interfaces\player_detection.vcxproj]
[8.578s] C:\Users\ifate\Documents\ros2_airplay\src\ap_interfaces\src\player_detection.cpp(48,36): error C2276: “&”: 绑定成员函数表达式上的非法操作 [C:\Users\ifate\Documents\ros2_airplay\build\ap_interfaces\player_detection.vcxproj]
[8.578s] C:\Users\ifate\Documents\ros2_airplay\src\ap_interfaces\src\player_detection.cpp(48,78): error C2065: “_1”: 未声明的标识符 [C:\Users\ifate\Documents\ros2_airplay\build\ap_interfaces\player_detection.vcxproj]
[8.578s] C:\Users\ifate\Documents\ros2_airplay\src\ap_interfaces\src\player_detection.cpp(48,31): error C2672: “std::bind”: 未找到匹配的重载函数 [C:\Users\ifate\Documents\ros2_airplay\build\ap_interfaces\player_detection.vcxproj]
[8.578s] C:\Users\ifate\Documents\ros2_airplay\src\ap_interfaces\src\player_detection.cpp(47,29): error C2672: “rclcpp::Node::create_subscription”: 未找到匹配的重载函数 [C:\Users\ifate\Documents\ros2_airplay\build\ap_interfaces\player_detection.vcxproj]
[8.578s] C:\Users\ifate\Documents\ros2_airplay\src\ap_interfaces\src\player_detection.cpp(48,1): error C2780: “std::shared_ptr<SubscriptionT> rclcpp::Node::create_subscription(const std::string &,const rclcpp::QoS &,CallbackT &&,const rclcpp::SubscriptionOptionsWithAllocator<AllocatorT> &,MessageMemoryStrategyT::SharedPtr)”: 应输入 5 个参数，却提供了 2 个 [C:\Users\ifate\Documents\ros2_airplay\build\ap_interfaces\player_detection.vcxproj]
[8.578s] C:\opt\ros\foxy\x64\include\rclcpp/node.hpp(213): message : 参见“rclcpp::Node::create_subscription”的声明 [C:\Users\ifate\Documents\ros2_airplay\build\ap_interfaces\player_detection.vcxproj]
[8.906s] Invoked command in 'C:\Users\ifate\Documents\ros2_airplay\build\ap_interfaces' returned '1': CL=/MP c:\opt\ros\foxy\x64\Scripts\cmake.EXE --build C:\Users\ifate\Documents\ros2_airplay\build\ap_interfaces --config Release
