[0.157s] Invoking command in 'C:\Users\ifate\Documents\ros2_airplay\build\ap_interfaces': c:\opt\ros\foxy\x64\Scripts\cmake.EXE C:\Users\ifate\Documents\ros2_airplay\src\ap_interfaces -DCMAKE_INSTALL_PREFIX=C:\Users\ifate\Documents\ros2_airplay\install
[0.297s] -- Selecting Windows SDK version 10.0.19041.0 to target Windows 10.0.19044.
[0.328s] -- Found ament_cmake: 0.9.9 (C:/opt/ros/foxy/x64/share/ament_cmake/cmake)
[0.407s] -- Found PythonInterp: C:/opt/ros/foxy/x64/python.exe (found suitable version "3.8.3", minimum required is "3") 
[0.407s] -- Using PYTHON_EXECUTABLE: C:/opt/ros/foxy/x64/python.exe
[0.953s] -- Found rosidl_default_generators: 1.0.1 (C:/opt/ros/foxy/x64/share/rosidl_default_generators/cmake)
[0.969s] -- Using all available rosidl_typesupport_c: rosidl_typesupport_fastrtps_c;rosidl_typesupport_introspection_c
[0.969s] -- Found rosidl_adapter: 1.2.1 (C:/opt/ros/foxy/x64/share/rosidl_adapter/cmake)
[1.282s] -- Using all available rosidl_typesupport_cpp: rosidl_typesupport_fastrtps_cpp;rosidl_typesupport_introspection_cpp
[1.328s] -- Found rclcpp: 2.4.0 (C:/opt/ros/foxy/x64/share/rclcpp/cmake)
[2.375s] -- Found rmw_implementation_cmake: 1.0.3 (C:/opt/ros/foxy/x64/share/rmw_implementation_cmake/cmake)
[2.438s] -- Using RMW implementation 'rmw_fastrtps_cpp' as default
[2.516s] -- Looking for pthread.h
[3.516s] -- Looking for pthread.h - not found
[3.516s] -- Found Threads: TRUE  
[4.328s] -- Found std_msgs: 2.0.4 (C:/opt/ros/foxy/x64/share/std_msgs/cmake)
[4.594s] -- Found PythonInterp: C:/opt/ros/foxy/x64/python.exe (found version "3.8.3") 
[4.985s] -- Found ament_cmake_ros: 0.9.2 (C:/opt/ros/foxy/x64/share/ament_cmake_ros/cmake)
[5.266s] -- Using all available rosidl_typesupport_c: rosidl_typesupport_fastrtps_c;rosidl_typesupport_introspection_c
[5.313s] -- Using all available rosidl_typesupport_cpp: rosidl_typesupport_fastrtps_cpp;rosidl_typesupport_introspection_cpp
[5.360s] -- Found PythonInterp: C:/opt/ros/foxy/x64/python.exe (found suitable version "3.8.3", minimum required is "3.5") 
[5.360s] -- Found python_cmake_module: 0.8.1 (C:/opt/ros/foxy/x64/share/python_cmake_module/cmake)
[5.422s] -- Using PYTHON_EXECUTABLE: C:/opt/ros/foxy/x64/python.exe
[5.422s] -- Using PYTHON_INCLUDE_DIRS: C:/opt/ros/foxy/x64/include/python3.8
[5.422s] -- Using PYTHON_LIBRARIES: optimized;C:/opt/ros/foxy/x64/Lib/python38.lib;debug;C:/Python38/libs/python38_d.lib
[5.703s] -- Using numpy include directory: C:\opt\ros\foxy\x64\lib\site-packages\numpy\core\include
[5.719s] -- Found ament_lint_auto: 0.9.6 (C:/opt/ros/foxy/x64/share/ament_lint_auto/cmake)
[5.938s] -- Added test 'copyright' to check source files copyright and LICENSE
[5.969s] -- Added test 'cppcheck' to perform static code analysis on C / C++ code
[5.969s] -- Configured cppcheck include dirs: 
[5.969s] -- Configured cppcheck exclude dirs and/or files: 
[6.016s] -- Added test 'cpplint' to check C / C++ code against the Google style
[6.016s] -- Configured cpplint exclude dirs and/or files: 
[6.110s] -- Added test 'lint_cmake' to check CMake code style
[6.141s] -- Added test 'uncrustify' to check C / C++ code style
[6.141s] -- Configured uncrustify additional arguments: 
[6.157s] -- Added test 'xmllint' to check XML markup files
[6.219s] -- Configuring done
[7.828s] -- Generating done
[7.875s] -- Build files have been written to: C:/Users/ifate/Documents/ros2_airplay/build/ap_interfaces
[7.891s] Invoked command in 'C:\Users\ifate\Documents\ros2_airplay\build\ap_interfaces' returned '0': c:\opt\ros\foxy\x64\Scripts\cmake.EXE C:\Users\ifate\Documents\ros2_airplay\src\ap_interfaces -DCMAKE_INSTALL_PREFIX=C:\Users\ifate\Documents\ros2_airplay\install
[7.907s] Invoking command in 'C:\Users\ifate\Documents\ros2_airplay\build\ap_interfaces': CL=/MP c:\opt\ros\foxy\x64\Scripts\cmake.EXE --build C:\Users\ifate\Documents\ros2_airplay\build\ap_interfaces --config Release
[8.266s] 用于 .NET Framework 的 Microsoft (R) 生成引擎版本 16.11.2+f32259642
[8.266s] 版权所有(C) Microsoft Corporation。保留所有权利。
[8.266s] 
[8.813s]   Checking Build System
[9.188s]   Building Custom Rule C:/Users/ifate/Documents/ros2_airplay/src/ap_interfaces/CMakeLists.txt
[9.391s]   Building Custom Rule C:/Users/ifate/Documents/ros2_airplay/src/ap_interfaces/CMakeLists.txt
[9.547s]   ap_interfaces__rosidl_generator_c.vcxproj -> C:\Users\ifate\Documents\ros2_airplay\build\ap_interfaces\Release\ap_interfaces__rosidl_generator_c.dll
[9.703s]   Building Custom Rule C:/Users/ifate/Documents/ros2_airplay/src/ap_interfaces/CMakeLists.txt
[9.782s]   ap_interfaces__rosidl_typesupport_c.vcxproj -> C:\Users\ifate\Documents\ros2_airplay\build\ap_interfaces\Release\ap_interfaces__rosidl_typesupport_c.dll
[9.907s]   Building Custom Rule C:/Users/ifate/Documents/ros2_airplay/src/ap_interfaces/CMakeLists.txt
[10.000s]   ap_interfaces__rosidl_typesupport_cpp.vcxproj -> C:\Users\ifate\Documents\ros2_airplay\build\ap_interfaces\Release\ap_interfaces__rosidl_typesupport_cpp.dll
[10.172s]   Building Custom Rule C:/Users/ifate/Documents/ros2_airplay/src/ap_interfaces/CMakeLists.txt
[10.297s]   ap_interfaces__rosidl_typesupport_fastrtps_cpp.vcxproj -> C:\Users\ifate\Documents\ros2_airplay\build\ap_interfaces\Release\ap_interfaces__rosidl_typesupport_fastrtps_cpp.dll
[10.375s]   Building Custom Rule C:/Users/ifate/Documents/ros2_airplay/src/ap_interfaces/CMakeLists.txt
[10.500s]   ap_interfaces__rosidl_typesupport_fastrtps_c.vcxproj -> C:\Users\ifate\Documents\ros2_airplay\build\ap_interfaces\Release\ap_interfaces__rosidl_typesupport_fastrtps_c.dll
[10.657s]   Building Custom Rule C:/Users/ifate/Documents/ros2_airplay/src/ap_interfaces/CMakeLists.txt
[10.766s]   ap_interfaces__rosidl_typesupport_introspection_c.vcxproj -> C:\Users\ifate\Documents\ros2_airplay\build\ap_interfaces\Release\ap_interfaces__rosidl_typesupport_introspection_c.dll
[10.875s]   Building Custom Rule C:/Users/ifate/Documents/ros2_airplay/src/ap_interfaces/CMakeLists.txt
[11.000s]   ap_interfaces__rosidl_typesupport_introspection_cpp.vcxproj -> C:\Users\ifate\Documents\ros2_airplay\build\ap_interfaces\Release\ap_interfaces__rosidl_typesupport_introspection_cpp.dll
[11.125s]   Building Custom Rule C:/Users/ifate/Documents/ros2_airplay/src/ap_interfaces/CMakeLists.txt
[11.453s]   Building Custom Rule C:/Users/ifate/Documents/ros2_airplay/src/ap_interfaces/CMakeLists.txt
[11.547s]   ap_interfaces__python.vcxproj -> C:\Users\ifate\Documents\ros2_airplay\build\ap_interfaces\rosidl_generator_py\ap_interfaces\ap_interfaces__python.dll
[11.688s]   Building Custom Rule C:/Users/ifate/Documents/ros2_airplay/src/ap_interfaces/CMakeLists.txt
[11.797s]   ap_interfaces__rosidl_typesupport_c__pyext.vcxproj -> C:\Users\ifate\Documents\ros2_airplay\build\ap_interfaces\rosidl_generator_py\ap_interfaces\ap_interfaces_s__rosidl_typesupport_c.pyd
[11.953s]   Building Custom Rule C:/Users/ifate/Documents/ros2_airplay/src/ap_interfaces/CMakeLists.txt
[12.032s]   ap_interfaces__rosidl_typesupport_fastrtps_c__pyext.vcxproj -> C:\Users\ifate\Documents\ros2_airplay\build\ap_interfaces\rosidl_generator_py\ap_interfaces\ap_interfaces_s__rosidl_typesupport_fastrtps_c.pyd
[12.157s]   Building Custom Rule C:/Users/ifate/Documents/ros2_airplay/src/ap_interfaces/CMakeLists.txt
[12.250s]   ap_interfaces__rosidl_typesupport_introspection_c__pyext.vcxproj -> C:\Users\ifate\Documents\ros2_airplay\build\ap_interfaces\rosidl_generator_py\ap_interfaces\ap_interfaces_s__rosidl_typesupport_introspection_c.pyd
[12.344s]   Building Custom Rule C:/Users/ifate/Documents/ros2_airplay/src/ap_interfaces/CMakeLists.txt
[12.532s]   player_detection.cpp
[13.266s] C:\opt\ros\foxy\x64\include\rmw/types.h(1,1): warning C4819: 该文件包含不能在当前代码页(936)中表示的字符。请将该文件保存为 Unicode 格式以防止数据丢失 [C:\Users\ifate\Documents\ros2_airplay\build\ap_interfaces\player_detection.vcxproj]
[14.250s] C:\Users\ifate\Documents\ros2_airplay\src\ap_interfaces\src\player_detection.cpp(24,31): error C2653: “MinimalPublisher”: 不是类或命名空间名称 [C:\Users\ifate\Documents\ros2_airplay\build\ap_interfaces\player_detection.vcxproj]
[14.250s] C:\Users\ifate\Documents\ros2_airplay\src\ap_interfaces\src\player_detection.cpp(24,30): error C2276: “&”: 绑定成员函数表达式上的非法操作 [C:\Users\ifate\Documents\ros2_airplay\build\ap_interfaces\player_detection.vcxproj]
[14.250s] C:\Users\ifate\Documents\ros2_airplay\src\ap_interfaces\src\player_detection.cpp(24,25): error C2672: “std::bind”: 未找到匹配的重载函数 [C:\Users\ifate\Documents\ros2_airplay\build\ap_interfaces\player_detection.vcxproj]
[14.250s] C:\Users\ifate\Documents\ros2_airplay\src\ap_interfaces\src\player_detection.cpp(23,22): error C2672: “rclcpp::Node::create_wall_timer”: 未找到匹配的重载函数 [C:\Users\ifate\Documents\ros2_airplay\build\ap_interfaces\player_detection.vcxproj]
[14.250s] C:\Users\ifate\Documents\ros2_airplay\src\ap_interfaces\src\player_detection.cpp(24,1): error C2780: “rclcpp::WallTimer<CallbackT,nullptr>::SharedPtr rclcpp::Node::create_wall_timer(std::chrono::duration<_Rep,_Period>,CallbackT,rclcpp::CallbackGroup::SharedPtr)”: 应输入 3 个参数，却提供了 1 个 [C:\Users\ifate\Documents\ros2_airplay\build\ap_interfaces\player_detection.vcxproj]
[14.266s] C:\opt\ros\foxy\x64\include\rclcpp/node.hpp(232): message : 参见“rclcpp::Node::create_wall_timer”的声明 [C:\Users\ifate\Documents\ros2_airplay\build\ap_interfaces\player_detection.vcxproj]
[14.282s] C:\Users\ifate\Documents\ros2_airplay\src\ap_interfaces\src\player_detection.cpp(48,37): error C2653: “MinimalSubscriber”: 不是类或命名空间名称 [C:\Users\ifate\Documents\ros2_airplay\build\ap_interfaces\player_detection.vcxproj]
[14.282s] C:\Users\ifate\Documents\ros2_airplay\src\ap_interfaces\src\player_detection.cpp(48,36): error C2276: “&”: 绑定成员函数表达式上的非法操作 [C:\Users\ifate\Documents\ros2_airplay\build\ap_interfaces\player_detection.vcxproj]
[14.282s] C:\Users\ifate\Documents\ros2_airplay\src\ap_interfaces\src\player_detection.cpp(48,78): error C2065: “_1”: 未声明的标识符 [C:\Users\ifate\Documents\ros2_airplay\build\ap_interfaces\player_detection.vcxproj]
[14.282s] C:\Users\ifate\Documents\ros2_airplay\src\ap_interfaces\src\player_detection.cpp(48,31): error C2672: “std::bind”: 未找到匹配的重载函数 [C:\Users\ifate\Documents\ros2_airplay\build\ap_interfaces\player_detection.vcxproj]
[14.282s] C:\Users\ifate\Documents\ros2_airplay\src\ap_interfaces\src\player_detection.cpp(47,29): error C2672: “rclcpp::Node::create_subscription”: 未找到匹配的重载函数 [C:\Users\ifate\Documents\ros2_airplay\build\ap_interfaces\player_detection.vcxproj]
[14.282s] C:\Users\ifate\Documents\ros2_airplay\src\ap_interfaces\src\player_detection.cpp(48,1): error C2780: “std::shared_ptr<SubscriptionT> rclcpp::Node::create_subscription(const std::string &,const rclcpp::QoS &,CallbackT &&,const rclcpp::SubscriptionOptionsWithAllocator<AllocatorT> &,MessageMemoryStrategyT::SharedPtr)”: 应输入 5 个参数，却提供了 2 个 [C:\Users\ifate\Documents\ros2_airplay\build\ap_interfaces\player_detection.vcxproj]
[14.282s] C:\opt\ros\foxy\x64\include\rclcpp/node.hpp(213): message : 参见“rclcpp::Node::create_subscription”的声明 [C:\Users\ifate\Documents\ros2_airplay\build\ap_interfaces\player_detection.vcxproj]
[14.282s] C:\Users\ifate\Documents\ros2_airplay\src\ap_interfaces\src\player_detection.cpp(62,78): error C2661: “rclcpp::spin”: 没有重载函数接受 2 个参数 [C:\Users\ifate\Documents\ros2_airplay\build\ap_interfaces\player_detection.vcxproj]
[14.375s] Invoked command in 'C:\Users\ifate\Documents\ros2_airplay\build\ap_interfaces' returned '1': CL=/MP c:\opt\ros\foxy\x64\Scripts\cmake.EXE --build C:\Users\ifate\Documents\ros2_airplay\build\ap_interfaces --config Release
