-- Selecting Windows SDK version 10.0.19041.0 to target Windows 10.0.19044.
-- The C compiler identification is MSVC 19.29.30137.0
-- The CXX compiler identification is MSVC 19.29.30137.0
-- Detecting C compiler ABI info
-- Detecting C compiler ABI info - done
-- Check for working C compiler: C:/Program Files (x86)/Microsoft Visual Studio/2019/BuildTools/VC/Tools/MSVC/14.29.30133/bin/Hostx64/x64/cl.exe - skipped
-- Detecting C compile features
-- Detecting C compile features - done
-- Detecting CXX compiler ABI info
-- Detecting CXX compiler ABI info - done
-- Check for working CXX compiler: C:/Program Files (x86)/Microsoft Visual Studio/2019/BuildTools/VC/Tools/MSVC/14.29.30133/bin/Hostx64/x64/cl.exe - skipped
-- Detecting CXX compile features
-- Detecting CXX compile features - done
-- Found ament_cmake: 0.9.9 (C:/opt/ros/foxy/x64/share/ament_cmake/cmake)
-- Found PythonInterp: C:/opt/ros/foxy/x64/python.exe (found suitable version "3.8.3", minimum required is "3") 
-- Using PYTHON_EXECUTABLE: C:/opt/ros/foxy/x64/python.exe
-- Found rosidl_default_generators: 1.0.1 (C:/opt/ros/foxy/x64/share/rosidl_default_generators/cmake)
-- Using all available rosidl_typesupport_c: rosidl_typesupport_fastrtps_c;rosidl_typesupport_introspection_c
-- Found rosidl_adapter: 1.2.1 (C:/opt/ros/foxy/x64/share/rosidl_adapter/cmake)
-- Found OpenSSL: optimized;C:/opt/ros/foxy/x64/Lib/libcrypto.lib;debug;C:/Program Files/OpenSSL-Win64/lib/VC/libcrypto64MDd.lib (found version "1.1.1g")  
-- Found FastRTPS: C:/opt/ros/foxy/x64/include  
-- Using all available rosidl_typesupport_cpp: rosidl_typesupport_fastrtps_cpp;rosidl_typesupport_introspection_cpp
-- Found PythonInterp: C:/opt/ros/foxy/x64/python.exe (found version "3.8.3") 
-- Found ament_cmake_ros: 0.9.2 (C:/opt/ros/foxy/x64/share/ament_cmake_ros/cmake)
-- Using all available rosidl_typesupport_c: rosidl_typesupport_fastrtps_c;rosidl_typesupport_introspection_c
-- Using all available rosidl_typesupport_cpp: rosidl_typesupport_fastrtps_cpp;rosidl_typesupport_introspection_cpp
-- Found PythonInterp: C:/opt/ros/foxy/x64/python.exe (found suitable version "3.8.3", minimum required is "3.5") 
-- Found python_cmake_module: 0.8.1 (C:/opt/ros/foxy/x64/share/python_cmake_module/cmake)
-- Found PythonLibs: optimized;C:/opt/ros/foxy/x64/Lib/python38.lib;debug;C:/Python38/libs/python38_d.lib (found suitable version "3.8.3", minimum required is "3.5") 
-- Using PYTHON_EXECUTABLE: C:/opt/ros/foxy/x64/python.exe
-- Using PYTHON_INCLUDE_DIRS: C:/opt/ros/foxy/x64/include/python3.8
-- Using PYTHON_LIBRARIES: optimized;C:/opt/ros/foxy/x64/Lib/python38.lib;debug;C:/Python38/libs/python38_d.lib
-- Found PythonExtra: .pyd  
-- Using numpy include directory: C:\opt\ros\foxy\x64\lib\site-packages\numpy\core\include
-- Found ament_lint_auto: 0.9.6 (C:/opt/ros/foxy/x64/share/ament_lint_auto/cmake)
-- Added test 'copyright' to check source files copyright and LICENSE
-- Added test 'lint_cmake' to check CMake code style
-- Added test 'xmllint' to check XML markup files
-- Configuring done
-- Generating done
-- Build files have been written to: C:/Users/ifate/Documents/ros2_airplay/build/ap_interfaces
用于 .NET Framework 的 Microsoft (R) 生成引擎版本 16.11.2+f32259642
版权所有(C) Microsoft Corporation。保留所有权利。

  Checking Build System
  Generating C++ code for ROS interfaces
  Building Custom Rule C:/Users/ifate/Documents/ros2_airplay/src/ap_interfaces/CMakeLists.txt
  Generating C code for ROS interfaces
  Building Custom Rule C:/Users/ifate/Documents/ros2_airplay/src/ap_interfaces/CMakeLists.txt
  pos__functions.c
    正在创建库 C:/Users/ifate/Documents/ros2_airplay/build/ap_interfaces/Release/ap_interfaces__rosidl_generator_c.lib 和对象 C:/Users/ifate/Documents/ros2_airplay/build/ap_interfaces/Release/ap_interfaces__rosidl_generator_c.exp
  ap_interfaces__rosidl_generator_c.vcxproj -> C:\Users\ifate\Documents\ros2_airplay\build\ap_interfaces\Release\ap_interfaces__rosidl_generator_c.dll
  Generating C type support dispatch for ROS interfaces
  Building Custom Rule C:/Users/ifate/Documents/ros2_airplay/src/ap_interfaces/CMakeLists.txt
  pos__type_support.cpp
    正在创建库 C:/Users/ifate/Documents/ros2_airplay/build/ap_interfaces/Release/ap_interfaces__rosidl_typesupport_c.lib 和对象 C:/Users/ifate/Documents/ros2_airplay/build/ap_interfaces/Release/ap_interfaces__rosidl_typesupport_c.exp
  ap_interfaces__rosidl_typesupport_c.vcxproj -> C:\Users\ifate\Documents\ros2_airplay\build\ap_interfaces\Release\ap_interfaces__rosidl_typesupport_c.dll
  Generating C++ type support dispatch for ROS interfaces
  Building Custom Rule C:/Users/ifate/Documents/ros2_airplay/src/ap_interfaces/CMakeLists.txt
  pos__type_support.cpp
    正在创建库 C:/Users/ifate/Documents/ros2_airplay/build/ap_interfaces/Release/ap_interfaces__rosidl_typesupport_cpp.lib 和对象 C:/Users/ifate/Documents/ros2_airplay/build/ap_interfaces/Release/ap_interfaces__rosidl_typesupport_cpp.exp
  ap_interfaces__rosidl_typesupport_cpp.vcxproj -> C:\Users\ifate\Documents\ros2_airplay\build\ap_interfaces\Release\ap_interfaces__rosidl_typesupport_cpp.dll
  Generating C++ type support for eProsima Fast-RTPS
  Building Custom Rule C:/Users/ifate/Documents/ros2_airplay/src/ap_interfaces/CMakeLists.txt
  pos__type_support.cpp
    正在创建库 C:/Users/ifate/Documents/ros2_airplay/build/ap_interfaces/Release/ap_interfaces__rosidl_typesupport_fastrtps_cpp.lib 和对象 C:/Users/ifate/Documents/ros2_airplay/build/ap_interfaces/Release/ap_interfaces__rosidl_typesupport_fastrtps_cpp.exp
  ap_interfaces__rosidl_typesupport_fastrtps_cpp.vcxproj -> C:\Users\ifate\Documents\ros2_airplay\build\ap_interfaces\Release\ap_interfaces__rosidl_typesupport_fastrtps_cpp.dll
  Generating C type support for eProsima Fast-RTPS
  Building Custom Rule C:/Users/ifate/Documents/ros2_airplay/src/ap_interfaces/CMakeLists.txt
  pos__type_support_c.cpp
    正在创建库 C:/Users/ifate/Documents/ros2_airplay/build/ap_interfaces/Release/ap_interfaces__rosidl_typesupport_fastrtps_c.lib 和对象 C:/Users/ifate/Documents/ros2_airplay/build/ap_interfaces/Release/ap_interfaces__rosidl_typesupport_fastrtps_c.exp
  ap_interfaces__rosidl_typesupport_fastrtps_c.vcxproj -> C:\Users\ifate\Documents\ros2_airplay\build\ap_interfaces\Release\ap_interfaces__rosidl_typesupport_fastrtps_c.dll
  Generating C introspection for ROS interfaces
  Building Custom Rule C:/Users/ifate/Documents/ros2_airplay/src/ap_interfaces/CMakeLists.txt
  pos__type_support.c
    正在创建库 C:/Users/ifate/Documents/ros2_airplay/build/ap_interfaces/Release/ap_interfaces__rosidl_typesupport_introspection_c.lib 和对象 C:/Users/ifate/Documents/ros2_airplay/build/ap_interfaces/Release/ap_interfaces__rosidl_typesupport_introspection_c.exp
  ap_interfaces__rosidl_typesupport_introspection_c.vcxproj -> C:\Users\ifate\Documents\ros2_airplay\build\ap_interfaces\Release\ap_interfaces__rosidl_typesupport_introspection_c.dll
  Generating C++ introspection for ROS interfaces
  Building Custom Rule C:/Users/ifate/Documents/ros2_airplay/src/ap_interfaces/CMakeLists.txt
  pos__type_support.cpp
    正在创建库 C:/Users/ifate/Documents/ros2_airplay/build/ap_interfaces/Release/ap_interfaces__rosidl_typesupport_introspection_cpp.lib 和对象 C:/Users/ifate/Documents/ros2_airplay/build/ap_interfaces/Release/ap_interfaces__rosidl_typesupport_introspection_cpp.exp
  ap_interfaces__rosidl_typesupport_introspection_cpp.vcxproj -> C:\Users\ifate\Documents\ros2_airplay\build\ap_interfaces\Release\ap_interfaces__rosidl_typesupport_introspection_cpp.dll
  Building Custom Rule C:/Users/ifate/Documents/ros2_airplay/src/ap_interfaces/CMakeLists.txt
  Generating Python code for ROS interfaces
  Building Custom Rule C:/Users/ifate/Documents/ros2_airplay/build/ap_interfaces/ap_interfaces__py/CMakeLists.txt
  Building Custom Rule C:/Users/ifate/Documents/ros2_airplay/src/ap_interfaces/CMakeLists.txt
  _pos_s.c
    正在创建库 C:/Users/ifate/Documents/ros2_airplay/build/ap_interfaces/Release/ap_interfaces__python.lib 和对象 C:/Users/ifate/Documents/ros2_airplay/build/ap_interfaces/Release/ap_interfaces__python.exp
  ap_interfaces__python.vcxproj -> C:\Users\ifate\Documents\ros2_airplay\build\ap_interfaces\rosidl_generator_py\ap_interfaces\ap_interfaces__python.dll
  Building Custom Rule C:/Users/ifate/Documents/ros2_airplay/src/ap_interfaces/CMakeLists.txt
  _ap_interfaces_s.ep.rosidl_typesupport_c.c
    正在创建库 C:/Users/ifate/Documents/ros2_airplay/build/ap_interfaces/Release/ap_interfaces_s__rosidl_typesupport_c.lib 和对象 C:/Users/ifate/Documents/ros2_airplay/build/ap_interfaces/Release/ap_interfaces_s__rosidl_typesupport_c.exp
  ap_interfaces__rosidl_typesupport_c__pyext.vcxproj -> C:\Users\ifate\Documents\ros2_airplay\build\ap_interfaces\rosidl_generator_py\ap_interfaces\ap_interfaces_s__rosidl_typesupport_c.pyd
  Building Custom Rule C:/Users/ifate/Documents/ros2_airplay/src/ap_interfaces/CMakeLists.txt
  _ap_interfaces_s.ep.rosidl_typesupport_fastrtps_c.c
    正在创建库 C:/Users/ifate/Documents/ros2_airplay/build/ap_interfaces/Release/ap_interfaces_s__rosidl_typesupport_fastrtps_c.lib 和对象 C:/Users/ifate/Documents/ros2_airplay/build/ap_interfaces/Release/ap_interfaces_s__rosidl_typesupport_fastrtps_c.exp
  ap_interfaces__rosidl_typesupport_fastrtps_c__pyext.vcxproj -> C:\Users\ifate\Documents\ros2_airplay\build\ap_interfaces\rosidl_generator_py\ap_interfaces\ap_interfaces_s__rosidl_typesupport_fastrtps_c.pyd
  Building Custom Rule C:/Users/ifate/Documents/ros2_airplay/src/ap_interfaces/CMakeLists.txt
  _ap_interfaces_s.ep.rosidl_typesupport_introspection_c.c
    正在创建库 C:/Users/ifate/Documents/ros2_airplay/build/ap_interfaces/Release/ap_interfaces_s__rosidl_typesupport_introspection_c.lib 和对象 C:/Users/ifate/Documents/ros2_airplay/build/ap_interfaces/Release/ap_interfaces_s__rosidl_typesupport_introspection_c.exp
  ap_interfaces__rosidl_typesupport_introspection_c__pyext.vcxproj -> C:\Users\ifate\Documents\ros2_airplay\build\ap_interfaces\rosidl_generator_py\ap_interfaces\ap_interfaces_s__rosidl_typesupport_introspection_c.pyd
  Building Custom Rule C:/Users/ifate/Documents/ros2_airplay/src/ap_interfaces/CMakeLists.txt
-- Installing: C:/Users/ifate/Documents/ros2_airplay/install/share/ament_index/resource_index/rosidl_interfaces/ap_interfaces
-- Installing: C:/Users/ifate/Documents/ros2_airplay/install/include/ap_interfaces
-- Installing: C:/Users/ifate/Documents/ros2_airplay/install/include/ap_interfaces/msg
-- Installing: C:/Users/ifate/Documents/ros2_airplay/install/include/ap_interfaces/msg/detail
-- Installing: C:/Users/ifate/Documents/ros2_airplay/install/include/ap_interfaces/msg/detail/pos__functions.c
-- Installing: C:/Users/ifate/Documents/ros2_airplay/install/include/ap_interfaces/msg/detail/pos__functions.h
-- Installing: C:/Users/ifate/Documents/ros2_airplay/install/include/ap_interfaces/msg/detail/pos__struct.h
-- Installing: C:/Users/ifate/Documents/ros2_airplay/install/include/ap_interfaces/msg/detail/pos__type_support.h
-- Installing: C:/Users/ifate/Documents/ros2_airplay/install/include/ap_interfaces/msg/pos.h
-- Installing: C:/Users/ifate/Documents/ros2_airplay/install/include/ap_interfaces/msg/rosidl_generator_c__visibility_control.h
-- Installing: C:/Users/ifate/Documents/ros2_airplay/install/lib/ap_interfaces__rosidl_generator_c.lib
-- Installing: C:/Users/ifate/Documents/ros2_airplay/install/bin/ap_interfaces__rosidl_generator_c.dll
-- Up-to-date: C:/Users/ifate/Documents/ros2_airplay/install/include/ap_interfaces
-- Up-to-date: C:/Users/ifate/Documents/ros2_airplay/install/include/ap_interfaces/msg
-- Up-to-date: C:/Users/ifate/Documents/ros2_airplay/install/include/ap_interfaces/msg/detail
-- Installing: C:/Users/ifate/Documents/ros2_airplay/install/include/ap_interfaces/msg/detail/pos__rosidl_typesupport_fastrtps_c.h
-- Installing: C:/Users/ifate/Documents/ros2_airplay/install/include/ap_interfaces/msg/rosidl_typesupport_fastrtps_c__visibility_control.h
-- Installing: C:/Users/ifate/Documents/ros2_airplay/install/lib/ap_interfaces__rosidl_typesupport_fastrtps_c.lib
-- Installing: C:/Users/ifate/Documents/ros2_airplay/install/bin/ap_interfaces__rosidl_typesupport_fastrtps_c.dll
-- Up-to-date: C:/Users/ifate/Documents/ros2_airplay/install/include/ap_interfaces
-- Up-to-date: C:/Users/ifate/Documents/ros2_airplay/install/include/ap_interfaces/msg
-- Up-to-date: C:/Users/ifate/Documents/ros2_airplay/install/include/ap_interfaces/msg/detail
-- Installing: C:/Users/ifate/Documents/ros2_airplay/install/include/ap_interfaces/msg/detail/dds_fastrtps
-- Installing: C:/Users/ifate/Documents/ros2_airplay/install/include/ap_interfaces/msg/detail/pos__rosidl_typesupport_fastrtps_cpp.hpp
-- Installing: C:/Users/ifate/Documents/ros2_airplay/install/include/ap_interfaces/msg/rosidl_typesupport_fastrtps_cpp__visibility_control.h
-- Installing: C:/Users/ifate/Documents/ros2_airplay/install/lib/ap_interfaces__rosidl_typesupport_fastrtps_cpp.lib
-- Installing: C:/Users/ifate/Documents/ros2_airplay/install/bin/ap_interfaces__rosidl_typesupport_fastrtps_cpp.dll
-- Up-to-date: C:/Users/ifate/Documents/ros2_airplay/install/include/ap_interfaces
-- Up-to-date: C:/Users/ifate/Documents/ros2_airplay/install/include/ap_interfaces/msg
-- Up-to-date: C:/Users/ifate/Documents/ros2_airplay/install/include/ap_interfaces/msg/detail
-- Installing: C:/Users/ifate/Documents/ros2_airplay/install/include/ap_interfaces/msg/detail/pos__rosidl_typesupport_introspection_c.h
-- Installing: C:/Users/ifate/Documents/ros2_airplay/install/include/ap_interfaces/msg/detail/pos__type_support.c
-- Installing: C:/Users/ifate/Documents/ros2_airplay/install/include/ap_interfaces/msg/rosidl_typesupport_introspection_c__visibility_control.h
-- Installing: C:/Users/ifate/Documents/ros2_airplay/install/lib/ap_interfaces__rosidl_typesupport_introspection_c.lib
-- Installing: C:/Users/ifate/Documents/ros2_airplay/install/bin/ap_interfaces__rosidl_typesupport_introspection_c.dll
-- Installing: C:/Users/ifate/Documents/ros2_airplay/install/lib/ap_interfaces__rosidl_typesupport_c.lib
-- Installing: C:/Users/ifate/Documents/ros2_airplay/install/bin/ap_interfaces__rosidl_typesupport_c.dll
-- Up-to-date: C:/Users/ifate/Documents/ros2_airplay/install/include/ap_interfaces
-- Up-to-date: C:/Users/ifate/Documents/ros2_airplay/install/include/ap_interfaces/msg
-- Up-to-date: C:/Users/ifate/Documents/ros2_airplay/install/include/ap_interfaces/msg/detail
-- Installing: C:/Users/ifate/Documents/ros2_airplay/install/include/ap_interfaces/msg/detail/pos__builder.hpp
-- Installing: C:/Users/ifate/Documents/ros2_airplay/install/include/ap_interfaces/msg/detail/pos__struct.hpp
-- Installing: C:/Users/ifate/Documents/ros2_airplay/install/include/ap_interfaces/msg/detail/pos__traits.hpp
-- Installing: C:/Users/ifate/Documents/ros2_airplay/install/include/ap_interfaces/msg/pos.hpp
-- Up-to-date: C:/Users/ifate/Documents/ros2_airplay/install/include/ap_interfaces
-- Up-to-date: C:/Users/ifate/Documents/ros2_airplay/install/include/ap_interfaces/msg
-- Up-to-date: C:/Users/ifate/Documents/ros2_airplay/install/include/ap_interfaces/msg/detail
-- Installing: C:/Users/ifate/Documents/ros2_airplay/install/include/ap_interfaces/msg/detail/pos__rosidl_typesupport_introspection_cpp.hpp
-- Installing: C:/Users/ifate/Documents/ros2_airplay/install/include/ap_interfaces/msg/detail/pos__type_support.cpp
-- Installing: C:/Users/ifate/Documents/ros2_airplay/install/lib/ap_interfaces__rosidl_typesupport_introspection_cpp.lib
-- Installing: C:/Users/ifate/Documents/ros2_airplay/install/bin/ap_interfaces__rosidl_typesupport_introspection_cpp.dll
-- Installing: C:/Users/ifate/Documents/ros2_airplay/install/lib/ap_interfaces__rosidl_typesupport_cpp.lib
-- Installing: C:/Users/ifate/Documents/ros2_airplay/install/bin/ap_interfaces__rosidl_typesupport_cpp.dll
-- Installing: C:/Users/ifate/Documents/ros2_airplay/install/share/ap_interfaces/environment/pythonpath.bat
-- Installing: C:/Users/ifate/Documents/ros2_airplay/install/share/ap_interfaces/environment/pythonpath.dsv
-- Installing: C:/Users/ifate/Documents/ros2_airplay/install/Lib/site-packages/ap_interfaces/__init__.py
Compiling 'C:/Users/ifate/Documents/ros2_airplay/install/Lib/site-packages/ap_interfaces/__init__.py'...
-- Installing: C:/Users/ifate/Documents/ros2_airplay/install/Lib/site-packages/ap_interfaces/msg
-- Installing: C:/Users/ifate/Documents/ros2_airplay/install/Lib/site-packages/ap_interfaces/msg/_pos.py
-- Installing: C:/Users/ifate/Documents/ros2_airplay/install/Lib/site-packages/ap_interfaces/msg/_pos_s.c
-- Installing: C:/Users/ifate/Documents/ros2_airplay/install/Lib/site-packages/ap_interfaces/msg/__init__.py
-- Installing: C:/Users/ifate/Documents/ros2_airplay/install/Lib/site-packages/ap_interfaces/ap_interfaces_s__rosidl_typesupport_fastrtps_c.lib
-- Installing: C:/Users/ifate/Documents/ros2_airplay/install/Lib/site-packages/ap_interfaces/ap_interfaces_s__rosidl_typesupport_fastrtps_c.pyd
-- Installing: C:/Users/ifate/Documents/ros2_airplay/install/Lib/site-packages/ap_interfaces/ap_interfaces_s__rosidl_typesupport_introspection_c.lib
-- Installing: C:/Users/ifate/Documents/ros2_airplay/install/Lib/site-packages/ap_interfaces/ap_interfaces_s__rosidl_typesupport_introspection_c.pyd
-- Installing: C:/Users/ifate/Documents/ros2_airplay/install/Lib/site-packages/ap_interfaces/ap_interfaces_s__rosidl_typesupport_c.lib
-- Installing: C:/Users/ifate/Documents/ros2_airplay/install/Lib/site-packages/ap_interfaces/ap_interfaces_s__rosidl_typesupport_c.pyd
-- Installing: C:/Users/ifate/Documents/ros2_airplay/install/lib/ap_interfaces__python.lib
-- Installing: C:/Users/ifate/Documents/ros2_airplay/install/bin/ap_interfaces__python.dll
-- Installing: C:/Users/ifate/Documents/ros2_airplay/install/share/ap_interfaces/msg/Pos.idl
-- Installing: C:/Users/ifate/Documents/ros2_airplay/install/share/ap_interfaces/msg/Pos.msg
-- Installing: C:/Users/ifate/Documents/ros2_airplay/install/share/ament_index/resource_index/package_run_dependencies/ap_interfaces
-- Installing: C:/Users/ifate/Documents/ros2_airplay/install/share/ament_index/resource_index/parent_prefix_path/ap_interfaces
-- Installing: C:/Users/ifate/Documents/ros2_airplay/install/share/ap_interfaces/environment/ament_prefix_path.bat
-- Installing: C:/Users/ifate/Documents/ros2_airplay/install/share/ap_interfaces/environment/ament_prefix_path.dsv
-- Installing: C:/Users/ifate/Documents/ros2_airplay/install/share/ap_interfaces/environment/path.bat
-- Installing: C:/Users/ifate/Documents/ros2_airplay/install/share/ap_interfaces/environment/path.dsv
-- Installing: C:/Users/ifate/Documents/ros2_airplay/install/share/ap_interfaces/local_setup.bat
-- Installing: C:/Users/ifate/Documents/ros2_airplay/install/share/ap_interfaces/local_setup.dsv
-- Installing: C:/Users/ifate/Documents/ros2_airplay/install/share/ap_interfaces/package.dsv
-- Installing: C:/Users/ifate/Documents/ros2_airplay/install/share/ament_index/resource_index/packages/ap_interfaces
-- Installing: C:/Users/ifate/Documents/ros2_airplay/install/share/ap_interfaces/cmake/ap_interfaces__rosidl_generator_cExport.cmake
-- Installing: C:/Users/ifate/Documents/ros2_airplay/install/share/ap_interfaces/cmake/ap_interfaces__rosidl_generator_cExport-release.cmake
-- Installing: C:/Users/ifate/Documents/ros2_airplay/install/share/ap_interfaces/cmake/ap_interfaces__rosidl_typesupport_introspection_cExport.cmake
-- Installing: C:/Users/ifate/Documents/ros2_airplay/install/share/ap_interfaces/cmake/ap_interfaces__rosidl_typesupport_introspection_cExport-release.cmake
-- Installing: C:/Users/ifate/Documents/ros2_airplay/install/share/ap_interfaces/cmake/ap_interfaces__rosidl_typesupport_cExport.cmake
-- Installing: C:/Users/ifate/Documents/ros2_airplay/install/share/ap_interfaces/cmake/ap_interfaces__rosidl_typesupport_cExport-release.cmake
-- Installing: C:/Users/ifate/Documents/ros2_airplay/install/share/ap_interfaces/cmake/ap_interfaces__rosidl_generator_cppExport.cmake
-- Installing: C:/Users/ifate/Documents/ros2_airplay/install/share/ap_interfaces/cmake/ap_interfaces__rosidl_typesupport_introspection_cppExport.cmake
-- Installing: C:/Users/ifate/Documents/ros2_airplay/install/share/ap_interfaces/cmake/ap_interfaces__rosidl_typesupport_introspection_cppExport-release.cmake
-- Installing: C:/Users/ifate/Documents/ros2_airplay/install/share/ap_interfaces/cmake/ap_interfaces__rosidl_typesupport_cppExport.cmake
-- Installing: C:/Users/ifate/Documents/ros2_airplay/install/share/ap_interfaces/cmake/ap_interfaces__rosidl_typesupport_cppExport-release.cmake
-- Installing: C:/Users/ifate/Documents/ros2_airplay/install/share/ap_interfaces/cmake/rosidl_cmake-extras.cmake
-- Installing: C:/Users/ifate/Documents/ros2_airplay/install/share/ap_interfaces/cmake/ament_cmake_export_dependencies-extras.cmake
-- Installing: C:/Users/ifate/Documents/ros2_airplay/install/share/ap_interfaces/cmake/ament_cmake_export_libraries-extras.cmake
-- Installing: C:/Users/ifate/Documents/ros2_airplay/install/share/ap_interfaces/cmake/ament_cmake_export_targets-extras.cmake
-- Installing: C:/Users/ifate/Documents/ros2_airplay/install/share/ap_interfaces/cmake/ament_cmake_export_include_directories-extras.cmake
-- Installing: C:/Users/ifate/Documents/ros2_airplay/install/share/ap_interfaces/cmake/rosidl_cmake_export_typesupport_libraries-extras.cmake
-- Installing: C:/Users/ifate/Documents/ros2_airplay/install/share/ap_interfaces/cmake/rosidl_cmake_export_typesupport_targets-extras.cmake
-- Installing: C:/Users/ifate/Documents/ros2_airplay/install/share/ap_interfaces/cmake/ap_interfacesConfig.cmake
-- Installing: C:/Users/ifate/Documents/ros2_airplay/install/share/ap_interfaces/cmake/ap_interfacesConfig-version.cmake
-- Installing: C:/Users/ifate/Documents/ros2_airplay/install/share/ap_interfaces/package.xml
