[0.078s] Invoking command in 'C:\Users\ifate\Documents\ros2_airplay\build\ap_interfaces': c:\opt\ros\foxy\x64\Scripts\cmake.EXE C:\Users\ifate\Documents\ros2_airplay\src\ap_interfaces -DCMAKE_INSTALL_PREFIX=C:\Users\ifate\Documents\ros2_airplay\install -G Visual Studio 16 2019
[0.407s] -- Selecting Windows SDK version 10.0.19041.0 to target Windows 10.0.19044.
[4.078s] -- The C compiler identification is MSVC 19.29.30137.0
[5.391s] -- The CXX compiler identification is MSVC 19.29.30137.0
[5.719s] -- Detecting C compiler ABI info
[6.860s] -- Detecting C compiler ABI info - done
[6.860s] -- Check for working C compiler: C:/Program Files (x86)/Microsoft Visual Studio/2019/BuildTools/VC/Tools/MSVC/14.29.30133/bin/Hostx64/x64/cl.exe - skipped
[6.875s] -- Detecting C compile features
[6.875s] -- Detecting C compile features - done
[6.938s] -- Detecting CXX compiler ABI info
[8.016s] -- Detecting CXX compiler ABI info - done
[8.016s] -- Check for working CXX compiler: C:/Program Files (x86)/Microsoft Visual Studio/2019/BuildTools/VC/Tools/MSVC/14.29.30133/bin/Hostx64/x64/cl.exe - skipped
[8.016s] -- Detecting CXX compile features
[8.016s] -- Detecting CXX compile features - done
[8.141s] -- Found ament_cmake: 0.9.9 (C:/opt/ros/foxy/x64/share/ament_cmake/cmake)
[8.625s] -- Found PythonInterp: C:/opt/ros/foxy/x64/python.exe (found suitable version "3.8.3", minimum required is "3") 
[8.625s] -- Using PYTHON_EXECUTABLE: C:/opt/ros/foxy/x64/python.exe
[10.250s] -- Found rosidl_default_generators: 1.0.1 (C:/opt/ros/foxy/x64/share/rosidl_default_generators/cmake)
[10.344s] -- Using all available rosidl_typesupport_c: rosidl_typesupport_fastrtps_c;rosidl_typesupport_introspection_c
[10.516s] -- Found rosidl_adapter: 1.2.1 (C:/opt/ros/foxy/x64/share/rosidl_adapter/cmake)
[11.078s] -- Found OpenSSL: optimized;C:/opt/ros/foxy/x64/Lib/libcrypto.lib;debug;C:/Program Files/OpenSSL-Win64/lib/VC/libcrypto64MDd.lib (found version "1.1.1g")  
[11.360s] -- Found FastRTPS: C:/opt/ros/foxy/x64/include  
[12.516s] -- Using all available rosidl_typesupport_cpp: rosidl_typesupport_fastrtps_cpp;rosidl_typesupport_introspection_cpp
[13.094s] -- Found PythonInterp: C:/opt/ros/foxy/x64/python.exe (found version "3.8.3") 
[13.688s] -- Found ament_cmake_ros: 0.9.2 (C:/opt/ros/foxy/x64/share/ament_cmake_ros/cmake)
[14.344s] -- Using all available rosidl_typesupport_c: rosidl_typesupport_fastrtps_c;rosidl_typesupport_introspection_c
[14.485s] -- Using all available rosidl_typesupport_cpp: rosidl_typesupport_fastrtps_cpp;rosidl_typesupport_introspection_cpp
[14.563s] -- Found PythonInterp: C:/opt/ros/foxy/x64/python.exe (found suitable version "3.8.3", minimum required is "3.5") 
[14.610s] -- Found python_cmake_module: 0.8.1 (C:/opt/ros/foxy/x64/share/python_cmake_module/cmake)
[14.719s] -- Found PythonLibs: optimized;C:/opt/ros/foxy/x64/Lib/python38.lib;debug;C:/Python38/libs/python38_d.lib (found suitable version "3.8.3", minimum required is "3.5") 
[14.719s] -- Using PYTHON_EXECUTABLE: C:/opt/ros/foxy/x64/python.exe
[14.719s] -- Using PYTHON_INCLUDE_DIRS: C:/opt/ros/foxy/x64/include/python3.8
[14.719s] -- Using PYTHON_LIBRARIES: optimized;C:/opt/ros/foxy/x64/Lib/python38.lib;debug;C:/Python38/libs/python38_d.lib
[14.782s] -- Found PythonExtra: .pyd  
[15.141s] -- Using numpy include directory: C:\opt\ros\foxy\x64\lib\site-packages\numpy\core\include
[15.250s] -- Found ament_lint_auto: 0.9.6 (C:/opt/ros/foxy/x64/share/ament_lint_auto/cmake)
[16.032s] -- Added test 'copyright' to check source files copyright and LICENSE
[16.125s] -- Added test 'lint_cmake' to check CMake code style
[16.188s] -- Added test 'xmllint' to check XML markup files
[16.313s] -- Configuring done
[17.000s] -- Generating done
[17.047s] -- Build files have been written to: C:/Users/ifate/Documents/ros2_airplay/build/ap_interfaces
[17.078s] Invoked command in 'C:\Users\ifate\Documents\ros2_airplay\build\ap_interfaces' returned '0': c:\opt\ros\foxy\x64\Scripts\cmake.EXE C:\Users\ifate\Documents\ros2_airplay\src\ap_interfaces -DCMAKE_INSTALL_PREFIX=C:\Users\ifate\Documents\ros2_airplay\install -G Visual Studio 16 2019
[17.078s] Invoking command in 'C:\Users\ifate\Documents\ros2_airplay\build\ap_interfaces': CL=/MP c:\opt\ros\foxy\x64\Scripts\cmake.EXE --build C:\Users\ifate\Documents\ros2_airplay\build\ap_interfaces --config Release
[17.453s] 用于 .NET Framework 的 Microsoft (R) 生成引擎版本 16.11.2+f32259642
[17.453s] 版权所有(C) Microsoft Corporation。保留所有权利。
[17.453s] 
[17.922s]   Checking Build System
[18.188s]   Generating C++ code for ROS interfaces
[18.969s]   Building Custom Rule C:/Users/ifate/Documents/ros2_airplay/src/ap_interfaces/CMakeLists.txt
[19.172s]   Generating C code for ROS interfaces
[19.907s]   Building Custom Rule C:/Users/ifate/Documents/ros2_airplay/src/ap_interfaces/CMakeLists.txt
[20.172s]   pos__functions.c
[20.516s]     正在创建库 C:/Users/ifate/Documents/ros2_airplay/build/ap_interfaces/Release/ap_interfaces__rosidl_generator_c.lib 和对象 C:/Users/ifate/Documents/ros2_airplay/build/ap_interfaces/Release/ap_interfaces__rosidl_generator_c.exp
[20.703s]   ap_interfaces__rosidl_generator_c.vcxproj -> C:\Users\ifate\Documents\ros2_airplay\build\ap_interfaces\Release\ap_interfaces__rosidl_generator_c.dll
[20.828s]   Generating C type support dispatch for ROS interfaces
[21.375s]   Building Custom Rule C:/Users/ifate/Documents/ros2_airplay/src/ap_interfaces/CMakeLists.txt
[21.547s]   pos__type_support.cpp
[21.719s]     正在创建库 C:/Users/ifate/Documents/ros2_airplay/build/ap_interfaces/Release/ap_interfaces__rosidl_typesupport_c.lib 和对象 C:/Users/ifate/Documents/ros2_airplay/build/ap_interfaces/Release/ap_interfaces__rosidl_typesupport_c.exp
[21.860s]   ap_interfaces__rosidl_typesupport_c.vcxproj -> C:\Users\ifate\Documents\ros2_airplay\build\ap_interfaces\Release\ap_interfaces__rosidl_typesupport_c.dll
[21.953s]   Generating C++ type support dispatch for ROS interfaces
[22.438s]   Building Custom Rule C:/Users/ifate/Documents/ros2_airplay/src/ap_interfaces/CMakeLists.txt
[22.578s]   pos__type_support.cpp
[23.547s]     正在创建库 C:/Users/ifate/Documents/ros2_airplay/build/ap_interfaces/Release/ap_interfaces__rosidl_typesupport_cpp.lib 和对象 C:/Users/ifate/Documents/ros2_airplay/build/ap_interfaces/Release/ap_interfaces__rosidl_typesupport_cpp.exp
[23.797s]   ap_interfaces__rosidl_typesupport_cpp.vcxproj -> C:\Users\ifate\Documents\ros2_airplay\build\ap_interfaces\Release\ap_interfaces__rosidl_typesupport_cpp.dll
[23.969s]   Generating C++ type support for eProsima Fast-RTPS
[24.532s]   Building Custom Rule C:/Users/ifate/Documents/ros2_airplay/src/ap_interfaces/CMakeLists.txt
[24.672s]   pos__type_support.cpp
[25.360s]     正在创建库 C:/Users/ifate/Documents/ros2_airplay/build/ap_interfaces/Release/ap_interfaces__rosidl_typesupport_fastrtps_cpp.lib 和对象 C:/Users/ifate/Documents/ros2_airplay/build/ap_interfaces/Release/ap_interfaces__rosidl_typesupport_fastrtps_cpp.exp
[25.500s]   ap_interfaces__rosidl_typesupport_fastrtps_cpp.vcxproj -> C:\Users\ifate\Documents\ros2_airplay\build\ap_interfaces\Release\ap_interfaces__rosidl_typesupport_fastrtps_cpp.dll
[25.578s]   Generating C type support for eProsima Fast-RTPS
[26.313s]   Building Custom Rule C:/Users/ifate/Documents/ros2_airplay/src/ap_interfaces/CMakeLists.txt
[26.469s]   pos__type_support_c.cpp
[27.328s]     正在创建库 C:/Users/ifate/Documents/ros2_airplay/build/ap_interfaces/Release/ap_interfaces__rosidl_typesupport_fastrtps_c.lib 和对象 C:/Users/ifate/Documents/ros2_airplay/build/ap_interfaces/Release/ap_interfaces__rosidl_typesupport_fastrtps_c.exp
[27.453s]   ap_interfaces__rosidl_typesupport_fastrtps_c.vcxproj -> C:\Users\ifate\Documents\ros2_airplay\build\ap_interfaces\Release\ap_interfaces__rosidl_typesupport_fastrtps_c.dll
[27.625s]   Generating C introspection for ROS interfaces
[28.203s]   Building Custom Rule C:/Users/ifate/Documents/ros2_airplay/src/ap_interfaces/CMakeLists.txt
[28.375s]   pos__type_support.c
[28.532s]     正在创建库 C:/Users/ifate/Documents/ros2_airplay/build/ap_interfaces/Release/ap_interfaces__rosidl_typesupport_introspection_c.lib 和对象 C:/Users/ifate/Documents/ros2_airplay/build/ap_interfaces/Release/ap_interfaces__rosidl_typesupport_introspection_c.exp
[28.625s]   ap_interfaces__rosidl_typesupport_introspection_c.vcxproj -> C:\Users\ifate\Documents\ros2_airplay\build\ap_interfaces\Release\ap_interfaces__rosidl_typesupport_introspection_c.dll
[28.735s]   Generating C++ introspection for ROS interfaces
[29.422s]   Building Custom Rule C:/Users/ifate/Documents/ros2_airplay/src/ap_interfaces/CMakeLists.txt
[29.578s]   pos__type_support.cpp
[30.235s]     正在创建库 C:/Users/ifate/Documents/ros2_airplay/build/ap_interfaces/Release/ap_interfaces__rosidl_typesupport_introspection_cpp.lib 和对象 C:/Users/ifate/Documents/ros2_airplay/build/ap_interfaces/Release/ap_interfaces__rosidl_typesupport_introspection_cpp.exp
[30.360s]   ap_interfaces__rosidl_typesupport_introspection_cpp.vcxproj -> C:\Users\ifate\Documents\ros2_airplay\build\ap_interfaces\Release\ap_interfaces__rosidl_typesupport_introspection_cpp.dll
[30.485s]   Building Custom Rule C:/Users/ifate/Documents/ros2_airplay/src/ap_interfaces/CMakeLists.txt
[30.703s]   Generating Python code for ROS interfaces
[31.735s]   Building Custom Rule C:/Users/ifate/Documents/ros2_airplay/build/ap_interfaces/ap_interfaces__py/CMakeLists.txt
[31.860s]   Building Custom Rule C:/Users/ifate/Documents/ros2_airplay/src/ap_interfaces/CMakeLists.txt
[32.078s]   _pos_s.c
[32.500s]     正在创建库 C:/Users/ifate/Documents/ros2_airplay/build/ap_interfaces/Release/ap_interfaces__python.lib 和对象 C:/Users/ifate/Documents/ros2_airplay/build/ap_interfaces/Release/ap_interfaces__python.exp
[32.657s]   ap_interfaces__python.vcxproj -> C:\Users\ifate\Documents\ros2_airplay\build\ap_interfaces\rosidl_generator_py\ap_interfaces\ap_interfaces__python.dll
[32.782s]   Building Custom Rule C:/Users/ifate/Documents/ros2_airplay/src/ap_interfaces/CMakeLists.txt
[32.922s]   _ap_interfaces_s.ep.rosidl_typesupport_c.c
[33.141s]     正在创建库 C:/Users/ifate/Documents/ros2_airplay/build/ap_interfaces/Release/ap_interfaces_s__rosidl_typesupport_c.lib 和对象 C:/Users/ifate/Documents/ros2_airplay/build/ap_interfaces/Release/ap_interfaces_s__rosidl_typesupport_c.exp
[33.297s]   ap_interfaces__rosidl_typesupport_c__pyext.vcxproj -> C:\Users\ifate\Documents\ros2_airplay\build\ap_interfaces\rosidl_generator_py\ap_interfaces\ap_interfaces_s__rosidl_typesupport_c.pyd
[33.391s]   Building Custom Rule C:/Users/ifate/Documents/ros2_airplay/src/ap_interfaces/CMakeLists.txt
[33.547s]   _ap_interfaces_s.ep.rosidl_typesupport_fastrtps_c.c
[33.766s]     正在创建库 C:/Users/ifate/Documents/ros2_airplay/build/ap_interfaces/Release/ap_interfaces_s__rosidl_typesupport_fastrtps_c.lib 和对象 C:/Users/ifate/Documents/ros2_airplay/build/ap_interfaces/Release/ap_interfaces_s__rosidl_typesupport_fastrtps_c.exp
[33.938s]   ap_interfaces__rosidl_typesupport_fastrtps_c__pyext.vcxproj -> C:\Users\ifate\Documents\ros2_airplay\build\ap_interfaces\rosidl_generator_py\ap_interfaces\ap_interfaces_s__rosidl_typesupport_fastrtps_c.pyd
[34.032s]   Building Custom Rule C:/Users/ifate/Documents/ros2_airplay/src/ap_interfaces/CMakeLists.txt
[34.203s]   _ap_interfaces_s.ep.rosidl_typesupport_introspection_c.c
[34.438s]     正在创建库 C:/Users/ifate/Documents/ros2_airplay/build/ap_interfaces/Release/ap_interfaces_s__rosidl_typesupport_introspection_c.lib 和对象 C:/Users/ifate/Documents/ros2_airplay/build/ap_interfaces/Release/ap_interfaces_s__rosidl_typesupport_introspection_c.exp
[34.578s]   ap_interfaces__rosidl_typesupport_introspection_c__pyext.vcxproj -> C:\Users\ifate\Documents\ros2_airplay\build\ap_interfaces\rosidl_generator_py\ap_interfaces\ap_interfaces_s__rosidl_typesupport_introspection_c.pyd
[34.641s]   Building Custom Rule C:/Users/ifate/Documents/ros2_airplay/src/ap_interfaces/CMakeLists.txt
[34.735s] Invoked command in 'C:\Users\ifate\Documents\ros2_airplay\build\ap_interfaces' returned '0': CL=/MP c:\opt\ros\foxy\x64\Scripts\cmake.EXE --build C:\Users\ifate\Documents\ros2_airplay\build\ap_interfaces --config Release
[34.953s] Invoking command in 'C:\Users\ifate\Documents\ros2_airplay\build\ap_interfaces': c:\opt\ros\foxy\x64\Scripts\cmake.EXE --install C:\Users\ifate\Documents\ros2_airplay\build\ap_interfaces --config Release
[35.125s] -- Installing: C:/Users/ifate/Documents/ros2_airplay/install/share/ament_index/resource_index/rosidl_interfaces/ap_interfaces
[35.125s] -- Installing: C:/Users/ifate/Documents/ros2_airplay/install/include/ap_interfaces
[35.125s] -- Installing: C:/Users/ifate/Documents/ros2_airplay/install/include/ap_interfaces/msg
[35.125s] -- Installing: C:/Users/ifate/Documents/ros2_airplay/install/include/ap_interfaces/msg/detail
[35.141s] -- Installing: C:/Users/ifate/Documents/ros2_airplay/install/include/ap_interfaces/msg/detail/pos__functions.c
[35.157s] -- Installing: C:/Users/ifate/Documents/ros2_airplay/install/include/ap_interfaces/msg/detail/pos__functions.h
[35.172s] -- Installing: C:/Users/ifate/Documents/ros2_airplay/install/include/ap_interfaces/msg/detail/pos__struct.h
[35.188s] -- Installing: C:/Users/ifate/Documents/ros2_airplay/install/include/ap_interfaces/msg/detail/pos__type_support.h
[35.203s] -- Installing: C:/Users/ifate/Documents/ros2_airplay/install/include/ap_interfaces/msg/pos.h
[35.203s] -- Installing: C:/Users/ifate/Documents/ros2_airplay/install/include/ap_interfaces/msg/rosidl_generator_c__visibility_control.h
[35.219s] -- Installing: C:/Users/ifate/Documents/ros2_airplay/install/lib/ap_interfaces__rosidl_generator_c.lib
[35.250s] -- Installing: C:/Users/ifate/Documents/ros2_airplay/install/bin/ap_interfaces__rosidl_generator_c.dll
[35.266s] -- Up-to-date: C:/Users/ifate/Documents/ros2_airplay/install/include/ap_interfaces
[35.266s] -- Up-to-date: C:/Users/ifate/Documents/ros2_airplay/install/include/ap_interfaces/msg
[35.266s] -- Up-to-date: C:/Users/ifate/Documents/ros2_airplay/install/include/ap_interfaces/msg/detail
[35.266s] -- Installing: C:/Users/ifate/Documents/ros2_airplay/install/include/ap_interfaces/msg/detail/pos__rosidl_typesupport_fastrtps_c.h
[35.266s] -- Installing: C:/Users/ifate/Documents/ros2_airplay/install/include/ap_interfaces/msg/rosidl_typesupport_fastrtps_c__visibility_control.h
[35.282s] -- Installing: C:/Users/ifate/Documents/ros2_airplay/install/lib/ap_interfaces__rosidl_typesupport_fastrtps_c.lib
[35.313s] -- Installing: C:/Users/ifate/Documents/ros2_airplay/install/bin/ap_interfaces__rosidl_typesupport_fastrtps_c.dll
[35.313s] -- Up-to-date: C:/Users/ifate/Documents/ros2_airplay/install/include/ap_interfaces
[35.313s] -- Up-to-date: C:/Users/ifate/Documents/ros2_airplay/install/include/ap_interfaces/msg
[35.313s] -- Up-to-date: C:/Users/ifate/Documents/ros2_airplay/install/include/ap_interfaces/msg/detail
[35.313s] -- Installing: C:/Users/ifate/Documents/ros2_airplay/install/include/ap_interfaces/msg/detail/dds_fastrtps
[35.328s] -- Installing: C:/Users/ifate/Documents/ros2_airplay/install/include/ap_interfaces/msg/detail/pos__rosidl_typesupport_fastrtps_cpp.hpp
[35.328s] -- Installing: C:/Users/ifate/Documents/ros2_airplay/install/include/ap_interfaces/msg/rosidl_typesupport_fastrtps_cpp__visibility_control.h
[35.344s] -- Installing: C:/Users/ifate/Documents/ros2_airplay/install/lib/ap_interfaces__rosidl_typesupport_fastrtps_cpp.lib
[35.360s] -- Installing: C:/Users/ifate/Documents/ros2_airplay/install/bin/ap_interfaces__rosidl_typesupport_fastrtps_cpp.dll
[35.375s] -- Up-to-date: C:/Users/ifate/Documents/ros2_airplay/install/include/ap_interfaces
[35.375s] -- Up-to-date: C:/Users/ifate/Documents/ros2_airplay/install/include/ap_interfaces/msg
[35.375s] -- Up-to-date: C:/Users/ifate/Documents/ros2_airplay/install/include/ap_interfaces/msg/detail
[35.375s] -- Installing: C:/Users/ifate/Documents/ros2_airplay/install/include/ap_interfaces/msg/detail/pos__rosidl_typesupport_introspection_c.h
[35.391s] -- Installing: C:/Users/ifate/Documents/ros2_airplay/install/include/ap_interfaces/msg/detail/pos__type_support.c
[35.407s] -- Installing: C:/Users/ifate/Documents/ros2_airplay/install/include/ap_interfaces/msg/rosidl_typesupport_introspection_c__visibility_control.h
[35.407s] -- Installing: C:/Users/ifate/Documents/ros2_airplay/install/lib/ap_interfaces__rosidl_typesupport_introspection_c.lib
[35.438s] -- Installing: C:/Users/ifate/Documents/ros2_airplay/install/bin/ap_interfaces__rosidl_typesupport_introspection_c.dll
[35.453s] -- Installing: C:/Users/ifate/Documents/ros2_airplay/install/lib/ap_interfaces__rosidl_typesupport_c.lib
[35.485s] -- Installing: C:/Users/ifate/Documents/ros2_airplay/install/bin/ap_interfaces__rosidl_typesupport_c.dll
[35.485s] -- Up-to-date: C:/Users/ifate/Documents/ros2_airplay/install/include/ap_interfaces
[35.485s] -- Up-to-date: C:/Users/ifate/Documents/ros2_airplay/install/include/ap_interfaces/msg
[35.485s] -- Up-to-date: C:/Users/ifate/Documents/ros2_airplay/install/include/ap_interfaces/msg/detail
[35.500s] -- Installing: C:/Users/ifate/Documents/ros2_airplay/install/include/ap_interfaces/msg/detail/pos__builder.hpp
[35.516s] -- Installing: C:/Users/ifate/Documents/ros2_airplay/install/include/ap_interfaces/msg/detail/pos__struct.hpp
[35.532s] -- Installing: C:/Users/ifate/Documents/ros2_airplay/install/include/ap_interfaces/msg/detail/pos__traits.hpp
[35.547s] -- Installing: C:/Users/ifate/Documents/ros2_airplay/install/include/ap_interfaces/msg/pos.hpp
[35.547s] -- Up-to-date: C:/Users/ifate/Documents/ros2_airplay/install/include/ap_interfaces
[35.547s] -- Up-to-date: C:/Users/ifate/Documents/ros2_airplay/install/include/ap_interfaces/msg
[35.547s] -- Up-to-date: C:/Users/ifate/Documents/ros2_airplay/install/include/ap_interfaces/msg/detail
[35.563s] -- Installing: C:/Users/ifate/Documents/ros2_airplay/install/include/ap_interfaces/msg/detail/pos__rosidl_typesupport_introspection_cpp.hpp
[35.578s] -- Installing: C:/Users/ifate/Documents/ros2_airplay/install/include/ap_interfaces/msg/detail/pos__type_support.cpp
[35.594s] -- Installing: C:/Users/ifate/Documents/ros2_airplay/install/lib/ap_interfaces__rosidl_typesupport_introspection_cpp.lib
[35.625s] -- Installing: C:/Users/ifate/Documents/ros2_airplay/install/bin/ap_interfaces__rosidl_typesupport_introspection_cpp.dll
[35.641s] -- Installing: C:/Users/ifate/Documents/ros2_airplay/install/lib/ap_interfaces__rosidl_typesupport_cpp.lib
[35.672s] -- Installing: C:/Users/ifate/Documents/ros2_airplay/install/bin/ap_interfaces__rosidl_typesupport_cpp.dll
[35.688s] -- Installing: C:/Users/ifate/Documents/ros2_airplay/install/share/ap_interfaces/environment/pythonpath.bat
[35.688s] -- Installing: C:/Users/ifate/Documents/ros2_airplay/install/share/ap_interfaces/environment/pythonpath.dsv
[35.688s] -- Installing: C:/Users/ifate/Documents/ros2_airplay/install/Lib/site-packages/ap_interfaces/__init__.py
[35.782s] Compiling 'C:/Users/ifate/Documents/ros2_airplay/install/Lib/site-packages/ap_interfaces/__init__.py'...
[35.797s] -- Installing: C:/Users/ifate/Documents/ros2_airplay/install/Lib/site-packages/ap_interfaces/msg
[35.797s] -- Installing: C:/Users/ifate/Documents/ros2_airplay/install/Lib/site-packages/ap_interfaces/msg/_pos.py
[35.813s] -- Installing: C:/Users/ifate/Documents/ros2_airplay/install/Lib/site-packages/ap_interfaces/msg/_pos_s.c
[35.828s] -- Installing: C:/Users/ifate/Documents/ros2_airplay/install/Lib/site-packages/ap_interfaces/msg/__init__.py
[35.844s] -- Installing: C:/Users/ifate/Documents/ros2_airplay/install/Lib/site-packages/ap_interfaces/ap_interfaces_s__rosidl_typesupport_fastrtps_c.lib
[35.875s] -- Installing: C:/Users/ifate/Documents/ros2_airplay/install/Lib/site-packages/ap_interfaces/ap_interfaces_s__rosidl_typesupport_fastrtps_c.pyd
[35.891s] -- Installing: C:/Users/ifate/Documents/ros2_airplay/install/Lib/site-packages/ap_interfaces/ap_interfaces_s__rosidl_typesupport_introspection_c.lib
[35.922s] -- Installing: C:/Users/ifate/Documents/ros2_airplay/install/Lib/site-packages/ap_interfaces/ap_interfaces_s__rosidl_typesupport_introspection_c.pyd
[35.938s] -- Installing: C:/Users/ifate/Documents/ros2_airplay/install/Lib/site-packages/ap_interfaces/ap_interfaces_s__rosidl_typesupport_c.lib
[35.969s] -- Installing: C:/Users/ifate/Documents/ros2_airplay/install/Lib/site-packages/ap_interfaces/ap_interfaces_s__rosidl_typesupport_c.pyd
[35.985s] -- Installing: C:/Users/ifate/Documents/ros2_airplay/install/lib/ap_interfaces__python.lib
[36.016s] -- Installing: C:/Users/ifate/Documents/ros2_airplay/install/bin/ap_interfaces__python.dll
[36.032s] -- Installing: C:/Users/ifate/Documents/ros2_airplay/install/share/ap_interfaces/msg/Pos.idl
[36.032s] -- Installing: C:/Users/ifate/Documents/ros2_airplay/install/share/ap_interfaces/msg/Pos.msg
[36.032s] -- Installing: C:/Users/ifate/Documents/ros2_airplay/install/share/ament_index/resource_index/package_run_dependencies/ap_interfaces
[36.094s] -- Installing: C:/Users/ifate/Documents/ros2_airplay/install/share/ament_index/resource_index/parent_prefix_path/ap_interfaces
[36.094s] -- Installing: C:/Users/ifate/Documents/ros2_airplay/install/share/ap_interfaces/environment/ament_prefix_path.bat
[36.110s] -- Installing: C:/Users/ifate/Documents/ros2_airplay/install/share/ap_interfaces/environment/ament_prefix_path.dsv
[36.110s] -- Installing: C:/Users/ifate/Documents/ros2_airplay/install/share/ap_interfaces/environment/path.bat
[36.125s] -- Installing: C:/Users/ifate/Documents/ros2_airplay/install/share/ap_interfaces/environment/path.dsv
[36.125s] -- Installing: C:/Users/ifate/Documents/ros2_airplay/install/share/ap_interfaces/local_setup.bat
[36.141s] -- Installing: C:/Users/ifate/Documents/ros2_airplay/install/share/ap_interfaces/local_setup.dsv
[36.157s] -- Installing: C:/Users/ifate/Documents/ros2_airplay/install/share/ap_interfaces/package.dsv
[36.157s] -- Installing: C:/Users/ifate/Documents/ros2_airplay/install/share/ament_index/resource_index/packages/ap_interfaces
[36.172s] -- Installing: C:/Users/ifate/Documents/ros2_airplay/install/share/ap_interfaces/cmake/ap_interfaces__rosidl_generator_cExport.cmake
[36.188s] -- Installing: C:/Users/ifate/Documents/ros2_airplay/install/share/ap_interfaces/cmake/ap_interfaces__rosidl_generator_cExport-release.cmake
[36.203s] -- Installing: C:/Users/ifate/Documents/ros2_airplay/install/share/ap_interfaces/cmake/ap_interfaces__rosidl_typesupport_introspection_cExport.cmake
[36.219s] -- Installing: C:/Users/ifate/Documents/ros2_airplay/install/share/ap_interfaces/cmake/ap_interfaces__rosidl_typesupport_introspection_cExport-release.cmake
[36.235s] -- Installing: C:/Users/ifate/Documents/ros2_airplay/install/share/ap_interfaces/cmake/ap_interfaces__rosidl_typesupport_cExport.cmake
[36.250s] -- Installing: C:/Users/ifate/Documents/ros2_airplay/install/share/ap_interfaces/cmake/ap_interfaces__rosidl_typesupport_cExport-release.cmake
[36.266s] -- Installing: C:/Users/ifate/Documents/ros2_airplay/install/share/ap_interfaces/cmake/ap_interfaces__rosidl_generator_cppExport.cmake
[36.282s] -- Installing: C:/Users/ifate/Documents/ros2_airplay/install/share/ap_interfaces/cmake/ap_interfaces__rosidl_typesupport_introspection_cppExport.cmake
[36.297s] -- Installing: C:/Users/ifate/Documents/ros2_airplay/install/share/ap_interfaces/cmake/ap_interfaces__rosidl_typesupport_introspection_cppExport-release.cmake
[36.328s] -- Installing: C:/Users/ifate/Documents/ros2_airplay/install/share/ap_interfaces/cmake/ap_interfaces__rosidl_typesupport_cppExport.cmake
[36.344s] -- Installing: C:/Users/ifate/Documents/ros2_airplay/install/share/ap_interfaces/cmake/ap_interfaces__rosidl_typesupport_cppExport-release.cmake
[36.344s] -- Installing: C:/Users/ifate/Documents/ros2_airplay/install/share/ap_interfaces/cmake/rosidl_cmake-extras.cmake
[36.344s] -- Installing: C:/Users/ifate/Documents/ros2_airplay/install/share/ap_interfaces/cmake/ament_cmake_export_dependencies-extras.cmake
[36.344s] -- Installing: C:/Users/ifate/Documents/ros2_airplay/install/share/ap_interfaces/cmake/ament_cmake_export_libraries-extras.cmake
[36.360s] -- Installing: C:/Users/ifate/Documents/ros2_airplay/install/share/ap_interfaces/cmake/ament_cmake_export_targets-extras.cmake
[36.360s] -- Installing: C:/Users/ifate/Documents/ros2_airplay/install/share/ap_interfaces/cmake/ament_cmake_export_include_directories-extras.cmake
[36.360s] -- Installing: C:/Users/ifate/Documents/ros2_airplay/install/share/ap_interfaces/cmake/rosidl_cmake_export_typesupport_libraries-extras.cmake
[36.360s] -- Installing: C:/Users/ifate/Documents/ros2_airplay/install/share/ap_interfaces/cmake/rosidl_cmake_export_typesupport_targets-extras.cmake
[36.375s] -- Installing: C:/Users/ifate/Documents/ros2_airplay/install/share/ap_interfaces/cmake/ap_interfacesConfig.cmake
[36.375s] -- Installing: C:/Users/ifate/Documents/ros2_airplay/install/share/ap_interfaces/cmake/ap_interfacesConfig-version.cmake
[36.375s] -- Installing: C:/Users/ifate/Documents/ros2_airplay/install/share/ap_interfaces/package.xml
[36.422s] Invoked command in 'C:\Users\ifate\Documents\ros2_airplay\build\ap_interfaces' returned '0': c:\opt\ros\foxy\x64\Scripts\cmake.EXE --install C:\Users\ifate\Documents\ros2_airplay\build\ap_interfaces --config Release
