[0.712s] [34mcolcon[0m [1;30mDEBUG[0m [32mCommand line arguments: ['c:\\opt\\ros\\foxy\\x64\\Scripts\\colcon', 'build', '--merge-install'][0m
[0.713s] [34mcolcon[0m [1;30mDEBUG[0m [32mParsed command line arguments: Namespace(ament_cmake_args=None, base_paths=['.'], build_base='build', catkin_cmake_args=None, catkin_skip_building_tests=False, cmake_args=None, cmake_clean_cache=False, cmake_clean_first=False, cmake_force_configure=False, cmake_target=None, cmake_target_skip_unavailable=False, continue_on_error=False, event_handlers=None, executor='parallel', ignore_user_meta=False, install_base='install', log_base=None, log_level=None, main=<bound method BuildVerb.main of <colcon_core.verb.build.BuildVerb object at 0x000001CC29978B80>>, merge_install=True, metas=['./colcon.meta'], packages_above=None, packages_above_and_dependencies=None, packages_above_depth=None, packages_end=None, packages_ignore=None, packages_ignore_regex=None, packages_select=None, packages_select_build_failed=False, packages_select_by_dep=None, packages_select_regex=None, packages_select_test_failures=False, packages_skip=None, packages_skip_build_finished=False, packages_skip_by_dep=None, packages_skip_regex=None, packages_skip_test_passed=False, packages_skip_up_to=None, packages_start=None, packages_up_to=None, packages_up_to_regex=None, parallel_workers=8, paths=None, symlink_install=False, test_result_base=None, verb_extension=<colcon_core.verb.build.BuildVerb object at 0x000001CC29978B80>, verb_name='build', verb_parser=<colcon_defaults.argument_parser.defaults.DefaultArgumentsDecorator object at 0x000001CC2998A0A0>)[0m
[0.856s] [34mcolcon.colcon_core.package_discovery[0m [1;30mLevel 1[0m discover_packages(colcon_meta) check parameters
[0.856s] [34mcolcon.colcon_core.package_discovery[0m [1;30mLevel 1[0m discover_packages(recursive) check parameters
[0.856s] [34mcolcon.colcon_core.package_discovery[0m [1;30mLevel 1[0m discover_packages(ignore) check parameters
[0.856s] [34mcolcon.colcon_core.package_discovery[0m [1;30mLevel 1[0m discover_packages(path) check parameters
[0.856s] [34mcolcon.colcon_core.package_discovery[0m [1;30mLevel 1[0m discover_packages(colcon_meta) discover
[0.856s] [34mcolcon.colcon_core.package_discovery[0m [1;30mLevel 1[0m discover_packages(recursive) discover
[0.856s] [34mcolcon.colcon_core.package_discovery[0m [1;30mINFO[0m Crawling recursively for packages in 'C:\Users\ifate\Documents\ros2_airplay'
[0.857s] [34mcolcon.colcon_core.package_identification[0m [1;30mLevel 1[0m _identify(.) by extensions ['ignore', 'ignore_ament_install']
[0.857s] [34mcolcon.colcon_core.package_identification[0m [1;30mLevel 1[0m _identify(.) by extension 'ignore'
[0.857s] [34mcolcon.colcon_core.package_identification[0m [1;30mLevel 1[0m _identify(.) by extension 'ignore_ament_install'
[0.857s] [34mcolcon.colcon_core.package_identification[0m [1;30mLevel 1[0m _identify(.) by extensions ['colcon_pkg']
[0.857s] [34mcolcon.colcon_core.package_identification[0m [1;30mLevel 1[0m _identify(.) by extension 'colcon_pkg'
[0.857s] [34mcolcon.colcon_core.package_identification[0m [1;30mLevel 1[0m _identify(.) by extensions ['colcon_meta']
[0.857s] [34mcolcon.colcon_core.package_identification[0m [1;30mLevel 1[0m _identify(.) by extension 'colcon_meta'
[0.857s] [34mcolcon.colcon_core.package_identification[0m [1;30mLevel 1[0m _identify(.) by extensions ['ros']
[0.857s] [34mcolcon.colcon_core.package_identification[0m [1;30mLevel 1[0m _identify(.) by extension 'ros'
[0.872s] [34mcolcon.colcon_core.package_identification[0m [1;30mLevel 1[0m _identify(.) by extensions ['cmake', 'python']
[0.872s] [34mcolcon.colcon_core.package_identification[0m [1;30mLevel 1[0m _identify(.) by extension 'cmake'
[0.872s] [34mcolcon.colcon_core.package_identification[0m [1;30mLevel 1[0m _identify(.) by extension 'python'
[0.873s] [34mcolcon.colcon_core.package_identification[0m [1;30mLevel 1[0m _identify(.) by extensions ['python_setup_py']
[0.873s] [34mcolcon.colcon_core.package_identification[0m [1;30mLevel 1[0m _identify(.) by extension 'python_setup_py'
[0.873s] [34mcolcon.colcon_core.package_identification[0m [1;30mLevel 1[0m _identify(build) by extensions ['ignore', 'ignore_ament_install']
[0.873s] [34mcolcon.colcon_core.package_identification[0m [1;30mLevel 1[0m _identify(build) by extension 'ignore'
[0.873s] [34mcolcon.colcon_core.package_identification[0m [1;30mLevel 1[0m _identify(build) ignored
[0.873s] [34mcolcon.colcon_core.package_identification[0m [1;30mLevel 1[0m _identify(install) by extensions ['ignore', 'ignore_ament_install']
[0.874s] [34mcolcon.colcon_core.package_identification[0m [1;30mLevel 1[0m _identify(install) by extension 'ignore'
[0.874s] [34mcolcon.colcon_core.package_identification[0m [1;30mLevel 1[0m _identify(install) ignored
[0.874s] [34mcolcon.colcon_core.package_identification[0m [1;30mLevel 1[0m _identify(log) by extensions ['ignore', 'ignore_ament_install']
[0.874s] [34mcolcon.colcon_core.package_identification[0m [1;30mLevel 1[0m _identify(log) by extension 'ignore'
[0.874s] [34mcolcon.colcon_core.package_identification[0m [1;30mLevel 1[0m _identify(log) ignored
[0.874s] [34mcolcon.colcon_core.package_identification[0m [1;30mLevel 1[0m _identify(src) by extensions ['ignore', 'ignore_ament_install']
[0.875s] [34mcolcon.colcon_core.package_identification[0m [1;30mLevel 1[0m _identify(src) by extension 'ignore'
[0.875s] [34mcolcon.colcon_core.package_identification[0m [1;30mLevel 1[0m _identify(src) by extension 'ignore_ament_install'
[0.875s] [34mcolcon.colcon_core.package_identification[0m [1;30mLevel 1[0m _identify(src) by extensions ['colcon_pkg']
[0.875s] [34mcolcon.colcon_core.package_identification[0m [1;30mLevel 1[0m _identify(src) by extension 'colcon_pkg'
[0.875s] [34mcolcon.colcon_core.package_identification[0m [1;30mLevel 1[0m _identify(src) by extensions ['colcon_meta']
[0.875s] [34mcolcon.colcon_core.package_identification[0m [1;30mLevel 1[0m _identify(src) by extension 'colcon_meta'
[0.875s] [34mcolcon.colcon_core.package_identification[0m [1;30mLevel 1[0m _identify(src) by extensions ['ros']
[0.875s] [34mcolcon.colcon_core.package_identification[0m [1;30mLevel 1[0m _identify(src) by extension 'ros'
[0.875s] [34mcolcon.colcon_core.package_identification[0m [1;30mLevel 1[0m _identify(src) by extensions ['cmake', 'python']
[0.875s] [34mcolcon.colcon_core.package_identification[0m [1;30mLevel 1[0m _identify(src) by extension 'cmake'
[0.875s] [34mcolcon.colcon_core.package_identification[0m [1;30mLevel 1[0m _identify(src) by extension 'python'
[0.876s] [34mcolcon.colcon_core.package_identification[0m [1;30mLevel 1[0m _identify(src) by extensions ['python_setup_py']
[0.876s] [34mcolcon.colcon_core.package_identification[0m [1;30mLevel 1[0m _identify(src) by extension 'python_setup_py'
[0.876s] [34mcolcon.colcon_core.package_identification[0m [1;30mLevel 1[0m _identify(src\ap_interfaces) by extensions ['ignore', 'ignore_ament_install']
[0.876s] [34mcolcon.colcon_core.package_identification[0m [1;30mLevel 1[0m _identify(src\ap_interfaces) by extension 'ignore'
[0.876s] [34mcolcon.colcon_core.package_identification[0m [1;30mLevel 1[0m _identify(src\ap_interfaces) by extension 'ignore_ament_install'
[0.876s] [34mcolcon.colcon_core.package_identification[0m [1;30mLevel 1[0m _identify(src\ap_interfaces) by extensions ['colcon_pkg']
[0.876s] [34mcolcon.colcon_core.package_identification[0m [1;30mLevel 1[0m _identify(src\ap_interfaces) by extension 'colcon_pkg'
[0.876s] [34mcolcon.colcon_core.package_identification[0m [1;30mLevel 1[0m _identify(src\ap_interfaces) by extensions ['colcon_meta']
[0.876s] [34mcolcon.colcon_core.package_identification[0m [1;30mLevel 1[0m _identify(src\ap_interfaces) by extension 'colcon_meta'
[0.877s] [34mcolcon.colcon_core.package_identification[0m [1;30mLevel 1[0m _identify(src\ap_interfaces) by extensions ['ros']
[0.877s] [34mcolcon.colcon_core.package_identification[0m [1;30mLevel 1[0m _identify(src\ap_interfaces) by extension 'ros'
[0.886s] [34mcolcon.colcon_core.package_identification[0m [1;30mDEBUG[0m [32mPackage 'src\ap_interfaces' with type 'ros.ament_cmake' and name 'ap_interfaces'[0m
[0.887s] [34mcolcon.colcon_core.package_discovery[0m [1;30mLevel 1[0m discover_packages(recursive) using defaults
[0.887s] [34mcolcon.colcon_core.package_discovery[0m [1;30mLevel 1[0m discover_packages(ignore) discover
[0.887s] [34mcolcon.colcon_core.package_discovery[0m [1;30mLevel 1[0m discover_packages(ignore) using defaults
[0.887s] [34mcolcon.colcon_core.package_discovery[0m [1;30mLevel 1[0m discover_packages(path) discover
[0.887s] [34mcolcon.colcon_core.package_discovery[0m [1;30mLevel 1[0m discover_packages(path) using defaults
[0.919s] [34mcolcon.colcon_core.verb[0m [1;30mLevel 5[0m set package 'ap_interfaces' build argument 'cmake_args' from command line to 'None'
[0.919s] [34mcolcon.colcon_core.verb[0m [1;30mLevel 5[0m set package 'ap_interfaces' build argument 'cmake_target' from command line to 'None'
[0.920s] [34mcolcon.colcon_core.verb[0m [1;30mLevel 5[0m set package 'ap_interfaces' build argument 'cmake_target_skip_unavailable' from command line to 'False'
[0.920s] [34mcolcon.colcon_core.verb[0m [1;30mLevel 5[0m set package 'ap_interfaces' build argument 'cmake_clean_cache' from command line to 'False'
[0.920s] [34mcolcon.colcon_core.verb[0m [1;30mLevel 5[0m set package 'ap_interfaces' build argument 'cmake_clean_first' from command line to 'False'
[0.920s] [34mcolcon.colcon_core.verb[0m [1;30mLevel 5[0m set package 'ap_interfaces' build argument 'cmake_force_configure' from command line to 'False'
[0.920s] [34mcolcon.colcon_core.verb[0m [1;30mLevel 5[0m set package 'ap_interfaces' build argument 'ament_cmake_args' from command line to 'None'
[0.920s] [34mcolcon.colcon_core.verb[0m [1;30mLevel 5[0m set package 'ap_interfaces' build argument 'catkin_cmake_args' from command line to 'None'
[0.920s] [34mcolcon.colcon_core.verb[0m [1;30mLevel 5[0m set package 'ap_interfaces' build argument 'catkin_skip_building_tests' from command line to 'False'
[0.920s] [34mcolcon.colcon_core.verb[0m [1;30mDEBUG[0m [32mBuilding package 'ap_interfaces' with the following arguments: {'ament_cmake_args': None, 'build_base': 'C:\\Users\\ifate\\Documents\\ros2_airplay\\build\\ap_interfaces', 'catkin_cmake_args': None, 'catkin_skip_building_tests': False, 'cmake_args': None, 'cmake_clean_cache': False, 'cmake_clean_first': False, 'cmake_force_configure': False, 'cmake_target': None, 'cmake_target_skip_unavailable': False, 'install_base': 'C:\\Users\\ifate\\Documents\\ros2_airplay\\install', 'merge_install': True, 'path': 'C:\\Users\\ifate\\Documents\\ros2_airplay\\src\\ap_interfaces', 'symlink_install': False, 'test_result_base': None}[0m
[0.923s] [34mcolcon.colcon_core.executor[0m [1;30mINFO[0m Executing jobs using 'parallel' executor
[0.948s] [34mcolcon.colcon_parallel_executor.executor.parallel[0m [1;30mDEBUG[0m [32mrun_until_complete[0m
[0.948s] [34mcolcon.colcon_ros.task.ament_cmake.build[0m [1;30mINFO[0m Building ROS package in 'C:\Users\ifate\Documents\ros2_airplay\src\ap_interfaces' with build type 'ament_cmake'
[0.949s] [34mcolcon.colcon_cmake.task.cmake.build[0m [1;30mINFO[0m Building CMake package in 'C:\Users\ifate\Documents\ros2_airplay\src\ap_interfaces'
[0.957s] [34mcolcon.colcon_core.plugin_system[0m [1;30mINFO[0m Skipping extension 'colcon_core.shell.sh': Not used on Windows systems
[0.957s] [34mcolcon.colcon_core.shell[0m [1;30mINFO[0m Skip shell extension 'powershell' for command environment: Not usable outside of PowerShell
[0.969s] [34mcolcon.colcon_ros.prefix_path.catkin[0m [1;30mWARNING[0m [33mThe path 'C:\opt\ros\foxy\x64\tools\vcpkg\installed\x64-windows' in the environment variable CMAKE_PREFIX_PATH doesn't exist[0m
[1.037s] [34mcolcon.colcon_core.event_handler.log_command[0m [1;30mDEBUG[0m [32mInvoking command in 'C:\Users\ifate\Documents\ros2_airplay\build\ap_interfaces': c:\opt\ros\foxy\x64\Scripts\cmake.EXE C:\Users\ifate\Documents\ros2_airplay\src\ap_interfaces -DCMAKE_INSTALL_PREFIX=C:\Users\ifate\Documents\ros2_airplay\install[0m
[5.245s] [34mcolcon.colcon_core.event_handler.log_command[0m [1;30mDEBUG[0m [32mInvoked command in 'C:\Users\ifate\Documents\ros2_airplay\build\ap_interfaces' returned '0': c:\opt\ros\foxy\x64\Scripts\cmake.EXE C:\Users\ifate\Documents\ros2_airplay\src\ap_interfaces -DCMAKE_INSTALL_PREFIX=C:\Users\ifate\Documents\ros2_airplay\install[0m
[5.248s] [34mcolcon.colcon_core.event_handler.log_command[0m [1;30mDEBUG[0m [32mInvoking command in 'C:\Users\ifate\Documents\ros2_airplay\build\ap_interfaces': CL=/MP c:\opt\ros\foxy\x64\Scripts\cmake.EXE --build C:\Users\ifate\Documents\ros2_airplay\build\ap_interfaces --config Release[0m
[13.211s] [34mcolcon.colcon_core.event_handler.log_command[0m [1;30mDEBUG[0m [32mInvoked command in 'C:\Users\ifate\Documents\ros2_airplay\build\ap_interfaces' returned '0': CL=/MP c:\opt\ros\foxy\x64\Scripts\cmake.EXE --build C:\Users\ifate\Documents\ros2_airplay\build\ap_interfaces --config Release[0m
[13.364s] [34mcolcon.colcon_core.event_handler.log_command[0m [1;30mDEBUG[0m [32mInvoking command in 'C:\Users\ifate\Documents\ros2_airplay\build\ap_interfaces': c:\opt\ros\foxy\x64\Scripts\cmake.EXE --install C:\Users\ifate\Documents\ros2_airplay\build\ap_interfaces --config Release[0m
[13.754s] [34mcolcon.colcon_core.environment[0m [1;30mLevel 1[0m create_environment_scripts_only(ap_interfaces)
[13.757s] [34mcolcon.colcon_core.event_handler.log_command[0m [1;30mDEBUG[0m [32mInvoked command in 'C:\Users\ifate\Documents\ros2_airplay\build\ap_interfaces' returned '0': c:\opt\ros\foxy\x64\Scripts\cmake.EXE --install C:\Users\ifate\Documents\ros2_airplay\build\ap_interfaces --config Release[0m
[13.776s] [34mcolcon.colcon_core.environment[0m [1;30mLevel 1[0m checking 'C:\Users\ifate\Documents\ros2_airplay\install' for CMake module files
[13.780s] [34mcolcon.colcon_core.environment[0m [1;30mLevel 1[0m checking 'C:\Users\ifate\Documents\ros2_airplay\install' for CMake config files
[13.782s] [34mcolcon.colcon_core.shell[0m [1;30mLevel 1[0m create_environment_hook('ap_interfaces', 'cmake_prefix_path')
[13.789s] [34mcolcon.colcon_core.shell[0m [1;30mINFO[0m Creating environment hook 'C:\Users\ifate\Documents\ros2_airplay\install\share\ap_interfaces\hook\cmake_prefix_path.ps1'
[13.790s] [34mcolcon.colcon_core.shell[0m [1;30mINFO[0m Creating environment hook 'C:\Users\ifate\Documents\ros2_airplay\install\share\ap_interfaces\hook\cmake_prefix_path.bat'
[13.792s] [34mcolcon.colcon_core.shell[0m [1;30mINFO[0m Creating environment descriptor 'C:\Users\ifate\Documents\ros2_airplay\install\share\ap_interfaces\hook\cmake_prefix_path.dsv'
[13.793s] [34mcolcon.colcon_core.environment[0m [1;30mLevel 1[0m checking 'C:\Users\ifate\Documents\ros2_airplay\install\bin'
[13.793s] [34mcolcon.colcon_core.shell[0m [1;30mLevel 1[0m create_environment_hook('ap_interfaces', 'path_dll')
[13.800s] [34mcolcon.colcon_core.shell[0m [1;30mINFO[0m Creating environment hook 'C:\Users\ifate\Documents\ros2_airplay\install\share\ap_interfaces\hook\path_dll.ps1'
[13.801s] [34mcolcon.colcon_core.shell[0m [1;30mINFO[0m Creating environment hook 'C:\Users\ifate\Documents\ros2_airplay\install\share\ap_interfaces\hook\path_dll.bat'
[13.802s] [34mcolcon.colcon_core.shell[0m [1;30mINFO[0m Creating environment descriptor 'C:\Users\ifate\Documents\ros2_airplay\install\share\ap_interfaces\hook\path_dll.dsv'
[13.803s] [34mcolcon.colcon_core.environment[0m [1;30mLevel 1[0m checking 'C:\Users\ifate\Documents\ros2_airplay\install\bin'
[13.803s] [34mcolcon.colcon_core.shell[0m [1;30mLevel 1[0m create_environment_hook('ap_interfaces', 'path')
[13.810s] [34mcolcon.colcon_core.shell[0m [1;30mINFO[0m Creating environment hook 'C:\Users\ifate\Documents\ros2_airplay\install\share\ap_interfaces\hook\path.ps1'
[13.810s] [34mcolcon.colcon_core.shell[0m [1;30mINFO[0m Creating environment hook 'C:\Users\ifate\Documents\ros2_airplay\install\share\ap_interfaces\hook\path.bat'
[13.811s] [34mcolcon.colcon_core.shell[0m [1;30mINFO[0m Creating environment descriptor 'C:\Users\ifate\Documents\ros2_airplay\install\share\ap_interfaces\hook\path.dsv'
[13.812s] [34mcolcon.colcon_core.environment[0m [1;30mLevel 1[0m checking 'C:\Users\ifate\Documents\ros2_airplay\install\Scripts'
[13.813s] [34mcolcon.colcon_core.environment[0m [1;30mLevel 1[0m checking 'C:\Users\ifate\Documents\ros2_airplay\install\lib\pkgconfig\ap_interfaces.pc'
[13.813s] [34mcolcon.colcon_core.environment[0m [1;30mLevel 1[0m checking 'C:\Users\ifate\Documents\ros2_airplay\install\Lib\site-packages'
[13.813s] [34mcolcon.colcon_core.shell[0m [1;30mLevel 1[0m create_environment_hook('ap_interfaces', 'pythonpath')
[13.819s] [34mcolcon.colcon_core.shell[0m [1;30mINFO[0m Creating environment hook 'C:\Users\ifate\Documents\ros2_airplay\install\share\ap_interfaces\hook\pythonpath.ps1'
[13.820s] [34mcolcon.colcon_core.shell[0m [1;30mINFO[0m Creating environment hook 'C:\Users\ifate\Documents\ros2_airplay\install\share\ap_interfaces\hook\pythonpath.bat'
[13.821s] [34mcolcon.colcon_core.shell[0m [1;30mINFO[0m Creating environment descriptor 'C:\Users\ifate\Documents\ros2_airplay\install\share\ap_interfaces\hook\pythonpath.dsv'
[13.830s] [34mcolcon.colcon_core.shell[0m [1;30mINFO[0m Creating package script 'C:\Users\ifate\Documents\ros2_airplay\install\share\ap_interfaces\package.ps1'
[13.832s] [34mcolcon.colcon_core.shell[0m [1;30mINFO[0m Creating package script 'C:\Users\ifate\Documents\ros2_airplay\install\share\ap_interfaces\package.bat'
[13.833s] [34mcolcon.colcon_core.shell[0m [1;30mINFO[0m Creating package descriptor 'C:\Users\ifate\Documents\ros2_airplay\install\share\ap_interfaces\package.dsv'
[13.834s] [34mcolcon.colcon_core.environment[0m [1;30mLevel 1[0m create_file_with_runtime_dependencies(C:\Users\ifate\Documents\ros2_airplay\install\share\colcon-core\packages\ap_interfaces)
[13.842s] [34mcolcon.colcon_core.environment[0m [1;30mLevel 1[0m create_environment_scripts_only(ap_interfaces)
[13.852s] [34mcolcon.colcon_core.environment[0m [1;30mLevel 1[0m checking 'C:\Users\ifate\Documents\ros2_airplay\install' for CMake module files
[13.855s] [34mcolcon.colcon_core.environment[0m [1;30mLevel 1[0m checking 'C:\Users\ifate\Documents\ros2_airplay\install' for CMake config files
[13.857s] [34mcolcon.colcon_core.shell[0m [1;30mLevel 1[0m create_environment_hook('ap_interfaces', 'cmake_prefix_path')
[13.863s] [34mcolcon.colcon_core.shell[0m [1;30mINFO[0m Creating environment hook 'C:\Users\ifate\Documents\ros2_airplay\install\share\ap_interfaces\hook\cmake_prefix_path.ps1'
[13.864s] [34mcolcon.colcon_core.shell[0m [1;30mINFO[0m Creating environment hook 'C:\Users\ifate\Documents\ros2_airplay\install\share\ap_interfaces\hook\cmake_prefix_path.bat'
[13.865s] [34mcolcon.colcon_core.shell[0m [1;30mINFO[0m Creating environment descriptor 'C:\Users\ifate\Documents\ros2_airplay\install\share\ap_interfaces\hook\cmake_prefix_path.dsv'
[13.867s] [34mcolcon.colcon_core.environment[0m [1;30mLevel 1[0m checking 'C:\Users\ifate\Documents\ros2_airplay\install\bin'
[13.867s] [34mcolcon.colcon_core.shell[0m [1;30mLevel 1[0m create_environment_hook('ap_interfaces', 'path_dll')
[13.872s] [34mcolcon.colcon_core.shell[0m [1;30mINFO[0m Creating environment hook 'C:\Users\ifate\Documents\ros2_airplay\install\share\ap_interfaces\hook\path_dll.ps1'
[13.874s] [34mcolcon.colcon_core.shell[0m [1;30mINFO[0m Creating environment hook 'C:\Users\ifate\Documents\ros2_airplay\install\share\ap_interfaces\hook\path_dll.bat'
[13.874s] [34mcolcon.colcon_core.shell[0m [1;30mINFO[0m Creating environment descriptor 'C:\Users\ifate\Documents\ros2_airplay\install\share\ap_interfaces\hook\path_dll.dsv'
[13.875s] [34mcolcon.colcon_core.environment[0m [1;30mLevel 1[0m checking 'C:\Users\ifate\Documents\ros2_airplay\install\bin'
[13.875s] [34mcolcon.colcon_core.shell[0m [1;30mLevel 1[0m create_environment_hook('ap_interfaces', 'path')
[13.881s] [34mcolcon.colcon_core.shell[0m [1;30mINFO[0m Creating environment hook 'C:\Users\ifate\Documents\ros2_airplay\install\share\ap_interfaces\hook\path.ps1'
[13.881s] [34mcolcon.colcon_core.shell[0m [1;30mINFO[0m Creating environment hook 'C:\Users\ifate\Documents\ros2_airplay\install\share\ap_interfaces\hook\path.bat'
[13.882s] [34mcolcon.colcon_core.shell[0m [1;30mINFO[0m Creating environment descriptor 'C:\Users\ifate\Documents\ros2_airplay\install\share\ap_interfaces\hook\path.dsv'
[13.883s] [34mcolcon.colcon_core.environment[0m [1;30mLevel 1[0m checking 'C:\Users\ifate\Documents\ros2_airplay\install\Scripts'
[13.883s] [34mcolcon.colcon_core.environment[0m [1;30mLevel 1[0m checking 'C:\Users\ifate\Documents\ros2_airplay\install\lib\pkgconfig\ap_interfaces.pc'
[13.883s] [34mcolcon.colcon_core.environment[0m [1;30mLevel 1[0m checking 'C:\Users\ifate\Documents\ros2_airplay\install\Lib\site-packages'
[13.883s] [34mcolcon.colcon_core.shell[0m [1;30mLevel 1[0m create_environment_hook('ap_interfaces', 'pythonpath')
[13.889s] [34mcolcon.colcon_core.shell[0m [1;30mINFO[0m Creating environment hook 'C:\Users\ifate\Documents\ros2_airplay\install\share\ap_interfaces\hook\pythonpath.ps1'
[13.890s] [34mcolcon.colcon_core.shell[0m [1;30mINFO[0m Creating environment hook 'C:\Users\ifate\Documents\ros2_airplay\install\share\ap_interfaces\hook\pythonpath.bat'
[13.892s] [34mcolcon.colcon_core.shell[0m [1;30mINFO[0m Creating environment descriptor 'C:\Users\ifate\Documents\ros2_airplay\install\share\ap_interfaces\hook\pythonpath.dsv'
[13.898s] [34mcolcon.colcon_core.shell[0m [1;30mINFO[0m Creating package script 'C:\Users\ifate\Documents\ros2_airplay\install\share\ap_interfaces\package.ps1'
[13.899s] [34mcolcon.colcon_core.shell[0m [1;30mINFO[0m Creating package script 'C:\Users\ifate\Documents\ros2_airplay\install\share\ap_interfaces\package.bat'
[13.900s] [34mcolcon.colcon_core.shell[0m [1;30mINFO[0m Creating package descriptor 'C:\Users\ifate\Documents\ros2_airplay\install\share\ap_interfaces\package.dsv'
[13.902s] [34mcolcon.colcon_core.environment[0m [1;30mLevel 1[0m create_file_with_runtime_dependencies(C:\Users\ifate\Documents\ros2_airplay\install\share\colcon-core\packages\ap_interfaces)
[13.902s] [34mcolcon.colcon_parallel_executor.executor.parallel[0m [1;30mDEBUG[0m [32mrun_until_complete finished with '0'[0m
[13.902s] [34mcolcon.colcon_core.event_reactor[0m [1;30mDEBUG[0m [32mjoining thread[0m
[13.917s] [34mcolcon.colcon_core.plugin_system[0m [1;30mINFO[0m Skipping extension 'colcon_notification.desktop_notification.notify2': 'notify2' not found
[13.917s] [34mcolcon.colcon_core.plugin_system[0m [1;30mINFO[0m Skipping extension 'colcon_notification.desktop_notification.notify_send': Not used on non-Linux systems
[13.917s] [34mcolcon.colcon_core.plugin_system[0m [1;30mINFO[0m Skipping extension 'colcon_notification.desktop_notification.terminal_notifier': Not used on non-Darwin systems
[13.917s] [34mcolcon.colcon_notification.desktop_notification[0m [1;30mINFO[0m Sending desktop notification using 'win32'
[19.058s] [34mcolcon.colcon_core.event_reactor[0m [1;30mDEBUG[0m [32mjoined thread[0m
[19.065s] [34mcolcon.colcon_core.shell[0m [1;30mINFO[0m Creating prefix script 'C:\Users\ifate\Documents\ros2_airplay\install\local_setup.ps1'
[19.068s] [34mcolcon.colcon_core.shell[0m [1;30mINFO[0m Creating prefix util module 'C:\Users\ifate\Documents\ros2_airplay\install\_local_setup_util_ps1.py'
[19.069s] [34mcolcon.colcon_core.shell[0m [1;30mINFO[0m Creating prefix chain script 'C:\Users\ifate\Documents\ros2_airplay\install\setup.ps1'
[19.078s] [34mcolcon.colcon_core.shell[0m [1;30mINFO[0m Creating prefix script 'C:\Users\ifate\Documents\ros2_airplay\install\local_setup.bat'
[19.079s] [34mcolcon.colcon_core.shell[0m [1;30mINFO[0m Creating prefix util module 'C:\Users\ifate\Documents\ros2_airplay\install\_local_setup_util_bat.py'
[19.080s] [34mcolcon.colcon_core.shell[0m [1;30mINFO[0m Creating prefix chain script 'C:\Users\ifate\Documents\ros2_airplay\install\setup.bat'
